Info) VMD for LINUXAMD64, version 1.9.3a3 (April 28, 2016)
Info) http://www.ks.uiuc.edu/Research/vmd/                         
Info) Email questions and bug reports to vmd@ks.uiuc.edu           
Info) Please include this reference in published work using VMD:   
Info)    Humphrey, W., Dalke, A. and Schulten, K., `VMD - Visual   
Info)    Molecular Dynamics', J. Molec. Graphics 1996, 14.1, 33-38.
Info) -------------------------------------------------------------
Info) Multithreading available, 16 CPUs detected.
Info) Free system memory: 113781MB (88%)
Info) Using plugin pdb for structure file /scratch/PI/rondror/akma327/DynamicNetworks/data/DynamicNetworksOutput/InteractionOutput/DOR-inactive-naltrindole-unpublished/condition-naltrindole-bound/step5_assembly.pdb
Info) Using plugin pdb for coordinates from file /scratch/PI/rondror/akma327/DynamicNetworks/data/DynamicNetworksOutput/InteractionOutput/DOR-inactive-naltrindole-unpublished/condition-naltrindole-bound/step5_assembly.pdb
Info) Determining bond structure from distance search ...
Info) Finished with coordinate file /scratch/PI/rondror/akma327/DynamicNetworks/data/DynamicNetworksOutput/InteractionOutput/DOR-inactive-naltrindole-unpublished/condition-naltrindole-bound/step5_assembly.pdb.
Info) Analyzing structure ...
Info)    Atoms: 55451
Info)    Bonds: 44654
Info)    Angles: 0  Dihedrals: 0  Impropers: 0  Cross-terms: 0
Info)    Bondtypes: 0  Angletypes: 0  Dihedraltypes: 0  Impropertypes: 0
Info)    Residues: 11506
Info)    Waters: 11005
Warning) Unusual bond between residues:  35 (none) and 36 (protein)
Warning) Unusual bond between residues:  338 (protein) and 339 (none)
Info)    Segments: 6
Info)    Fragments: 11184   Protein: 1   Nucleic: 0
netcdfplugin) conventions: 'AMBER'
netcdfplugin) trajectory follows AMBER conventions version '1.0'
netcdfplugin) AMBER: program 'cpptraj'
netcdfplugin) AMBER: program version 'V15.0'
netcdfplugin) AMBER: title 'Cpptraj Generated trajectory'
netcdfplugin) AMBER: application 'AMBER'
netcdfplugin) AMBER: spatial dimension: 3
netcdfplugin) AMBER: atom dimension: 55451
netcdfplugin) AMBER: frame dimension: 21
netcdfplugin) AMBER: coordinates units: 'angstrom'
netcdfplugin) AMBER trajectory contains periodic cell information
netcdfplugin) AMBER: cell lengths units: 'angstrom'
netcdfplugin) AMBER: cell angles units: 'degree'
Info) Using plugin netcdf for coordinates from file /scratch/PI/rondror/akma327/DynamicNetworks/data/DynamicNetworksOutput/InteractionOutput/DOR-inactive-naltrindole-unpublished/condition-naltrindole-bound/rep_2/Prod_0/Prod_0_reimaged.nc
Info) Finished with coordinate file /scratch/PI/rondror/akma327/DynamicNetworks/data/DynamicNetworksOutput/InteractionOutput/DOR-inactive-naltrindole-unpublished/condition-naltrindole-bound/rep_2/Prod_0/Prod_0_reimaged.nc.
Info) Opened coordinate file /scratch/PI/rondror/akma327/DynamicNetworks/data/DynamicNetworksOutput/AlignedAmberTraj/DOR-inactive-naltrindole-unpublished/rep_2/Prod_0/Prod_0_reimaged.dcd for writing.
Info) Finished with coordinate file /scratch/PI/rondror/akma327/DynamicNetworks/data/DynamicNetworksOutput/AlignedAmberTraj/DOR-inactive-naltrindole-unpublished/rep_2/Prod_0/Prod_0_reimaged.dcd.
Time for wrapAlign.py = 0.2
Info) VMD for LINUXAMD64, version 1.9.3a3 (April 28, 2016)
Info) http://www.ks.uiuc.edu/Research/vmd/                         
Info) Email questions and bug reports to vmd@ks.uiuc.edu           
Info) Please include this reference in published work using VMD:   
Info)    Humphrey, W., Dalke, A. and Schulten, K., `VMD - Visual   
Info)    Molecular Dynamics', J. Molec. Graphics 1996, 14.1, 33-38.
Info) -------------------------------------------------------------
Info) Multithreading available, 16 CPUs detected.
Info) Free system memory: 113784MB (88%)
Info) Using plugin pdb for structure file /scratch/PI/rondror/akma327/DynamicNetworks/data/DynamicNetworksOutput/InteractionOutput/DOR-inactive-naltrindole-unpublished/condition-naltrindole-bound/step5_assembly.pdb
Info) Using plugin pdb for coordinates from file /scratch/PI/rondror/akma327/DynamicNetworks/data/DynamicNetworksOutput/InteractionOutput/DOR-inactive-naltrindole-unpublished/condition-naltrindole-bound/step5_assembly.pdb
Info) Determining bond structure from distance search ...
Info) Finished with coordinate file /scratch/PI/rondror/akma327/DynamicNetworks/data/DynamicNetworksOutput/InteractionOutput/DOR-inactive-naltrindole-unpublished/condition-naltrindole-bound/step5_assembly.pdb.
Info) Analyzing structure ...
Info)    Atoms: 55451
Info)    Bonds: 44654
Info)    Angles: 0  Dihedrals: 0  Impropers: 0  Cross-terms: 0
Info)    Bondtypes: 0  Angletypes: 0  Dihedraltypes: 0  Impropertypes: 0
Info)    Residues: 11506
Info)    Waters: 11005
Warning) Unusual bond between residues:  35 (none) and 36 (protein)
Warning) Unusual bond between residues:  338 (protein) and 339 (none)
Info)    Segments: 6
Info)    Fragments: 11184   Protein: 1   Nucleic: 0
netcdfplugin) conventions: 'AMBER'
netcdfplugin) trajectory follows AMBER conventions version '1.0'
netcdfplugin) AMBER: program 'cpptraj'
netcdfplugin) AMBER: program version 'V15.0'
netcdfplugin) AMBER: title 'Cpptraj Generated trajectory'
netcdfplugin) AMBER: application 'AMBER'
netcdfplugin) AMBER: spatial dimension: 3
netcdfplugin) AMBER: atom dimension: 55451
netcdfplugin) AMBER: frame dimension: 174
netcdfplugin) AMBER: coordinates units: 'angstrom'
netcdfplugin) AMBER trajectory contains periodic cell information
netcdfplugin) AMBER: cell lengths units: 'angstrom'
netcdfplugin) AMBER: cell angles units: 'degree'
Info) Using plugin netcdf for coordinates from file /scratch/PI/rondror/akma327/DynamicNetworks/data/DynamicNetworksOutput/InteractionOutput/DOR-inactive-naltrindole-unpublished/condition-naltrindole-bound/rep_2/Prod_1/Prod_1_reimaged.nc
Info) Finished with coordinate file /scratch/PI/rondror/akma327/DynamicNetworks/data/DynamicNetworksOutput/InteractionOutput/DOR-inactive-naltrindole-unpublished/condition-naltrindole-bound/rep_2/Prod_1/Prod_1_reimaged.nc.
Info) Opened coordinate file /scratch/PI/rondror/akma327/DynamicNetworks/data/DynamicNetworksOutput/AlignedAmberTraj/DOR-inactive-naltrindole-unpublished/rep_2/Prod_1/Prod_1_reimaged.dcd for writing.
Info) Finished with coordinate file /scratch/PI/rondror/akma327/DynamicNetworks/data/DynamicNetworksOutput/AlignedAmberTraj/DOR-inactive-naltrindole-unpublished/rep_2/Prod_1/Prod_1_reimaged.dcd.
Time for wrapAlign.py = 0.63
Info) VMD for LINUXAMD64, version 1.9.3a3 (April 28, 2016)
Info) http://www.ks.uiuc.edu/Research/vmd/                         
Info) Email questions and bug reports to vmd@ks.uiuc.edu           
Info) Please include this reference in published work using VMD:   
Info)    Humphrey, W., Dalke, A. and Schulten, K., `VMD - Visual   
Info)    Molecular Dynamics', J. Molec. Graphics 1996, 14.1, 33-38.
Info) -------------------------------------------------------------
Info) Multithreading available, 16 CPUs detected.
Info) Free system memory: 113784MB (88%)
Info) Using plugin pdb for structure file /scratch/PI/rondror/akma327/DynamicNetworks/data/DynamicNetworksOutput/InteractionOutput/DOR-inactive-naltrindole-unpublished/condition-naltrindole-bound/step5_assembly.pdb
Info) Using plugin pdb for coordinates from file /scratch/PI/rondror/akma327/DynamicNetworks/data/DynamicNetworksOutput/InteractionOutput/DOR-inactive-naltrindole-unpublished/condition-naltrindole-bound/step5_assembly.pdb
Info) Determining bond structure from distance search ...
Info) Finished with coordinate file /scratch/PI/rondror/akma327/DynamicNetworks/data/DynamicNetworksOutput/InteractionOutput/DOR-inactive-naltrindole-unpublished/condition-naltrindole-bound/step5_assembly.pdb.
Info) Analyzing structure ...
Info)    Atoms: 55451
Info)    Bonds: 44654
Info)    Angles: 0  Dihedrals: 0  Impropers: 0  Cross-terms: 0
Info)    Bondtypes: 0  Angletypes: 0  Dihedraltypes: 0  Impropertypes: 0
Info)    Residues: 11506
Info)    Waters: 11005
Warning) Unusual bond between residues:  35 (none) and 36 (protein)
Warning) Unusual bond between residues:  338 (protein) and 339 (none)
Info)    Segments: 6
Info)    Fragments: 11184   Protein: 1   Nucleic: 0
netcdfplugin) conventions: 'AMBER'
netcdfplugin) trajectory follows AMBER conventions version '1.0'
netcdfplugin) AMBER: program 'cpptraj'
netcdfplugin) AMBER: program version 'V15.0'
netcdfplugin) AMBER: title 'Cpptraj Generated trajectory'
netcdfplugin) AMBER: application 'AMBER'
netcdfplugin) AMBER: spatial dimension: 3
netcdfplugin) AMBER: atom dimension: 55451
netcdfplugin) AMBER: frame dimension: 289
netcdfplugin) AMBER: coordinates units: 'angstrom'
netcdfplugin) AMBER trajectory contains periodic cell information
netcdfplugin) AMBER: cell lengths units: 'angstrom'
netcdfplugin) AMBER: cell angles units: 'degree'
Info) Using plugin netcdf for coordinates from file /scratch/PI/rondror/akma327/DynamicNetworks/data/DynamicNetworksOutput/InteractionOutput/DOR-inactive-naltrindole-unpublished/condition-naltrindole-bound/rep_2/Prod_2/Prod_2_reimaged.nc
Info) Finished with coordinate file /scratch/PI/rondror/akma327/DynamicNetworks/data/DynamicNetworksOutput/InteractionOutput/DOR-inactive-naltrindole-unpublished/condition-naltrindole-bound/rep_2/Prod_2/Prod_2_reimaged.nc.
Info) Opened coordinate file /scratch/PI/rondror/akma327/DynamicNetworks/data/DynamicNetworksOutput/AlignedAmberTraj/DOR-inactive-naltrindole-unpublished/rep_2/Prod_2/Prod_2_reimaged.dcd for writing.
Info) Finished with coordinate file /scratch/PI/rondror/akma327/DynamicNetworks/data/DynamicNetworksOutput/AlignedAmberTraj/DOR-inactive-naltrindole-unpublished/rep_2/Prod_2/Prod_2_reimaged.dcd.
Time for wrapAlign.py = 0.95
Info) VMD for LINUXAMD64, version 1.9.3a3 (April 28, 2016)
Info) http://www.ks.uiuc.edu/Research/vmd/                         
Info) Email questions and bug reports to vmd@ks.uiuc.edu           
Info) Please include this reference in published work using VMD:   
Info)    Humphrey, W., Dalke, A. and Schulten, K., `VMD - Visual   
Info)    Molecular Dynamics', J. Molec. Graphics 1996, 14.1, 33-38.
Info) -------------------------------------------------------------
Info) Multithreading available, 16 CPUs detected.
Info) Free system memory: 113781MB (88%)
Info) Using plugin pdb for structure file /scratch/PI/rondror/akma327/DynamicNetworks/data/DynamicNetworksOutput/InteractionOutput/DOR-inactive-naltrindole-unpublished/condition-naltrindole-bound/step5_assembly.pdb
Info) Using plugin pdb for coordinates from file /scratch/PI/rondror/akma327/DynamicNetworks/data/DynamicNetworksOutput/InteractionOutput/DOR-inactive-naltrindole-unpublished/condition-naltrindole-bound/step5_assembly.pdb
Info) Determining bond structure from distance search ...
Info) Finished with coordinate file /scratch/PI/rondror/akma327/DynamicNetworks/data/DynamicNetworksOutput/InteractionOutput/DOR-inactive-naltrindole-unpublished/condition-naltrindole-bound/step5_assembly.pdb.
Info) Analyzing structure ...
Info)    Atoms: 55451
Info)    Bonds: 44654
Info)    Angles: 0  Dihedrals: 0  Impropers: 0  Cross-terms: 0
Info)    Bondtypes: 0  Angletypes: 0  Dihedraltypes: 0  Impropertypes: 0
Info)    Residues: 11506
Info)    Waters: 11005
Warning) Unusual bond between residues:  35 (none) and 36 (protein)
Warning) Unusual bond between residues:  338 (protein) and 339 (none)
Info)    Segments: 6
Info)    Fragments: 11184   Protein: 1   Nucleic: 0
netcdfplugin) conventions: 'AMBER'
netcdfplugin) trajectory follows AMBER conventions version '1.0'
netcdfplugin) AMBER: program 'cpptraj'
netcdfplugin) AMBER: program version 'V15.0'
netcdfplugin) AMBER: title 'Cpptraj Generated trajectory'
netcdfplugin) AMBER: application 'AMBER'
netcdfplugin) AMBER: spatial dimension: 3
netcdfplugin) AMBER: atom dimension: 55451
netcdfplugin) AMBER: frame dimension: 285
netcdfplugin) AMBER: coordinates units: 'angstrom'
netcdfplugin) AMBER trajectory contains periodic cell information
netcdfplugin) AMBER: cell lengths units: 'angstrom'
netcdfplugin) AMBER: cell angles units: 'degree'
Info) Using plugin netcdf for coordinates from file /scratch/PI/rondror/akma327/DynamicNetworks/data/DynamicNetworksOutput/InteractionOutput/DOR-inactive-naltrindole-unpublished/condition-naltrindole-bound/rep_2/Prod_3/Prod_3_reimaged.nc
Info) Finished with coordinate file /scratch/PI/rondror/akma327/DynamicNetworks/data/DynamicNetworksOutput/InteractionOutput/DOR-inactive-naltrindole-unpublished/condition-naltrindole-bound/rep_2/Prod_3/Prod_3_reimaged.nc.
Info) Opened coordinate file /scratch/PI/rondror/akma327/DynamicNetworks/data/DynamicNetworksOutput/AlignedAmberTraj/DOR-inactive-naltrindole-unpublished/rep_2/Prod_3/Prod_3_reimaged.dcd for writing.
Info) Finished with coordinate file /scratch/PI/rondror/akma327/DynamicNetworks/data/DynamicNetworksOutput/AlignedAmberTraj/DOR-inactive-naltrindole-unpublished/rep_2/Prod_3/Prod_3_reimaged.dcd.
Time for wrapAlign.py = 0.94
Info) VMD for LINUXAMD64, version 1.9.3a3 (April 28, 2016)
Info) http://www.ks.uiuc.edu/Research/vmd/                         
Info) Email questions and bug reports to vmd@ks.uiuc.edu           
Info) Please include this reference in published work using VMD:   
Info)    Humphrey, W., Dalke, A. and Schulten, K., `VMD - Visual   
Info)    Molecular Dynamics', J. Molec. Graphics 1996, 14.1, 33-38.
Info) -------------------------------------------------------------
Info) Multithreading available, 16 CPUs detected.
Info) Free system memory: 113787MB (88%)
Info) Using plugin pdb for structure file /scratch/PI/rondror/akma327/DynamicNetworks/data/DynamicNetworksOutput/InteractionOutput/DOR-inactive-naltrindole-unpublished/condition-naltrindole-bound/step5_assembly.pdb
Info) Using plugin pdb for coordinates from file /scratch/PI/rondror/akma327/DynamicNetworks/data/DynamicNetworksOutput/InteractionOutput/DOR-inactive-naltrindole-unpublished/condition-naltrindole-bound/step5_assembly.pdb
Info) Determining bond structure from distance search ...
Info) Finished with coordinate file /scratch/PI/rondror/akma327/DynamicNetworks/data/DynamicNetworksOutput/InteractionOutput/DOR-inactive-naltrindole-unpublished/condition-naltrindole-bound/step5_assembly.pdb.
Info) Analyzing structure ...
Info)    Atoms: 55451
Info)    Bonds: 44654
Info)    Angles: 0  Dihedrals: 0  Impropers: 0  Cross-terms: 0
Info)    Bondtypes: 0  Angletypes: 0  Dihedraltypes: 0  Impropertypes: 0
Info)    Residues: 11506
Info)    Waters: 11005
Warning) Unusual bond between residues:  35 (none) and 36 (protein)
Warning) Unusual bond between residues:  338 (protein) and 339 (none)
Info)    Segments: 6
Info)    Fragments: 11184   Protein: 1   Nucleic: 0
netcdfplugin) conventions: 'AMBER'
netcdfplugin) trajectory follows AMBER conventions version '1.0'
netcdfplugin) AMBER: program 'cpptraj'
netcdfplugin) AMBER: program version 'V15.0'
netcdfplugin) AMBER: title 'Cpptraj Generated trajectory'
netcdfplugin) AMBER: application 'AMBER'
netcdfplugin) AMBER: spatial dimension: 3
netcdfplugin) AMBER: atom dimension: 55451
netcdfplugin) AMBER: frame dimension: 288
netcdfplugin) AMBER: coordinates units: 'angstrom'
netcdfplugin) AMBER trajectory contains periodic cell information
netcdfplugin) AMBER: cell lengths units: 'angstrom'
netcdfplugin) AMBER: cell angles units: 'degree'
Info) Using plugin netcdf for coordinates from file /scratch/PI/rondror/akma327/DynamicNetworks/data/DynamicNetworksOutput/InteractionOutput/DOR-inactive-naltrindole-unpublished/condition-naltrindole-bound/rep_2/Prod_4/Prod_4_reimaged.nc
Info) Finished with coordinate file /scratch/PI/rondror/akma327/DynamicNetworks/data/DynamicNetworksOutput/InteractionOutput/DOR-inactive-naltrindole-unpublished/condition-naltrindole-bound/rep_2/Prod_4/Prod_4_reimaged.nc.
Info) Opened coordinate file /scratch/PI/rondror/akma327/DynamicNetworks/data/DynamicNetworksOutput/AlignedAmberTraj/DOR-inactive-naltrindole-unpublished/rep_2/Prod_4/Prod_4_reimaged.dcd for writing.
Info) Finished with coordinate file /scratch/PI/rondror/akma327/DynamicNetworks/data/DynamicNetworksOutput/AlignedAmberTraj/DOR-inactive-naltrindole-unpublished/rep_2/Prod_4/Prod_4_reimaged.dcd.
Time for wrapAlign.py = 0.94
Info) VMD for LINUXAMD64, version 1.9.3a3 (April 28, 2016)
Info) http://www.ks.uiuc.edu/Research/vmd/                         
Info) Email questions and bug reports to vmd@ks.uiuc.edu           
Info) Please include this reference in published work using VMD:   
Info)    Humphrey, W., Dalke, A. and Schulten, K., `VMD - Visual   
Info)    Molecular Dynamics', J. Molec. Graphics 1996, 14.1, 33-38.
Info) -------------------------------------------------------------
Info) Multithreading available, 16 CPUs detected.
Info) Free system memory: 113818MB (88%)
Info) Using plugin pdb for structure file /scratch/PI/rondror/akma327/DynamicNetworks/data/DynamicNetworksOutput/InteractionOutput/DOR-inactive-naltrindole-unpublished/condition-naltrindole-bound/step5_assembly.pdb
Info) Using plugin pdb for coordinates from file /scratch/PI/rondror/akma327/DynamicNetworks/data/DynamicNetworksOutput/InteractionOutput/DOR-inactive-naltrindole-unpublished/condition-naltrindole-bound/step5_assembly.pdb
Info) Determining bond structure from distance search ...
Info) Finished with coordinate file /scratch/PI/rondror/akma327/DynamicNetworks/data/DynamicNetworksOutput/InteractionOutput/DOR-inactive-naltrindole-unpublished/condition-naltrindole-bound/step5_assembly.pdb.
Info) Analyzing structure ...
Info)    Atoms: 55451
Info)    Bonds: 44654
Info)    Angles: 0  Dihedrals: 0  Impropers: 0  Cross-terms: 0
Info)    Bondtypes: 0  Angletypes: 0  Dihedraltypes: 0  Impropertypes: 0
Info)    Residues: 11506
Info)    Waters: 11005
Warning) Unusual bond between residues:  35 (none) and 36 (protein)
Warning) Unusual bond between residues:  338 (protein) and 339 (none)
Info)    Segments: 6
Info)    Fragments: 11184   Protein: 1   Nucleic: 0
netcdfplugin) conventions: 'AMBER'
netcdfplugin) trajectory follows AMBER conventions version '1.0'
netcdfplugin) AMBER: program 'cpptraj'
netcdfplugin) AMBER: program version 'V15.0'
netcdfplugin) AMBER: title 'Cpptraj Generated trajectory'
netcdfplugin) AMBER: application 'AMBER'
netcdfplugin) AMBER: spatial dimension: 3
netcdfplugin) AMBER: atom dimension: 55451
netcdfplugin) AMBER: frame dimension: 291
netcdfplugin) AMBER: coordinates units: 'angstrom'
netcdfplugin) AMBER trajectory contains periodic cell information
netcdfplugin) AMBER: cell lengths units: 'angstrom'
netcdfplugin) AMBER: cell angles units: 'degree'
Info) Using plugin netcdf for coordinates from file /scratch/PI/rondror/akma327/DynamicNetworks/data/DynamicNetworksOutput/InteractionOutput/DOR-inactive-naltrindole-unpublished/condition-naltrindole-bound/rep_2/Prod_5/Prod_5_reimaged.nc
Info) Finished with coordinate file /scratch/PI/rondror/akma327/DynamicNetworks/data/DynamicNetworksOutput/InteractionOutput/DOR-inactive-naltrindole-unpublished/condition-naltrindole-bound/rep_2/Prod_5/Prod_5_reimaged.nc.
Info) Opened coordinate file /scratch/PI/rondror/akma327/DynamicNetworks/data/DynamicNetworksOutput/AlignedAmberTraj/DOR-inactive-naltrindole-unpublished/rep_2/Prod_5/Prod_5_reimaged.dcd for writing.
Info) Finished with coordinate file /scratch/PI/rondror/akma327/DynamicNetworks/data/DynamicNetworksOutput/AlignedAmberTraj/DOR-inactive-naltrindole-unpublished/rep_2/Prod_5/Prod_5_reimaged.dcd.
Time for wrapAlign.py = 0.94
Info) VMD for LINUXAMD64, version 1.9.3a3 (April 28, 2016)
Info) http://www.ks.uiuc.edu/Research/vmd/                         
Info) Email questions and bug reports to vmd@ks.uiuc.edu           
Info) Please include this reference in published work using VMD:   
Info)    Humphrey, W., Dalke, A. and Schulten, K., `VMD - Visual   
Info)    Molecular Dynamics', J. Molec. Graphics 1996, 14.1, 33-38.
Info) -------------------------------------------------------------
Info) Multithreading available, 16 CPUs detected.
Info) Free system memory: 113823MB (88%)
Info) Using plugin pdb for structure file /scratch/PI/rondror/akma327/DynamicNetworks/data/DynamicNetworksOutput/InteractionOutput/DOR-inactive-naltrindole-unpublished/condition-naltrindole-bound/step5_assembly.pdb
Info) Using plugin pdb for coordinates from file /scratch/PI/rondror/akma327/DynamicNetworks/data/DynamicNetworksOutput/InteractionOutput/DOR-inactive-naltrindole-unpublished/condition-naltrindole-bound/step5_assembly.pdb
Info) Determining bond structure from distance search ...
Info) Finished with coordinate file /scratch/PI/rondror/akma327/DynamicNetworks/data/DynamicNetworksOutput/InteractionOutput/DOR-inactive-naltrindole-unpublished/condition-naltrindole-bound/step5_assembly.pdb.
Info) Analyzing structure ...
Info)    Atoms: 55451
Info)    Bonds: 44654
Info)    Angles: 0  Dihedrals: 0  Impropers: 0  Cross-terms: 0
Info)    Bondtypes: 0  Angletypes: 0  Dihedraltypes: 0  Impropertypes: 0
Info)    Residues: 11506
Info)    Waters: 11005
Warning) Unusual bond between residues:  35 (none) and 36 (protein)
Warning) Unusual bond between residues:  338 (protein) and 339 (none)
Info)    Segments: 6
Info)    Fragments: 11184   Protein: 1   Nucleic: 0
netcdfplugin) conventions: 'AMBER'
netcdfplugin) trajectory follows AMBER conventions version '1.0'
netcdfplugin) AMBER: program 'cpptraj'
netcdfplugin) AMBER: program version 'V15.0'
netcdfplugin) AMBER: title 'Cpptraj Generated trajectory'
netcdfplugin) AMBER: application 'AMBER'
netcdfplugin) AMBER: spatial dimension: 3
netcdfplugin) AMBER: atom dimension: 55451
netcdfplugin) AMBER: frame dimension: 285
netcdfplugin) AMBER: coordinates units: 'angstrom'
netcdfplugin) AMBER trajectory contains periodic cell information
netcdfplugin) AMBER: cell lengths units: 'angstrom'
netcdfplugin) AMBER: cell angles units: 'degree'
Info) Using plugin netcdf for coordinates from file /scratch/PI/rondror/akma327/DynamicNetworks/data/DynamicNetworksOutput/InteractionOutput/DOR-inactive-naltrindole-unpublished/condition-naltrindole-bound/rep_2/Prod_6/Prod_6_reimaged.nc
Info) Finished with coordinate file /scratch/PI/rondror/akma327/DynamicNetworks/data/DynamicNetworksOutput/InteractionOutput/DOR-inactive-naltrindole-unpublished/condition-naltrindole-bound/rep_2/Prod_6/Prod_6_reimaged.nc.
Info) Opened coordinate file /scratch/PI/rondror/akma327/DynamicNetworks/data/DynamicNetworksOutput/AlignedAmberTraj/DOR-inactive-naltrindole-unpublished/rep_2/Prod_6/Prod_6_reimaged.dcd for writing.
Info) Finished with coordinate file /scratch/PI/rondror/akma327/DynamicNetworks/data/DynamicNetworksOutput/AlignedAmberTraj/DOR-inactive-naltrindole-unpublished/rep_2/Prod_6/Prod_6_reimaged.dcd.
Time for wrapAlign.py = 0.92
Info) VMD for LINUXAMD64, version 1.9.3a3 (April 28, 2016)
Info) http://www.ks.uiuc.edu/Research/vmd/                         
Info) Email questions and bug reports to vmd@ks.uiuc.edu           
Info) Please include this reference in published work using VMD:   
Info)    Humphrey, W., Dalke, A. and Schulten, K., `VMD - Visual   
Info)    Molecular Dynamics', J. Molec. Graphics 1996, 14.1, 33-38.
Info) -------------------------------------------------------------
Info) Multithreading available, 16 CPUs detected.
Info) Free system memory: 113870MB (88%)
Info) Using plugin pdb for structure file /scratch/PI/rondror/akma327/DynamicNetworks/data/DynamicNetworksOutput/InteractionOutput/DOR-inactive-naltrindole-unpublished/condition-naltrindole-bound/step5_assembly.pdb
Info) Using plugin pdb for coordinates from file /scratch/PI/rondror/akma327/DynamicNetworks/data/DynamicNetworksOutput/InteractionOutput/DOR-inactive-naltrindole-unpublished/condition-naltrindole-bound/step5_assembly.pdb
Info) Determining bond structure from distance search ...
Info) Finished with coordinate file /scratch/PI/rondror/akma327/DynamicNetworks/data/DynamicNetworksOutput/InteractionOutput/DOR-inactive-naltrindole-unpublished/condition-naltrindole-bound/step5_assembly.pdb.
Info) Analyzing structure ...
Info)    Atoms: 55451
Info)    Bonds: 44654
Info)    Angles: 0  Dihedrals: 0  Impropers: 0  Cross-terms: 0
Info)    Bondtypes: 0  Angletypes: 0  Dihedraltypes: 0  Impropertypes: 0
Info)    Residues: 11506
Info)    Waters: 11005
Warning) Unusual bond between residues:  35 (none) and 36 (protein)
Warning) Unusual bond between residues:  338 (protein) and 339 (none)
Info)    Segments: 6
Info)    Fragments: 11184   Protein: 1   Nucleic: 0
netcdfplugin) conventions: 'AMBER'
netcdfplugin) trajectory follows AMBER conventions version '1.0'
netcdfplugin) AMBER: program 'cpptraj'
netcdfplugin) AMBER: program version 'V15.0'
netcdfplugin) AMBER: title 'Cpptraj Generated trajectory'
netcdfplugin) AMBER: application 'AMBER'
netcdfplugin) AMBER: spatial dimension: 3
netcdfplugin) AMBER: atom dimension: 55451
netcdfplugin) AMBER: frame dimension: 284
netcdfplugin) AMBER: coordinates units: 'angstrom'
netcdfplugin) AMBER trajectory contains periodic cell information
netcdfplugin) AMBER: cell lengths units: 'angstrom'
netcdfplugin) AMBER: cell angles units: 'degree'
Info) Using plugin netcdf for coordinates from file /scratch/PI/rondror/akma327/DynamicNetworks/data/DynamicNetworksOutput/InteractionOutput/DOR-inactive-naltrindole-unpublished/condition-naltrindole-bound/rep_2/Prod_7/Prod_7_reimaged.nc
Info) Finished with coordinate file /scratch/PI/rondror/akma327/DynamicNetworks/data/DynamicNetworksOutput/InteractionOutput/DOR-inactive-naltrindole-unpublished/condition-naltrindole-bound/rep_2/Prod_7/Prod_7_reimaged.nc.
Info) Opened coordinate file /scratch/PI/rondror/akma327/DynamicNetworks/data/DynamicNetworksOutput/AlignedAmberTraj/DOR-inactive-naltrindole-unpublished/rep_2/Prod_7/Prod_7_reimaged.dcd for writing.
Info) Finished with coordinate file /scratch/PI/rondror/akma327/DynamicNetworks/data/DynamicNetworksOutput/AlignedAmberTraj/DOR-inactive-naltrindole-unpublished/rep_2/Prod_7/Prod_7_reimaged.dcd.
Time for wrapAlign.py = 0.93
Info) VMD for LINUXAMD64, version 1.9.3a3 (April 28, 2016)
Info) http://www.ks.uiuc.edu/Research/vmd/                         
Info) Email questions and bug reports to vmd@ks.uiuc.edu           
Info) Please include this reference in published work using VMD:   
Info)    Humphrey, W., Dalke, A. and Schulten, K., `VMD - Visual   
Info)    Molecular Dynamics', J. Molec. Graphics 1996, 14.1, 33-38.
Info) -------------------------------------------------------------
Info) Multithreading available, 16 CPUs detected.
Info) Free system memory: 113899MB (88%)
Info) Using plugin pdb for structure file /scratch/PI/rondror/akma327/DynamicNetworks/data/DynamicNetworksOutput/InteractionOutput/DOR-inactive-naltrindole-unpublished/condition-naltrindole-bound/step5_assembly.pdb
Info) Using plugin pdb for coordinates from file /scratch/PI/rondror/akma327/DynamicNetworks/data/DynamicNetworksOutput/InteractionOutput/DOR-inactive-naltrindole-unpublished/condition-naltrindole-bound/step5_assembly.pdb
Info) Determining bond structure from distance search ...
Info) Finished with coordinate file /scratch/PI/rondror/akma327/DynamicNetworks/data/DynamicNetworksOutput/InteractionOutput/DOR-inactive-naltrindole-unpublished/condition-naltrindole-bound/step5_assembly.pdb.
Info) Analyzing structure ...
Info)    Atoms: 55451
Info)    Bonds: 44654
Info)    Angles: 0  Dihedrals: 0  Impropers: 0  Cross-terms: 0
Info)    Bondtypes: 0  Angletypes: 0  Dihedraltypes: 0  Impropertypes: 0
Info)    Residues: 11506
Info)    Waters: 11005
Warning) Unusual bond between residues:  35 (none) and 36 (protein)
Warning) Unusual bond between residues:  338 (protein) and 339 (none)
Info)    Segments: 6
Info)    Fragments: 11184   Protein: 1   Nucleic: 0
netcdfplugin) conventions: 'AMBER'
netcdfplugin) trajectory follows AMBER conventions version '1.0'
netcdfplugin) AMBER: program 'cpptraj'
netcdfplugin) AMBER: program version 'V15.0'
netcdfplugin) AMBER: title 'Cpptraj Generated trajectory'
netcdfplugin) AMBER: application 'AMBER'
netcdfplugin) AMBER: spatial dimension: 3
netcdfplugin) AMBER: atom dimension: 55451
netcdfplugin) AMBER: frame dimension: 296
netcdfplugin) AMBER: coordinates units: 'angstrom'
netcdfplugin) AMBER trajectory contains periodic cell information
netcdfplugin) AMBER: cell lengths units: 'angstrom'
netcdfplugin) AMBER: cell angles units: 'degree'
Info) Using plugin netcdf for coordinates from file /scratch/PI/rondror/akma327/DynamicNetworks/data/DynamicNetworksOutput/InteractionOutput/DOR-inactive-naltrindole-unpublished/condition-naltrindole-bound/rep_2/Prod_8/Prod_8_reimaged.nc
Info) Finished with coordinate file /scratch/PI/rondror/akma327/DynamicNetworks/data/DynamicNetworksOutput/InteractionOutput/DOR-inactive-naltrindole-unpublished/condition-naltrindole-bound/rep_2/Prod_8/Prod_8_reimaged.nc.
Info) Opened coordinate file /scratch/PI/rondror/akma327/DynamicNetworks/data/DynamicNetworksOutput/AlignedAmberTraj/DOR-inactive-naltrindole-unpublished/rep_2/Prod_8/Prod_8_reimaged.dcd for writing.
Info) Finished with coordinate file /scratch/PI/rondror/akma327/DynamicNetworks/data/DynamicNetworksOutput/AlignedAmberTraj/DOR-inactive-naltrindole-unpublished/rep_2/Prod_8/Prod_8_reimaged.dcd.
Time for wrapAlign.py = 0.94
Info) VMD for LINUXAMD64, version 1.9.3a3 (April 28, 2016)
Info) http://www.ks.uiuc.edu/Research/vmd/                         
Info) Email questions and bug reports to vmd@ks.uiuc.edu           
Info) Please include this reference in published work using VMD:   
Info)    Humphrey, W., Dalke, A. and Schulten, K., `VMD - Visual   
Info)    Molecular Dynamics', J. Molec. Graphics 1996, 14.1, 33-38.
Info) -------------------------------------------------------------
Info) Multithreading available, 16 CPUs detected.
Info) Free system memory: 113941MB (88%)
Info) Using plugin pdb for structure file /scratch/PI/rondror/akma327/DynamicNetworks/data/DynamicNetworksOutput/InteractionOutput/DOR-inactive-naltrindole-unpublished/condition-naltrindole-bound/step5_assembly.pdb
Info) Using plugin pdb for coordinates from file /scratch/PI/rondror/akma327/DynamicNetworks/data/DynamicNetworksOutput/InteractionOutput/DOR-inactive-naltrindole-unpublished/condition-naltrindole-bound/step5_assembly.pdb
Info) Determining bond structure from distance search ...
Info) Finished with coordinate file /scratch/PI/rondror/akma327/DynamicNetworks/data/DynamicNetworksOutput/InteractionOutput/DOR-inactive-naltrindole-unpublished/condition-naltrindole-bound/step5_assembly.pdb.
Info) Analyzing structure ...
Info)    Atoms: 55451
Info)    Bonds: 44654
Info)    Angles: 0  Dihedrals: 0  Impropers: 0  Cross-terms: 0
Info)    Bondtypes: 0  Angletypes: 0  Dihedraltypes: 0  Impropertypes: 0
Info)    Residues: 11506
Info)    Waters: 11005
Warning) Unusual bond between residues:  35 (none) and 36 (protein)
Warning) Unusual bond between residues:  338 (protein) and 339 (none)
Info)    Segments: 6
Info)    Fragments: 11184   Protein: 1   Nucleic: 0
netcdfplugin) conventions: 'AMBER'
netcdfplugin) trajectory follows AMBER conventions version '1.0'
netcdfplugin) AMBER: program 'cpptraj'
netcdfplugin) AMBER: program version 'V15.0'
netcdfplugin) AMBER: title 'Cpptraj Generated trajectory'
netcdfplugin) AMBER: application 'AMBER'
netcdfplugin) AMBER: spatial dimension: 3
netcdfplugin) AMBER: atom dimension: 55451
netcdfplugin) AMBER: frame dimension: 299
netcdfplugin) AMBER: coordinates units: 'angstrom'
netcdfplugin) AMBER trajectory contains periodic cell information
netcdfplugin) AMBER: cell lengths units: 'angstrom'
netcdfplugin) AMBER: cell angles units: 'degree'
Info) Using plugin netcdf for coordinates from file /scratch/PI/rondror/akma327/DynamicNetworks/data/DynamicNetworksOutput/InteractionOutput/DOR-inactive-naltrindole-unpublished/condition-naltrindole-bound/rep_2/Prod_9/Prod_9_reimaged.nc
Info) Finished with coordinate file /scratch/PI/rondror/akma327/DynamicNetworks/data/DynamicNetworksOutput/InteractionOutput/DOR-inactive-naltrindole-unpublished/condition-naltrindole-bound/rep_2/Prod_9/Prod_9_reimaged.nc.
Info) Opened coordinate file /scratch/PI/rondror/akma327/DynamicNetworks/data/DynamicNetworksOutput/AlignedAmberTraj/DOR-inactive-naltrindole-unpublished/rep_2/Prod_9/Prod_9_reimaged.dcd for writing.
Info) Finished with coordinate file /scratch/PI/rondror/akma327/DynamicNetworks/data/DynamicNetworksOutput/AlignedAmberTraj/DOR-inactive-naltrindole-unpublished/rep_2/Prod_9/Prod_9_reimaged.dcd.
Time for wrapAlign.py = 0.96
Info) VMD for LINUXAMD64, version 1.9.3a3 (April 28, 2016)
Info) http://www.ks.uiuc.edu/Research/vmd/                         
Info) Email questions and bug reports to vmd@ks.uiuc.edu           
Info) Please include this reference in published work using VMD:   
Info)    Humphrey, W., Dalke, A. and Schulten, K., `VMD - Visual   
Info)    Molecular Dynamics', J. Molec. Graphics 1996, 14.1, 33-38.
Info) -------------------------------------------------------------
Info) Multithreading available, 16 CPUs detected.
Info) Free system memory: 113973MB (88%)
Info) Using plugin pdb for structure file /scratch/PI/rondror/akma327/DynamicNetworks/data/DynamicNetworksOutput/InteractionOutput/DOR-inactive-naltrindole-unpublished/condition-naltrindole-bound/step5_assembly.pdb
Info) Using plugin pdb for coordinates from file /scratch/PI/rondror/akma327/DynamicNetworks/data/DynamicNetworksOutput/InteractionOutput/DOR-inactive-naltrindole-unpublished/condition-naltrindole-bound/step5_assembly.pdb
Info) Determining bond structure from distance search ...
Info) Finished with coordinate file /scratch/PI/rondror/akma327/DynamicNetworks/data/DynamicNetworksOutput/InteractionOutput/DOR-inactive-naltrindole-unpublished/condition-naltrindole-bound/step5_assembly.pdb.
Info) Analyzing structure ...
Info)    Atoms: 55451
Info)    Bonds: 44654
Info)    Angles: 0  Dihedrals: 0  Impropers: 0  Cross-terms: 0
Info)    Bondtypes: 0  Angletypes: 0  Dihedraltypes: 0  Impropertypes: 0
Info)    Residues: 11506
Info)    Waters: 11005
Warning) Unusual bond between residues:  35 (none) and 36 (protein)
Warning) Unusual bond between residues:  338 (protein) and 339 (none)
Info)    Segments: 6
Info)    Fragments: 11184   Protein: 1   Nucleic: 0
netcdfplugin) conventions: 'AMBER'
netcdfplugin) trajectory follows AMBER conventions version '1.0'
netcdfplugin) AMBER: program 'cpptraj'
netcdfplugin) AMBER: program version 'V15.0'
netcdfplugin) AMBER: title 'Cpptraj Generated trajectory'
netcdfplugin) AMBER: application 'AMBER'
netcdfplugin) AMBER: spatial dimension: 3
netcdfplugin) AMBER: atom dimension: 55451
netcdfplugin) AMBER: frame dimension: 294
netcdfplugin) AMBER: coordinates units: 'angstrom'
netcdfplugin) AMBER trajectory contains periodic cell information
netcdfplugin) AMBER: cell lengths units: 'angstrom'
netcdfplugin) AMBER: cell angles units: 'degree'
Info) Using plugin netcdf for coordinates from file /scratch/PI/rondror/akma327/DynamicNetworks/data/DynamicNetworksOutput/InteractionOutput/DOR-inactive-naltrindole-unpublished/condition-naltrindole-bound/rep_2/Prod_10/Prod_10_reimaged.nc
Info) Finished with coordinate file /scratch/PI/rondror/akma327/DynamicNetworks/data/DynamicNetworksOutput/InteractionOutput/DOR-inactive-naltrindole-unpublished/condition-naltrindole-bound/rep_2/Prod_10/Prod_10_reimaged.nc.
Info) Opened coordinate file /scratch/PI/rondror/akma327/DynamicNetworks/data/DynamicNetworksOutput/AlignedAmberTraj/DOR-inactive-naltrindole-unpublished/rep_2/Prod_10/Prod_10_reimaged.dcd for writing.
Info) Finished with coordinate file /scratch/PI/rondror/akma327/DynamicNetworks/data/DynamicNetworksOutput/AlignedAmberTraj/DOR-inactive-naltrindole-unpublished/rep_2/Prod_10/Prod_10_reimaged.dcd.
Time for wrapAlign.py = 0.93
Info) VMD for LINUXAMD64, version 1.9.3a3 (April 28, 2016)
Info) http://www.ks.uiuc.edu/Research/vmd/                         
Info) Email questions and bug reports to vmd@ks.uiuc.edu           
Info) Please include this reference in published work using VMD:   
Info)    Humphrey, W., Dalke, A. and Schulten, K., `VMD - Visual   
Info)    Molecular Dynamics', J. Molec. Graphics 1996, 14.1, 33-38.
Info) -------------------------------------------------------------
Info) Multithreading available, 16 CPUs detected.
Info) Free system memory: 114007MB (88%)
Info) Using plugin pdb for structure file /scratch/PI/rondror/akma327/DynamicNetworks/data/DynamicNetworksOutput/InteractionOutput/DOR-inactive-naltrindole-unpublished/condition-naltrindole-bound/step5_assembly.pdb
Info) Using plugin pdb for coordinates from file /scratch/PI/rondror/akma327/DynamicNetworks/data/DynamicNetworksOutput/InteractionOutput/DOR-inactive-naltrindole-unpublished/condition-naltrindole-bound/step5_assembly.pdb
Info) Determining bond structure from distance search ...
Info) Finished with coordinate file /scratch/PI/rondror/akma327/DynamicNetworks/data/DynamicNetworksOutput/InteractionOutput/DOR-inactive-naltrindole-unpublished/condition-naltrindole-bound/step5_assembly.pdb.
Info) Analyzing structure ...
Info)    Atoms: 55451
Info)    Bonds: 44654
Info)    Angles: 0  Dihedrals: 0  Impropers: 0  Cross-terms: 0
Info)    Bondtypes: 0  Angletypes: 0  Dihedraltypes: 0  Impropertypes: 0
Info)    Residues: 11506
Info)    Waters: 11005
Warning) Unusual bond between residues:  35 (none) and 36 (protein)
Warning) Unusual bond between residues:  338 (protein) and 339 (none)
Info)    Segments: 6
Info)    Fragments: 11184   Protein: 1   Nucleic: 0
netcdfplugin) conventions: 'AMBER'
netcdfplugin) trajectory follows AMBER conventions version '1.0'
netcdfplugin) AMBER: program 'cpptraj'
netcdfplugin) AMBER: program version 'V15.0'
netcdfplugin) AMBER: title 'Cpptraj Generated trajectory'
netcdfplugin) AMBER: application 'AMBER'
netcdfplugin) AMBER: spatial dimension: 3
netcdfplugin) AMBER: atom dimension: 55451
netcdfplugin) AMBER: frame dimension: 292
netcdfplugin) AMBER: coordinates units: 'angstrom'
netcdfplugin) AMBER trajectory contains periodic cell information
netcdfplugin) AMBER: cell lengths units: 'angstrom'
netcdfplugin) AMBER: cell angles units: 'degree'
Info) Using plugin netcdf for coordinates from file /scratch/PI/rondror/akma327/DynamicNetworks/data/DynamicNetworksOutput/InteractionOutput/DOR-inactive-naltrindole-unpublished/condition-naltrindole-bound/rep_2/Prod_11/Prod_11_reimaged.nc
Info) Finished with coordinate file /scratch/PI/rondror/akma327/DynamicNetworks/data/DynamicNetworksOutput/InteractionOutput/DOR-inactive-naltrindole-unpublished/condition-naltrindole-bound/rep_2/Prod_11/Prod_11_reimaged.nc.
Info) Opened coordinate file /scratch/PI/rondror/akma327/DynamicNetworks/data/DynamicNetworksOutput/AlignedAmberTraj/DOR-inactive-naltrindole-unpublished/rep_2/Prod_11/Prod_11_reimaged.dcd for writing.
Info) Finished with coordinate file /scratch/PI/rondror/akma327/DynamicNetworks/data/DynamicNetworksOutput/AlignedAmberTraj/DOR-inactive-naltrindole-unpublished/rep_2/Prod_11/Prod_11_reimaged.dcd.
Time for wrapAlign.py = 0.93
Info) VMD for LINUXAMD64, version 1.9.3a3 (April 28, 2016)
Info) http://www.ks.uiuc.edu/Research/vmd/                         
Info) Email questions and bug reports to vmd@ks.uiuc.edu           
Info) Please include this reference in published work using VMD:   
Info)    Humphrey, W., Dalke, A. and Schulten, K., `VMD - Visual   
Info)    Molecular Dynamics', J. Molec. Graphics 1996, 14.1, 33-38.
Info) -------------------------------------------------------------
Info) Multithreading available, 16 CPUs detected.
Info) Free system memory: 114038MB (88%)
Info) Using plugin pdb for structure file /scratch/PI/rondror/akma327/DynamicNetworks/data/DynamicNetworksOutput/InteractionOutput/DOR-inactive-naltrindole-unpublished/condition-naltrindole-bound/step5_assembly.pdb
Info) Using plugin pdb for coordinates from file /scratch/PI/rondror/akma327/DynamicNetworks/data/DynamicNetworksOutput/InteractionOutput/DOR-inactive-naltrindole-unpublished/condition-naltrindole-bound/step5_assembly.pdb
Info) Determining bond structure from distance search ...
Info) Finished with coordinate file /scratch/PI/rondror/akma327/DynamicNetworks/data/DynamicNetworksOutput/InteractionOutput/DOR-inactive-naltrindole-unpublished/condition-naltrindole-bound/step5_assembly.pdb.
Info) Analyzing structure ...
Info)    Atoms: 55451
Info)    Bonds: 44654
Info)    Angles: 0  Dihedrals: 0  Impropers: 0  Cross-terms: 0
Info)    Bondtypes: 0  Angletypes: 0  Dihedraltypes: 0  Impropertypes: 0
Info)    Residues: 11506
Info)    Waters: 11005
Warning) Unusual bond between residues:  35 (none) and 36 (protein)
Warning) Unusual bond between residues:  338 (protein) and 339 (none)
Info)    Segments: 6
Info)    Fragments: 11184   Protein: 1   Nucleic: 0
netcdfplugin) conventions: 'AMBER'
netcdfplugin) trajectory follows AMBER conventions version '1.0'
netcdfplugin) AMBER: program 'cpptraj'
netcdfplugin) AMBER: program version 'V15.0'
netcdfplugin) AMBER: title 'Cpptraj Generated trajectory'
netcdfplugin) AMBER: application 'AMBER'
netcdfplugin) AMBER: spatial dimension: 3
netcdfplugin) AMBER: atom dimension: 55451
netcdfplugin) AMBER: frame dimension: 296
netcdfplugin) AMBER: coordinates units: 'angstrom'
netcdfplugin) AMBER trajectory contains periodic cell information
netcdfplugin) AMBER: cell lengths units: 'angstrom'
netcdfplugin) AMBER: cell angles units: 'degree'
Info) Using plugin netcdf for coordinates from file /scratch/PI/rondror/akma327/DynamicNetworks/data/DynamicNetworksOutput/InteractionOutput/DOR-inactive-naltrindole-unpublished/condition-naltrindole-bound/rep_2/Prod_12/Prod_12_reimaged.nc
Info) Finished with coordinate file /scratch/PI/rondror/akma327/DynamicNetworks/data/DynamicNetworksOutput/InteractionOutput/DOR-inactive-naltrindole-unpublished/condition-naltrindole-bound/rep_2/Prod_12/Prod_12_reimaged.nc.
Info) Opened coordinate file /scratch/PI/rondror/akma327/DynamicNetworks/data/DynamicNetworksOutput/AlignedAmberTraj/DOR-inactive-naltrindole-unpublished/rep_2/Prod_12/Prod_12_reimaged.dcd for writing.
Info) Finished with coordinate file /scratch/PI/rondror/akma327/DynamicNetworks/data/DynamicNetworksOutput/AlignedAmberTraj/DOR-inactive-naltrindole-unpublished/rep_2/Prod_12/Prod_12_reimaged.dcd.
Time for wrapAlign.py = 0.94
Info) VMD for LINUXAMD64, version 1.9.3a3 (April 28, 2016)
Info) http://www.ks.uiuc.edu/Research/vmd/                         
Info) Email questions and bug reports to vmd@ks.uiuc.edu           
Info) Please include this reference in published work using VMD:   
Info)    Humphrey, W., Dalke, A. and Schulten, K., `VMD - Visual   
Info)    Molecular Dynamics', J. Molec. Graphics 1996, 14.1, 33-38.
Info) -------------------------------------------------------------
Info) Multithreading available, 16 CPUs detected.
Info) Free system memory: 114076MB (88%)
Info) Using plugin pdb for structure file /scratch/PI/rondror/akma327/DynamicNetworks/data/DynamicNetworksOutput/InteractionOutput/DOR-inactive-naltrindole-unpublished/condition-naltrindole-bound/step5_assembly.pdb
Info) Using plugin pdb for coordinates from file /scratch/PI/rondror/akma327/DynamicNetworks/data/DynamicNetworksOutput/InteractionOutput/DOR-inactive-naltrindole-unpublished/condition-naltrindole-bound/step5_assembly.pdb
Info) Determining bond structure from distance search ...
Info) Finished with coordinate file /scratch/PI/rondror/akma327/DynamicNetworks/data/DynamicNetworksOutput/InteractionOutput/DOR-inactive-naltrindole-unpublished/condition-naltrindole-bound/step5_assembly.pdb.
Info) Analyzing structure ...
Info)    Atoms: 55451
Info)    Bonds: 44654
Info)    Angles: 0  Dihedrals: 0  Impropers: 0  Cross-terms: 0
Info)    Bondtypes: 0  Angletypes: 0  Dihedraltypes: 0  Impropertypes: 0
Info)    Residues: 11506
Info)    Waters: 11005
Warning) Unusual bond between residues:  35 (none) and 36 (protein)
Warning) Unusual bond between residues:  338 (protein) and 339 (none)
Info)    Segments: 6
Info)    Fragments: 11184   Protein: 1   Nucleic: 0
netcdfplugin) conventions: 'AMBER'
netcdfplugin) trajectory follows AMBER conventions version '1.0'
netcdfplugin) AMBER: program 'cpptraj'
netcdfplugin) AMBER: program version 'V15.0'
netcdfplugin) AMBER: title 'Cpptraj Generated trajectory'
netcdfplugin) AMBER: application 'AMBER'
netcdfplugin) AMBER: spatial dimension: 3
netcdfplugin) AMBER: atom dimension: 55451
netcdfplugin) AMBER: frame dimension: 292
netcdfplugin) AMBER: coordinates units: 'angstrom'
netcdfplugin) AMBER trajectory contains periodic cell information
netcdfplugin) AMBER: cell lengths units: 'angstrom'
netcdfplugin) AMBER: cell angles units: 'degree'
Info) Using plugin netcdf for coordinates from file /scratch/PI/rondror/akma327/DynamicNetworks/data/DynamicNetworksOutput/InteractionOutput/DOR-inactive-naltrindole-unpublished/condition-naltrindole-bound/rep_2/Prod_13/Prod_13_reimaged.nc
Info) Finished with coordinate file /scratch/PI/rondror/akma327/DynamicNetworks/data/DynamicNetworksOutput/InteractionOutput/DOR-inactive-naltrindole-unpublished/condition-naltrindole-bound/rep_2/Prod_13/Prod_13_reimaged.nc.
Info) Opened coordinate file /scratch/PI/rondror/akma327/DynamicNetworks/data/DynamicNetworksOutput/AlignedAmberTraj/DOR-inactive-naltrindole-unpublished/rep_2/Prod_13/Prod_13_reimaged.dcd for writing.
Info) Finished with coordinate file /scratch/PI/rondror/akma327/DynamicNetworks/data/DynamicNetworksOutput/AlignedAmberTraj/DOR-inactive-naltrindole-unpublished/rep_2/Prod_13/Prod_13_reimaged.dcd.
Time for wrapAlign.py = 0.94
Info) VMD for LINUXAMD64, version 1.9.3a3 (April 28, 2016)
Info) http://www.ks.uiuc.edu/Research/vmd/                         
Info) Email questions and bug reports to vmd@ks.uiuc.edu           
Info) Please include this reference in published work using VMD:   
Info)    Humphrey, W., Dalke, A. and Schulten, K., `VMD - Visual   
Info)    Molecular Dynamics', J. Molec. Graphics 1996, 14.1, 33-38.
Info) -------------------------------------------------------------
Info) Multithreading available, 16 CPUs detected.
Info) Free system memory: 114089MB (88%)
Info) Using plugin pdb for structure file /scratch/PI/rondror/akma327/DynamicNetworks/data/DynamicNetworksOutput/InteractionOutput/DOR-inactive-naltrindole-unpublished/condition-naltrindole-bound/step5_assembly.pdb
Info) Using plugin pdb for coordinates from file /scratch/PI/rondror/akma327/DynamicNetworks/data/DynamicNetworksOutput/InteractionOutput/DOR-inactive-naltrindole-unpublished/condition-naltrindole-bound/step5_assembly.pdb
Info) Determining bond structure from distance search ...
Info) Finished with coordinate file /scratch/PI/rondror/akma327/DynamicNetworks/data/DynamicNetworksOutput/InteractionOutput/DOR-inactive-naltrindole-unpublished/condition-naltrindole-bound/step5_assembly.pdb.
Info) Analyzing structure ...
Info)    Atoms: 55451
Info)    Bonds: 44654
Info)    Angles: 0  Dihedrals: 0  Impropers: 0  Cross-terms: 0
Info)    Bondtypes: 0  Angletypes: 0  Dihedraltypes: 0  Impropertypes: 0
Info)    Residues: 11506
Info)    Waters: 11005
Warning) Unusual bond between residues:  35 (none) and 36 (protein)
Warning) Unusual bond between residues:  338 (protein) and 339 (none)
Info)    Segments: 6
Info)    Fragments: 11184   Protein: 1   Nucleic: 0
netcdfplugin) conventions: 'AMBER'
netcdfplugin) trajectory follows AMBER conventions version '1.0'
netcdfplugin) AMBER: program 'cpptraj'
netcdfplugin) AMBER: program version 'V15.0'
netcdfplugin) AMBER: title 'Cpptraj Generated trajectory'
netcdfplugin) AMBER: application 'AMBER'
netcdfplugin) AMBER: spatial dimension: 3
netcdfplugin) AMBER: atom dimension: 55451
netcdfplugin) AMBER: frame dimension: 291
netcdfplugin) AMBER: coordinates units: 'angstrom'
netcdfplugin) AMBER trajectory contains periodic cell information
netcdfplugin) AMBER: cell lengths units: 'angstrom'
netcdfplugin) AMBER: cell angles units: 'degree'
Info) Using plugin netcdf for coordinates from file /scratch/PI/rondror/akma327/DynamicNetworks/data/DynamicNetworksOutput/InteractionOutput/DOR-inactive-naltrindole-unpublished/condition-naltrindole-bound/rep_2/Prod_14/Prod_14_reimaged.nc
Info) Finished with coordinate file /scratch/PI/rondror/akma327/DynamicNetworks/data/DynamicNetworksOutput/InteractionOutput/DOR-inactive-naltrindole-unpublished/condition-naltrindole-bound/rep_2/Prod_14/Prod_14_reimaged.nc.
Info) Opened coordinate file /scratch/PI/rondror/akma327/DynamicNetworks/data/DynamicNetworksOutput/AlignedAmberTraj/DOR-inactive-naltrindole-unpublished/rep_2/Prod_14/Prod_14_reimaged.dcd for writing.
Info) Finished with coordinate file /scratch/PI/rondror/akma327/DynamicNetworks/data/DynamicNetworksOutput/AlignedAmberTraj/DOR-inactive-naltrindole-unpublished/rep_2/Prod_14/Prod_14_reimaged.dcd.
Time for wrapAlign.py = 0.93
Info) VMD for LINUXAMD64, version 1.9.3a3 (April 28, 2016)
Info) http://www.ks.uiuc.edu/Research/vmd/                         
Info) Email questions and bug reports to vmd@ks.uiuc.edu           
Info) Please include this reference in published work using VMD:   
Info)    Humphrey, W., Dalke, A. and Schulten, K., `VMD - Visual   
Info)    Molecular Dynamics', J. Molec. Graphics 1996, 14.1, 33-38.
Info) -------------------------------------------------------------
Info) Multithreading available, 16 CPUs detected.
Info) Free system memory: 114148MB (88%)
Info) Using plugin pdb for structure file /scratch/PI/rondror/akma327/DynamicNetworks/data/DynamicNetworksOutput/InteractionOutput/DOR-inactive-naltrindole-unpublished/condition-naltrindole-bound/step5_assembly.pdb
Info) Using plugin pdb for coordinates from file /scratch/PI/rondror/akma327/DynamicNetworks/data/DynamicNetworksOutput/InteractionOutput/DOR-inactive-naltrindole-unpublished/condition-naltrindole-bound/step5_assembly.pdb
Info) Determining bond structure from distance search ...
Info) Finished with coordinate file /scratch/PI/rondror/akma327/DynamicNetworks/data/DynamicNetworksOutput/InteractionOutput/DOR-inactive-naltrindole-unpublished/condition-naltrindole-bound/step5_assembly.pdb.
Info) Analyzing structure ...
Info)    Atoms: 55451
Info)    Bonds: 44654
Info)    Angles: 0  Dihedrals: 0  Impropers: 0  Cross-terms: 0
Info)    Bondtypes: 0  Angletypes: 0  Dihedraltypes: 0  Impropertypes: 0
Info)    Residues: 11506
Info)    Waters: 11005
Warning) Unusual bond between residues:  35 (none) and 36 (protein)
Warning) Unusual bond between residues:  338 (protein) and 339 (none)
Info)    Segments: 6
Info)    Fragments: 11184   Protein: 1   Nucleic: 0
netcdfplugin) conventions: 'AMBER'
netcdfplugin) trajectory follows AMBER conventions version '1.0'
netcdfplugin) AMBER: program 'cpptraj'
netcdfplugin) AMBER: program version 'V15.0'
netcdfplugin) AMBER: title 'Cpptraj Generated trajectory'
netcdfplugin) AMBER: application 'AMBER'
netcdfplugin) AMBER: spatial dimension: 3
netcdfplugin) AMBER: atom dimension: 55451
netcdfplugin) AMBER: frame dimension: 292
netcdfplugin) AMBER: coordinates units: 'angstrom'
netcdfplugin) AMBER trajectory contains periodic cell information
netcdfplugin) AMBER: cell lengths units: 'angstrom'
netcdfplugin) AMBER: cell angles units: 'degree'
Info) Using plugin netcdf for coordinates from file /scratch/PI/rondror/akma327/DynamicNetworks/data/DynamicNetworksOutput/InteractionOutput/DOR-inactive-naltrindole-unpublished/condition-naltrindole-bound/rep_2/Prod_15/Prod_15_reimaged.nc
Info) Finished with coordinate file /scratch/PI/rondror/akma327/DynamicNetworks/data/DynamicNetworksOutput/InteractionOutput/DOR-inactive-naltrindole-unpublished/condition-naltrindole-bound/rep_2/Prod_15/Prod_15_reimaged.nc.
Info) Opened coordinate file /scratch/PI/rondror/akma327/DynamicNetworks/data/DynamicNetworksOutput/AlignedAmberTraj/DOR-inactive-naltrindole-unpublished/rep_2/Prod_15/Prod_15_reimaged.dcd for writing.
Info) Finished with coordinate file /scratch/PI/rondror/akma327/DynamicNetworks/data/DynamicNetworksOutput/AlignedAmberTraj/DOR-inactive-naltrindole-unpublished/rep_2/Prod_15/Prod_15_reimaged.dcd.
Time for wrapAlign.py = 0.94
Info) VMD for LINUXAMD64, version 1.9.3a3 (April 28, 2016)
Info) http://www.ks.uiuc.edu/Research/vmd/                         
Info) Email questions and bug reports to vmd@ks.uiuc.edu           
Info) Please include this reference in published work using VMD:   
Info)    Humphrey, W., Dalke, A. and Schulten, K., `VMD - Visual   
Info)    Molecular Dynamics', J. Molec. Graphics 1996, 14.1, 33-38.
Info) -------------------------------------------------------------
Info) Multithreading available, 16 CPUs detected.
Info) Free system memory: 114176MB (88%)
Info) Using plugin pdb for structure file /scratch/PI/rondror/akma327/DynamicNetworks/data/DynamicNetworksOutput/InteractionOutput/DOR-inactive-naltrindole-unpublished/condition-naltrindole-bound/step5_assembly.pdb
Info) Using plugin pdb for coordinates from file /scratch/PI/rondror/akma327/DynamicNetworks/data/DynamicNetworksOutput/InteractionOutput/DOR-inactive-naltrindole-unpublished/condition-naltrindole-bound/step5_assembly.pdb
Info) Determining bond structure from distance search ...
Info) Finished with coordinate file /scratch/PI/rondror/akma327/DynamicNetworks/data/DynamicNetworksOutput/InteractionOutput/DOR-inactive-naltrindole-unpublished/condition-naltrindole-bound/step5_assembly.pdb.
Info) Analyzing structure ...
Info)    Atoms: 55451
Info)    Bonds: 44654
Info)    Angles: 0  Dihedrals: 0  Impropers: 0  Cross-terms: 0
Info)    Bondtypes: 0  Angletypes: 0  Dihedraltypes: 0  Impropertypes: 0
Info)    Residues: 11506
Info)    Waters: 11005
Warning) Unusual bond between residues:  35 (none) and 36 (protein)
Warning) Unusual bond between residues:  338 (protein) and 339 (none)
Info)    Segments: 6
Info)    Fragments: 11184   Protein: 1   Nucleic: 0
netcdfplugin) conventions: 'AMBER'
netcdfplugin) trajectory follows AMBER conventions version '1.0'
netcdfplugin) AMBER: program 'cpptraj'
netcdfplugin) AMBER: program version 'V15.0'
netcdfplugin) AMBER: title 'Cpptraj Generated trajectory'
netcdfplugin) AMBER: application 'AMBER'
netcdfplugin) AMBER: spatial dimension: 3
netcdfplugin) AMBER: atom dimension: 55451
netcdfplugin) AMBER: frame dimension: 296
netcdfplugin) AMBER: coordinates units: 'angstrom'
netcdfplugin) AMBER trajectory contains periodic cell information
netcdfplugin) AMBER: cell lengths units: 'angstrom'
netcdfplugin) AMBER: cell angles units: 'degree'
Info) Using plugin netcdf for coordinates from file /scratch/PI/rondror/akma327/DynamicNetworks/data/DynamicNetworksOutput/InteractionOutput/DOR-inactive-naltrindole-unpublished/condition-naltrindole-bound/rep_2/Prod_16/Prod_16_reimaged.nc
Info) Finished with coordinate file /scratch/PI/rondror/akma327/DynamicNetworks/data/DynamicNetworksOutput/InteractionOutput/DOR-inactive-naltrindole-unpublished/condition-naltrindole-bound/rep_2/Prod_16/Prod_16_reimaged.nc.
Info) Opened coordinate file /scratch/PI/rondror/akma327/DynamicNetworks/data/DynamicNetworksOutput/AlignedAmberTraj/DOR-inactive-naltrindole-unpublished/rep_2/Prod_16/Prod_16_reimaged.dcd for writing.
Info) Finished with coordinate file /scratch/PI/rondror/akma327/DynamicNetworks/data/DynamicNetworksOutput/AlignedAmberTraj/DOR-inactive-naltrindole-unpublished/rep_2/Prod_16/Prod_16_reimaged.dcd.
Time for wrapAlign.py = 0.94
Info) VMD for LINUXAMD64, version 1.9.3a3 (April 28, 2016)
Info) http://www.ks.uiuc.edu/Research/vmd/                         
Info) Email questions and bug reports to vmd@ks.uiuc.edu           
Info) Please include this reference in published work using VMD:   
Info)    Humphrey, W., Dalke, A. and Schulten, K., `VMD - Visual   
Info)    Molecular Dynamics', J. Molec. Graphics 1996, 14.1, 33-38.
Info) -------------------------------------------------------------
Info) Multithreading available, 16 CPUs detected.
Info) Free system memory: 114213MB (88%)
Info) Using plugin pdb for structure file /scratch/PI/rondror/akma327/DynamicNetworks/data/DynamicNetworksOutput/InteractionOutput/DOR-inactive-naltrindole-unpublished/condition-naltrindole-bound/step5_assembly.pdb
Info) Using plugin pdb for coordinates from file /scratch/PI/rondror/akma327/DynamicNetworks/data/DynamicNetworksOutput/InteractionOutput/DOR-inactive-naltrindole-unpublished/condition-naltrindole-bound/step5_assembly.pdb
Info) Determining bond structure from distance search ...
Info) Finished with coordinate file /scratch/PI/rondror/akma327/DynamicNetworks/data/DynamicNetworksOutput/InteractionOutput/DOR-inactive-naltrindole-unpublished/condition-naltrindole-bound/step5_assembly.pdb.
Info) Analyzing structure ...
Info)    Atoms: 55451
Info)    Bonds: 44654
Info)    Angles: 0  Dihedrals: 0  Impropers: 0  Cross-terms: 0
Info)    Bondtypes: 0  Angletypes: 0  Dihedraltypes: 0  Impropertypes: 0
Info)    Residues: 11506
Info)    Waters: 11005
Warning) Unusual bond between residues:  35 (none) and 36 (protein)
Warning) Unusual bond between residues:  338 (protein) and 339 (none)
Info)    Segments: 6
Info)    Fragments: 11184   Protein: 1   Nucleic: 0
netcdfplugin) conventions: 'AMBER'
netcdfplugin) trajectory follows AMBER conventions version '1.0'
netcdfplugin) AMBER: program 'cpptraj'
netcdfplugin) AMBER: program version 'V15.0'
netcdfplugin) AMBER: title 'Cpptraj Generated trajectory'
netcdfplugin) AMBER: application 'AMBER'
netcdfplugin) AMBER: spatial dimension: 3
netcdfplugin) AMBER: atom dimension: 55451
netcdfplugin) AMBER: frame dimension: 298
netcdfplugin) AMBER: coordinates units: 'angstrom'
netcdfplugin) AMBER trajectory contains periodic cell information
netcdfplugin) AMBER: cell lengths units: 'angstrom'
netcdfplugin) AMBER: cell angles units: 'degree'
Info) Using plugin netcdf for coordinates from file /scratch/PI/rondror/akma327/DynamicNetworks/data/DynamicNetworksOutput/InteractionOutput/DOR-inactive-naltrindole-unpublished/condition-naltrindole-bound/rep_2/Prod_17/Prod_17_reimaged.nc
Info) Finished with coordinate file /scratch/PI/rondror/akma327/DynamicNetworks/data/DynamicNetworksOutput/InteractionOutput/DOR-inactive-naltrindole-unpublished/condition-naltrindole-bound/rep_2/Prod_17/Prod_17_reimaged.nc.
Info) Opened coordinate file /scratch/PI/rondror/akma327/DynamicNetworks/data/DynamicNetworksOutput/AlignedAmberTraj/DOR-inactive-naltrindole-unpublished/rep_2/Prod_17/Prod_17_reimaged.dcd for writing.
Info) Finished with coordinate file /scratch/PI/rondror/akma327/DynamicNetworks/data/DynamicNetworksOutput/AlignedAmberTraj/DOR-inactive-naltrindole-unpublished/rep_2/Prod_17/Prod_17_reimaged.dcd.
Time for wrapAlign.py = 0.94
Info) VMD for LINUXAMD64, version 1.9.3a3 (April 28, 2016)
Info) http://www.ks.uiuc.edu/Research/vmd/                         
Info) Email questions and bug reports to vmd@ks.uiuc.edu           
Info) Please include this reference in published work using VMD:   
Info)    Humphrey, W., Dalke, A. and Schulten, K., `VMD - Visual   
Info)    Molecular Dynamics', J. Molec. Graphics 1996, 14.1, 33-38.
Info) -------------------------------------------------------------
Info) Multithreading available, 16 CPUs detected.
Info) Free system memory: 114186MB (88%)
Info) Using plugin pdb for structure file /scratch/PI/rondror/akma327/DynamicNetworks/data/DynamicNetworksOutput/InteractionOutput/DOR-inactive-naltrindole-unpublished/condition-naltrindole-bound/step5_assembly.pdb
Info) Using plugin pdb for coordinates from file /scratch/PI/rondror/akma327/DynamicNetworks/data/DynamicNetworksOutput/InteractionOutput/DOR-inactive-naltrindole-unpublished/condition-naltrindole-bound/step5_assembly.pdb
Info) Determining bond structure from distance search ...
Info) Finished with coordinate file /scratch/PI/rondror/akma327/DynamicNetworks/data/DynamicNetworksOutput/InteractionOutput/DOR-inactive-naltrindole-unpublished/condition-naltrindole-bound/step5_assembly.pdb.
Info) Analyzing structure ...
Info)    Atoms: 55451
Info)    Bonds: 44654
Info)    Angles: 0  Dihedrals: 0  Impropers: 0  Cross-terms: 0
Info)    Bondtypes: 0  Angletypes: 0  Dihedraltypes: 0  Impropertypes: 0
Info)    Residues: 11506
Info)    Waters: 11005
Warning) Unusual bond between residues:  35 (none) and 36 (protein)
Warning) Unusual bond between residues:  338 (protein) and 339 (none)
Info)    Segments: 6
Info)    Fragments: 11184   Protein: 1   Nucleic: 0
netcdfplugin) conventions: 'AMBER'
netcdfplugin) trajectory follows AMBER conventions version '1.0'
netcdfplugin) AMBER: program 'cpptraj'
netcdfplugin) AMBER: program version 'V15.0'
netcdfplugin) AMBER: title 'Cpptraj Generated trajectory'
netcdfplugin) AMBER: application 'AMBER'
netcdfplugin) AMBER: spatial dimension: 3
netcdfplugin) AMBER: atom dimension: 55451
netcdfplugin) AMBER: frame dimension: 263
netcdfplugin) AMBER: coordinates units: 'angstrom'
netcdfplugin) AMBER trajectory contains periodic cell information
netcdfplugin) AMBER: cell lengths units: 'angstrom'
netcdfplugin) AMBER: cell angles units: 'degree'
Info) Using plugin netcdf for coordinates from file /scratch/PI/rondror/akma327/DynamicNetworks/data/DynamicNetworksOutput/InteractionOutput/DOR-inactive-naltrindole-unpublished/condition-naltrindole-bound/rep_2/Prod_18/Prod_18_reimaged.nc
Info) Finished with coordinate file /scratch/PI/rondror/akma327/DynamicNetworks/data/DynamicNetworksOutput/InteractionOutput/DOR-inactive-naltrindole-unpublished/condition-naltrindole-bound/rep_2/Prod_18/Prod_18_reimaged.nc.
Info) Opened coordinate file /scratch/PI/rondror/akma327/DynamicNetworks/data/DynamicNetworksOutput/AlignedAmberTraj/DOR-inactive-naltrindole-unpublished/rep_2/Prod_18/Prod_18_reimaged.dcd for writing.
Info) Finished with coordinate file /scratch/PI/rondror/akma327/DynamicNetworks/data/DynamicNetworksOutput/AlignedAmberTraj/DOR-inactive-naltrindole-unpublished/rep_2/Prod_18/Prod_18_reimaged.dcd.
Time for wrapAlign.py = 0.85
Info) VMD for LINUXAMD64, version 1.9.3a3 (April 28, 2016)
Info) http://www.ks.uiuc.edu/Research/vmd/                         
Info) Email questions and bug reports to vmd@ks.uiuc.edu           
Info) Please include this reference in published work using VMD:   
Info)    Humphrey, W., Dalke, A. and Schulten, K., `VMD - Visual   
Info)    Molecular Dynamics', J. Molec. Graphics 1996, 14.1, 33-38.
Info) -------------------------------------------------------------
Info) Multithreading available, 16 CPUs detected.
Info) Free system memory: 114198MB (88%)
Info) Using plugin pdb for structure file /scratch/PI/rondror/akma327/DynamicNetworks/data/DynamicNetworksOutput/InteractionOutput/DOR-inactive-naltrindole-unpublished/condition-naltrindole-bound/step5_assembly.pdb
Info) Using plugin pdb for coordinates from file /scratch/PI/rondror/akma327/DynamicNetworks/data/DynamicNetworksOutput/InteractionOutput/DOR-inactive-naltrindole-unpublished/condition-naltrindole-bound/step5_assembly.pdb
Info) Determining bond structure from distance search ...
Info) Finished with coordinate file /scratch/PI/rondror/akma327/DynamicNetworks/data/DynamicNetworksOutput/InteractionOutput/DOR-inactive-naltrindole-unpublished/condition-naltrindole-bound/step5_assembly.pdb.
Info) Analyzing structure ...
Info)    Atoms: 55451
Info)    Bonds: 44654
Info)    Angles: 0  Dihedrals: 0  Impropers: 0  Cross-terms: 0
Info)    Bondtypes: 0  Angletypes: 0  Dihedraltypes: 0  Impropertypes: 0
Info)    Residues: 11506
Info)    Waters: 11005
Warning) Unusual bond between residues:  35 (none) and 36 (protein)
Warning) Unusual bond between residues:  338 (protein) and 339 (none)
Info)    Segments: 6
Info)    Fragments: 11184   Protein: 1   Nucleic: 0
netcdfplugin) conventions: 'AMBER'
netcdfplugin) trajectory follows AMBER conventions version '1.0'
netcdfplugin) AMBER: program 'cpptraj'
netcdfplugin) AMBER: program version 'V15.0'
netcdfplugin) AMBER: title 'Cpptraj Generated trajectory'
netcdfplugin) AMBER: application 'AMBER'
netcdfplugin) AMBER: spatial dimension: 3
netcdfplugin) AMBER: atom dimension: 55451
netcdfplugin) AMBER: frame dimension: 289
netcdfplugin) AMBER: coordinates units: 'angstrom'
netcdfplugin) AMBER trajectory contains periodic cell information
netcdfplugin) AMBER: cell lengths units: 'angstrom'
netcdfplugin) AMBER: cell angles units: 'degree'
Info) Using plugin netcdf for coordinates from file /scratch/PI/rondror/akma327/DynamicNetworks/data/DynamicNetworksOutput/InteractionOutput/DOR-inactive-naltrindole-unpublished/condition-naltrindole-bound/rep_2/Prod_19/Prod_19_reimaged.nc
Info) Finished with coordinate file /scratch/PI/rondror/akma327/DynamicNetworks/data/DynamicNetworksOutput/InteractionOutput/DOR-inactive-naltrindole-unpublished/condition-naltrindole-bound/rep_2/Prod_19/Prod_19_reimaged.nc.
Info) Opened coordinate file /scratch/PI/rondror/akma327/DynamicNetworks/data/DynamicNetworksOutput/AlignedAmberTraj/DOR-inactive-naltrindole-unpublished/rep_2/Prod_19/Prod_19_reimaged.dcd for writing.
Info) Finished with coordinate file /scratch/PI/rondror/akma327/DynamicNetworks/data/DynamicNetworksOutput/AlignedAmberTraj/DOR-inactive-naltrindole-unpublished/rep_2/Prod_19/Prod_19_reimaged.dcd.
Time for wrapAlign.py = 0.92
Info) VMD for LINUXAMD64, version 1.9.3a3 (April 28, 2016)
Info) http://www.ks.uiuc.edu/Research/vmd/                         
Info) Email questions and bug reports to vmd@ks.uiuc.edu           
Info) Please include this reference in published work using VMD:   
Info)    Humphrey, W., Dalke, A. and Schulten, K., `VMD - Visual   
Info)    Molecular Dynamics', J. Molec. Graphics 1996, 14.1, 33-38.
Info) -------------------------------------------------------------
Info) Multithreading available, 16 CPUs detected.
Info) Free system memory: 114188MB (88%)
Info) Using plugin pdb for structure file /scratch/PI/rondror/akma327/DynamicNetworks/data/DynamicNetworksOutput/InteractionOutput/DOR-inactive-naltrindole-unpublished/condition-naltrindole-bound/step5_assembly.pdb
Info) Using plugin pdb for coordinates from file /scratch/PI/rondror/akma327/DynamicNetworks/data/DynamicNetworksOutput/InteractionOutput/DOR-inactive-naltrindole-unpublished/condition-naltrindole-bound/step5_assembly.pdb
Info) Determining bond structure from distance search ...
Info) Finished with coordinate file /scratch/PI/rondror/akma327/DynamicNetworks/data/DynamicNetworksOutput/InteractionOutput/DOR-inactive-naltrindole-unpublished/condition-naltrindole-bound/step5_assembly.pdb.
Info) Analyzing structure ...
Info)    Atoms: 55451
Info)    Bonds: 44654
Info)    Angles: 0  Dihedrals: 0  Impropers: 0  Cross-terms: 0
Info)    Bondtypes: 0  Angletypes: 0  Dihedraltypes: 0  Impropertypes: 0
Info)    Residues: 11506
Info)    Waters: 11005
Warning) Unusual bond between residues:  35 (none) and 36 (protein)
Warning) Unusual bond between residues:  338 (protein) and 339 (none)
Info)    Segments: 6
Info)    Fragments: 11184   Protein: 1   Nucleic: 0
netcdfplugin) conventions: 'AMBER'
netcdfplugin) trajectory follows AMBER conventions version '1.0'
netcdfplugin) AMBER: program 'cpptraj'
netcdfplugin) AMBER: program version 'V15.0'
netcdfplugin) AMBER: title 'Cpptraj Generated trajectory'
netcdfplugin) AMBER: application 'AMBER'
netcdfplugin) AMBER: spatial dimension: 3
netcdfplugin) AMBER: atom dimension: 55451
netcdfplugin) AMBER: frame dimension: 291
netcdfplugin) AMBER: coordinates units: 'angstrom'
netcdfplugin) AMBER trajectory contains periodic cell information
netcdfplugin) AMBER: cell lengths units: 'angstrom'
netcdfplugin) AMBER: cell angles units: 'degree'
Info) Using plugin netcdf for coordinates from file /scratch/PI/rondror/akma327/DynamicNetworks/data/DynamicNetworksOutput/InteractionOutput/DOR-inactive-naltrindole-unpublished/condition-naltrindole-bound/rep_2/Prod_20/Prod_20_reimaged.nc
Info) Finished with coordinate file /scratch/PI/rondror/akma327/DynamicNetworks/data/DynamicNetworksOutput/InteractionOutput/DOR-inactive-naltrindole-unpublished/condition-naltrindole-bound/rep_2/Prod_20/Prod_20_reimaged.nc.
Info) Opened coordinate file /scratch/PI/rondror/akma327/DynamicNetworks/data/DynamicNetworksOutput/AlignedAmberTraj/DOR-inactive-naltrindole-unpublished/rep_2/Prod_20/Prod_20_reimaged.dcd for writing.
Info) Finished with coordinate file /scratch/PI/rondror/akma327/DynamicNetworks/data/DynamicNetworksOutput/AlignedAmberTraj/DOR-inactive-naltrindole-unpublished/rep_2/Prod_20/Prod_20_reimaged.dcd.
Time for wrapAlign.py = 0.93
Info) VMD for LINUXAMD64, version 1.9.3a3 (April 28, 2016)
Info) http://www.ks.uiuc.edu/Research/vmd/                         
Info) Email questions and bug reports to vmd@ks.uiuc.edu           
Info) Please include this reference in published work using VMD:   
Info)    Humphrey, W., Dalke, A. and Schulten, K., `VMD - Visual   
Info)    Molecular Dynamics', J. Molec. Graphics 1996, 14.1, 33-38.
Info) -------------------------------------------------------------
Info) Multithreading available, 16 CPUs detected.
Info) Free system memory: 114197MB (88%)
Info) Using plugin pdb for structure file /scratch/PI/rondror/akma327/DynamicNetworks/data/DynamicNetworksOutput/InteractionOutput/DOR-inactive-naltrindole-unpublished/condition-naltrindole-bound/step5_assembly.pdb
Info) Using plugin pdb for coordinates from file /scratch/PI/rondror/akma327/DynamicNetworks/data/DynamicNetworksOutput/InteractionOutput/DOR-inactive-naltrindole-unpublished/condition-naltrindole-bound/step5_assembly.pdb
Info) Determining bond structure from distance search ...
Info) Finished with coordinate file /scratch/PI/rondror/akma327/DynamicNetworks/data/DynamicNetworksOutput/InteractionOutput/DOR-inactive-naltrindole-unpublished/condition-naltrindole-bound/step5_assembly.pdb.
Info) Analyzing structure ...
Info)    Atoms: 55451
Info)    Bonds: 44654
Info)    Angles: 0  Dihedrals: 0  Impropers: 0  Cross-terms: 0
Info)    Bondtypes: 0  Angletypes: 0  Dihedraltypes: 0  Impropertypes: 0
Info)    Residues: 11506
Info)    Waters: 11005
Warning) Unusual bond between residues:  35 (none) and 36 (protein)
Warning) Unusual bond between residues:  338 (protein) and 339 (none)
Info)    Segments: 6
Info)    Fragments: 11184   Protein: 1   Nucleic: 0
netcdfplugin) conventions: 'AMBER'
netcdfplugin) trajectory follows AMBER conventions version '1.0'
netcdfplugin) AMBER: program 'cpptraj'
netcdfplugin) AMBER: program version 'V15.0'
netcdfplugin) AMBER: title 'Cpptraj Generated trajectory'
netcdfplugin) AMBER: application 'AMBER'
netcdfplugin) AMBER: spatial dimension: 3
netcdfplugin) AMBER: atom dimension: 55451
netcdfplugin) AMBER: frame dimension: 281
netcdfplugin) AMBER: coordinates units: 'angstrom'
netcdfplugin) AMBER trajectory contains periodic cell information
netcdfplugin) AMBER: cell lengths units: 'angstrom'
netcdfplugin) AMBER: cell angles units: 'degree'
Info) Using plugin netcdf for coordinates from file /scratch/PI/rondror/akma327/DynamicNetworks/data/DynamicNetworksOutput/InteractionOutput/DOR-inactive-naltrindole-unpublished/condition-naltrindole-bound/rep_2/Prod_21/Prod_21_reimaged.nc
Info) Finished with coordinate file /scratch/PI/rondror/akma327/DynamicNetworks/data/DynamicNetworksOutput/InteractionOutput/DOR-inactive-naltrindole-unpublished/condition-naltrindole-bound/rep_2/Prod_21/Prod_21_reimaged.nc.
Info) Opened coordinate file /scratch/PI/rondror/akma327/DynamicNetworks/data/DynamicNetworksOutput/AlignedAmberTraj/DOR-inactive-naltrindole-unpublished/rep_2/Prod_21/Prod_21_reimaged.dcd for writing.
Info) Finished with coordinate file /scratch/PI/rondror/akma327/DynamicNetworks/data/DynamicNetworksOutput/AlignedAmberTraj/DOR-inactive-naltrindole-unpublished/rep_2/Prod_21/Prod_21_reimaged.dcd.
Time for wrapAlign.py = 0.89
Info) VMD for LINUXAMD64, version 1.9.3a3 (April 28, 2016)
Info) http://www.ks.uiuc.edu/Research/vmd/                         
Info) Email questions and bug reports to vmd@ks.uiuc.edu           
Info) Please include this reference in published work using VMD:   
Info)    Humphrey, W., Dalke, A. and Schulten, K., `VMD - Visual   
Info)    Molecular Dynamics', J. Molec. Graphics 1996, 14.1, 33-38.
Info) -------------------------------------------------------------
Info) Multithreading available, 16 CPUs detected.
Info) Free system memory: 114194MB (88%)
Info) Using plugin pdb for structure file /scratch/PI/rondror/akma327/DynamicNetworks/data/DynamicNetworksOutput/InteractionOutput/DOR-inactive-naltrindole-unpublished/condition-naltrindole-bound/step5_assembly.pdb
Info) Using plugin pdb for coordinates from file /scratch/PI/rondror/akma327/DynamicNetworks/data/DynamicNetworksOutput/InteractionOutput/DOR-inactive-naltrindole-unpublished/condition-naltrindole-bound/step5_assembly.pdb
Info) Determining bond structure from distance search ...
Info) Finished with coordinate file /scratch/PI/rondror/akma327/DynamicNetworks/data/DynamicNetworksOutput/InteractionOutput/DOR-inactive-naltrindole-unpublished/condition-naltrindole-bound/step5_assembly.pdb.
Info) Analyzing structure ...
Info)    Atoms: 55451
Info)    Bonds: 44654
Info)    Angles: 0  Dihedrals: 0  Impropers: 0  Cross-terms: 0
Info)    Bondtypes: 0  Angletypes: 0  Dihedraltypes: 0  Impropertypes: 0
Info)    Residues: 11506
Info)    Waters: 11005
Warning) Unusual bond between residues:  35 (none) and 36 (protein)
Warning) Unusual bond between residues:  338 (protein) and 339 (none)
Info)    Segments: 6
Info)    Fragments: 11184   Protein: 1   Nucleic: 0
netcdfplugin) conventions: 'AMBER'
netcdfplugin) trajectory follows AMBER conventions version '1.0'
netcdfplugin) AMBER: program 'cpptraj'
netcdfplugin) AMBER: program version 'V15.0'
netcdfplugin) AMBER: title 'Cpptraj Generated trajectory'
netcdfplugin) AMBER: application 'AMBER'
netcdfplugin) AMBER: spatial dimension: 3
netcdfplugin) AMBER: atom dimension: 55451
netcdfplugin) AMBER: frame dimension: 288
netcdfplugin) AMBER: coordinates units: 'angstrom'
netcdfplugin) AMBER trajectory contains periodic cell information
netcdfplugin) AMBER: cell lengths units: 'angstrom'
netcdfplugin) AMBER: cell angles units: 'degree'
Info) Using plugin netcdf for coordinates from file /scratch/PI/rondror/akma327/DynamicNetworks/data/DynamicNetworksOutput/InteractionOutput/DOR-inactive-naltrindole-unpublished/condition-naltrindole-bound/rep_2/Prod_22/Prod_22_reimaged.nc
Info) Finished with coordinate file /scratch/PI/rondror/akma327/DynamicNetworks/data/DynamicNetworksOutput/InteractionOutput/DOR-inactive-naltrindole-unpublished/condition-naltrindole-bound/rep_2/Prod_22/Prod_22_reimaged.nc.
Info) Opened coordinate file /scratch/PI/rondror/akma327/DynamicNetworks/data/DynamicNetworksOutput/AlignedAmberTraj/DOR-inactive-naltrindole-unpublished/rep_2/Prod_22/Prod_22_reimaged.dcd for writing.
Info) Finished with coordinate file /scratch/PI/rondror/akma327/DynamicNetworks/data/DynamicNetworksOutput/AlignedAmberTraj/DOR-inactive-naltrindole-unpublished/rep_2/Prod_22/Prod_22_reimaged.dcd.
Time for wrapAlign.py = 0.91
Info) VMD for LINUXAMD64, version 1.9.3a3 (April 28, 2016)
Info) http://www.ks.uiuc.edu/Research/vmd/                         
Info) Email questions and bug reports to vmd@ks.uiuc.edu           
Info) Please include this reference in published work using VMD:   
Info)    Humphrey, W., Dalke, A. and Schulten, K., `VMD - Visual   
Info)    Molecular Dynamics', J. Molec. Graphics 1996, 14.1, 33-38.
Info) -------------------------------------------------------------
Info) Multithreading available, 16 CPUs detected.
Info) Free system memory: 114187MB (88%)
Info) Using plugin pdb for structure file /scratch/PI/rondror/akma327/DynamicNetworks/data/DynamicNetworksOutput/InteractionOutput/DOR-inactive-naltrindole-unpublished/condition-naltrindole-bound/step5_assembly.pdb
Info) Using plugin pdb for coordinates from file /scratch/PI/rondror/akma327/DynamicNetworks/data/DynamicNetworksOutput/InteractionOutput/DOR-inactive-naltrindole-unpublished/condition-naltrindole-bound/step5_assembly.pdb
Info) Determining bond structure from distance search ...
Info) Finished with coordinate file /scratch/PI/rondror/akma327/DynamicNetworks/data/DynamicNetworksOutput/InteractionOutput/DOR-inactive-naltrindole-unpublished/condition-naltrindole-bound/step5_assembly.pdb.
Info) Analyzing structure ...
Info)    Atoms: 55451
Info)    Bonds: 44654
Info)    Angles: 0  Dihedrals: 0  Impropers: 0  Cross-terms: 0
Info)    Bondtypes: 0  Angletypes: 0  Dihedraltypes: 0  Impropertypes: 0
Info)    Residues: 11506
Info)    Waters: 11005
Warning) Unusual bond between residues:  35 (none) and 36 (protein)
Warning) Unusual bond between residues:  338 (protein) and 339 (none)
Info)    Segments: 6
Info)    Fragments: 11184   Protein: 1   Nucleic: 0
netcdfplugin) conventions: 'AMBER'
netcdfplugin) trajectory follows AMBER conventions version '1.0'
netcdfplugin) AMBER: program 'cpptraj'
netcdfplugin) AMBER: program version 'V15.0'
netcdfplugin) AMBER: title 'Cpptraj Generated trajectory'
netcdfplugin) AMBER: application 'AMBER'
netcdfplugin) AMBER: spatial dimension: 3
netcdfplugin) AMBER: atom dimension: 55451
netcdfplugin) AMBER: frame dimension: 173
netcdfplugin) AMBER: coordinates units: 'angstrom'
netcdfplugin) AMBER trajectory contains periodic cell information
netcdfplugin) AMBER: cell lengths units: 'angstrom'
netcdfplugin) AMBER: cell angles units: 'degree'
Info) Using plugin netcdf for coordinates from file /scratch/PI/rondror/akma327/DynamicNetworks/data/DynamicNetworksOutput/InteractionOutput/DOR-inactive-naltrindole-unpublished/condition-naltrindole-bound/rep_2/Prod_23/Prod_23_reimaged.nc
Info) Finished with coordinate file /scratch/PI/rondror/akma327/DynamicNetworks/data/DynamicNetworksOutput/InteractionOutput/DOR-inactive-naltrindole-unpublished/condition-naltrindole-bound/rep_2/Prod_23/Prod_23_reimaged.nc.
Info) Opened coordinate file /scratch/PI/rondror/akma327/DynamicNetworks/data/DynamicNetworksOutput/AlignedAmberTraj/DOR-inactive-naltrindole-unpublished/rep_2/Prod_23/Prod_23_reimaged.dcd for writing.
Info) Finished with coordinate file /scratch/PI/rondror/akma327/DynamicNetworks/data/DynamicNetworksOutput/AlignedAmberTraj/DOR-inactive-naltrindole-unpublished/rep_2/Prod_23/Prod_23_reimaged.dcd.
Time for wrapAlign.py = 0.63
