Info) VMD for LINUXAMD64, version 1.9.3a3 (April 28, 2016)
Info) http://www.ks.uiuc.edu/Research/vmd/                         
Info) Email questions and bug reports to vmd@ks.uiuc.edu           
Info) Please include this reference in published work using VMD:   
Info)    Humphrey, W., Dalke, A. and Schulten, K., `VMD - Visual   
Info)    Molecular Dynamics', J. Molec. Graphics 1996, 14.1, 33-38.
Info) -------------------------------------------------------------
Info) Multithreading available, 16 CPUs detected.
Info) Free system memory: 113878MB (88%)
Info) Using plugin pdb for structure file /scratch/PI/rondror/akma327/DynamicNetworks/data/DynamicNetworksOutput/InteractionOutput/D4R-inactive-nemanopride-unpublished/condition-antagonist-bound/step5_assembly.pdb
Info) Using plugin pdb for coordinates from file /scratch/PI/rondror/akma327/DynamicNetworks/data/DynamicNetworksOutput/InteractionOutput/D4R-inactive-nemanopride-unpublished/condition-antagonist-bound/step5_assembly.pdb
Info) Determining bond structure from distance search ...
Info) Finished with coordinate file /scratch/PI/rondror/akma327/DynamicNetworks/data/DynamicNetworksOutput/InteractionOutput/D4R-inactive-nemanopride-unpublished/condition-antagonist-bound/step5_assembly.pdb.
Info) Analyzing structure ...
Info)    Atoms: 50385
Info)    Bonds: 40237
Info)    Angles: 0  Dihedrals: 0  Impropers: 0  Cross-terms: 0
Info)    Bondtypes: 0  Angletypes: 0  Dihedraltypes: 0  Impropertypes: 0
Info)    Residues: 10788
Info)    Waters: 10340
Warning) Unusual bond between residues:  31 (none) and 32 (protein)
Warning) Unusual bond between residues:  227 (protein) and 228 (none)
Warning) Unusual bond between residues:  382 (none) and 384 (protein)
Warning) Unusual bond between residues:  382 (none) and 383 (protein)
Warning) Unusual bond between residues:  464 (protein) and 465 (none)
Info)    Segments: 7
Info)    Fragments: 10496   Protein: 2   Nucleic: 0
netcdfplugin) conventions: 'AMBER'
netcdfplugin) trajectory follows AMBER conventions version '1.0'
netcdfplugin) AMBER: program 'cpptraj'
netcdfplugin) AMBER: program version 'V15.0'
netcdfplugin) AMBER: title 'Cpptraj Generated trajectory'
netcdfplugin) AMBER: application 'AMBER'
netcdfplugin) AMBER: spatial dimension: 3
netcdfplugin) AMBER: atom dimension: 50385
netcdfplugin) AMBER: frame dimension: 201
netcdfplugin) AMBER: coordinates units: 'angstrom'
netcdfplugin) AMBER trajectory contains periodic cell information
netcdfplugin) AMBER: cell lengths units: 'angstrom'
netcdfplugin) AMBER: cell angles units: 'degree'
Info) Using plugin netcdf for coordinates from file /scratch/PI/rondror/akma327/DynamicNetworks/data/DynamicNetworksOutput/InteractionOutput/D4R-inactive-nemanopride-unpublished/condition-antagonist-bound/rep_3/Prod_0/Prod_0_reimaged.nc
Info) Finished with coordinate file /scratch/PI/rondror/akma327/DynamicNetworks/data/DynamicNetworksOutput/InteractionOutput/D4R-inactive-nemanopride-unpublished/condition-antagonist-bound/rep_3/Prod_0/Prod_0_reimaged.nc.
Info) Opened coordinate file /scratch/PI/rondror/akma327/DynamicNetworks/data/DynamicNetworksOutput/AlignedAmberTraj/D4R-inactive-nemanopride-unpublished/rep_3/Prod_0/Prod_0_reimaged.dcd for writing.
Info) Finished with coordinate file /scratch/PI/rondror/akma327/DynamicNetworks/data/DynamicNetworksOutput/AlignedAmberTraj/D4R-inactive-nemanopride-unpublished/rep_3/Prod_0/Prod_0_reimaged.dcd.
Time for wrapAlign.py = 0.64
Info) VMD for LINUXAMD64, version 1.9.3a3 (April 28, 2016)
Info) http://www.ks.uiuc.edu/Research/vmd/                         
Info) Email questions and bug reports to vmd@ks.uiuc.edu           
Info) Please include this reference in published work using VMD:   
Info)    Humphrey, W., Dalke, A. and Schulten, K., `VMD - Visual   
Info)    Molecular Dynamics', J. Molec. Graphics 1996, 14.1, 33-38.
Info) -------------------------------------------------------------
Info) Multithreading available, 16 CPUs detected.
Info) Free system memory: 113878MB (88%)
Info) Using plugin pdb for structure file /scratch/PI/rondror/akma327/DynamicNetworks/data/DynamicNetworksOutput/InteractionOutput/D4R-inactive-nemanopride-unpublished/condition-antagonist-bound/step5_assembly.pdb
Info) Using plugin pdb for coordinates from file /scratch/PI/rondror/akma327/DynamicNetworks/data/DynamicNetworksOutput/InteractionOutput/D4R-inactive-nemanopride-unpublished/condition-antagonist-bound/step5_assembly.pdb
Info) Determining bond structure from distance search ...
Info) Finished with coordinate file /scratch/PI/rondror/akma327/DynamicNetworks/data/DynamicNetworksOutput/InteractionOutput/D4R-inactive-nemanopride-unpublished/condition-antagonist-bound/step5_assembly.pdb.
Info) Analyzing structure ...
Info)    Atoms: 50385
Info)    Bonds: 40237
Info)    Angles: 0  Dihedrals: 0  Impropers: 0  Cross-terms: 0
Info)    Bondtypes: 0  Angletypes: 0  Dihedraltypes: 0  Impropertypes: 0
Info)    Residues: 10788
Info)    Waters: 10340
Warning) Unusual bond between residues:  31 (none) and 32 (protein)
Warning) Unusual bond between residues:  227 (protein) and 228 (none)
Warning) Unusual bond between residues:  382 (none) and 384 (protein)
Warning) Unusual bond between residues:  382 (none) and 383 (protein)
Warning) Unusual bond between residues:  464 (protein) and 465 (none)
Info)    Segments: 7
Info)    Fragments: 10496   Protein: 2   Nucleic: 0
netcdfplugin) conventions: 'AMBER'
netcdfplugin) trajectory follows AMBER conventions version '1.0'
netcdfplugin) AMBER: program 'cpptraj'
netcdfplugin) AMBER: program version 'V15.0'
netcdfplugin) AMBER: title 'Cpptraj Generated trajectory'
netcdfplugin) AMBER: application 'AMBER'
netcdfplugin) AMBER: spatial dimension: 3
netcdfplugin) AMBER: atom dimension: 50385
netcdfplugin) AMBER: frame dimension: 264
netcdfplugin) AMBER: coordinates units: 'angstrom'
netcdfplugin) AMBER trajectory contains periodic cell information
netcdfplugin) AMBER: cell lengths units: 'angstrom'
netcdfplugin) AMBER: cell angles units: 'degree'
Info) Using plugin netcdf for coordinates from file /scratch/PI/rondror/akma327/DynamicNetworks/data/DynamicNetworksOutput/InteractionOutput/D4R-inactive-nemanopride-unpublished/condition-antagonist-bound/rep_3/Prod_1/Prod_1_reimaged.nc
Info) Finished with coordinate file /scratch/PI/rondror/akma327/DynamicNetworks/data/DynamicNetworksOutput/InteractionOutput/D4R-inactive-nemanopride-unpublished/condition-antagonist-bound/rep_3/Prod_1/Prod_1_reimaged.nc.
Info) Opened coordinate file /scratch/PI/rondror/akma327/DynamicNetworks/data/DynamicNetworksOutput/AlignedAmberTraj/D4R-inactive-nemanopride-unpublished/rep_3/Prod_1/Prod_1_reimaged.dcd for writing.
Info) Finished with coordinate file /scratch/PI/rondror/akma327/DynamicNetworks/data/DynamicNetworksOutput/AlignedAmberTraj/D4R-inactive-nemanopride-unpublished/rep_3/Prod_1/Prod_1_reimaged.dcd.
Time for wrapAlign.py = 0.79
Info) VMD for LINUXAMD64, version 1.9.3a3 (April 28, 2016)
Info) http://www.ks.uiuc.edu/Research/vmd/                         
Info) Email questions and bug reports to vmd@ks.uiuc.edu           
Info) Please include this reference in published work using VMD:   
Info)    Humphrey, W., Dalke, A. and Schulten, K., `VMD - Visual   
Info)    Molecular Dynamics', J. Molec. Graphics 1996, 14.1, 33-38.
Info) -------------------------------------------------------------
Info) Multithreading available, 16 CPUs detected.
Info) Free system memory: 113876MB (88%)
Info) Using plugin pdb for structure file /scratch/PI/rondror/akma327/DynamicNetworks/data/DynamicNetworksOutput/InteractionOutput/D4R-inactive-nemanopride-unpublished/condition-antagonist-bound/step5_assembly.pdb
Info) Using plugin pdb for coordinates from file /scratch/PI/rondror/akma327/DynamicNetworks/data/DynamicNetworksOutput/InteractionOutput/D4R-inactive-nemanopride-unpublished/condition-antagonist-bound/step5_assembly.pdb
Info) Determining bond structure from distance search ...
Info) Finished with coordinate file /scratch/PI/rondror/akma327/DynamicNetworks/data/DynamicNetworksOutput/InteractionOutput/D4R-inactive-nemanopride-unpublished/condition-antagonist-bound/step5_assembly.pdb.
Info) Analyzing structure ...
Info)    Atoms: 50385
Info)    Bonds: 40237
Info)    Angles: 0  Dihedrals: 0  Impropers: 0  Cross-terms: 0
Info)    Bondtypes: 0  Angletypes: 0  Dihedraltypes: 0  Impropertypes: 0
Info)    Residues: 10788
Info)    Waters: 10340
Warning) Unusual bond between residues:  31 (none) and 32 (protein)
Warning) Unusual bond between residues:  227 (protein) and 228 (none)
Warning) Unusual bond between residues:  382 (none) and 384 (protein)
Warning) Unusual bond between residues:  382 (none) and 383 (protein)
Warning) Unusual bond between residues:  464 (protein) and 465 (none)
Info)    Segments: 7
Info)    Fragments: 10496   Protein: 2   Nucleic: 0
netcdfplugin) conventions: 'AMBER'
netcdfplugin) trajectory follows AMBER conventions version '1.0'
netcdfplugin) AMBER: program 'cpptraj'
netcdfplugin) AMBER: program version 'V15.0'
netcdfplugin) AMBER: title 'Cpptraj Generated trajectory'
netcdfplugin) AMBER: application 'AMBER'
netcdfplugin) AMBER: spatial dimension: 3
netcdfplugin) AMBER: atom dimension: 50385
netcdfplugin) AMBER: frame dimension: 269
netcdfplugin) AMBER: coordinates units: 'angstrom'
netcdfplugin) AMBER trajectory contains periodic cell information
netcdfplugin) AMBER: cell lengths units: 'angstrom'
netcdfplugin) AMBER: cell angles units: 'degree'
Info) Using plugin netcdf for coordinates from file /scratch/PI/rondror/akma327/DynamicNetworks/data/DynamicNetworksOutput/InteractionOutput/D4R-inactive-nemanopride-unpublished/condition-antagonist-bound/rep_3/Prod_2/Prod_2_reimaged.nc
Info) Finished with coordinate file /scratch/PI/rondror/akma327/DynamicNetworks/data/DynamicNetworksOutput/InteractionOutput/D4R-inactive-nemanopride-unpublished/condition-antagonist-bound/rep_3/Prod_2/Prod_2_reimaged.nc.
Info) Opened coordinate file /scratch/PI/rondror/akma327/DynamicNetworks/data/DynamicNetworksOutput/AlignedAmberTraj/D4R-inactive-nemanopride-unpublished/rep_3/Prod_2/Prod_2_reimaged.dcd for writing.
Info) Finished with coordinate file /scratch/PI/rondror/akma327/DynamicNetworks/data/DynamicNetworksOutput/AlignedAmberTraj/D4R-inactive-nemanopride-unpublished/rep_3/Prod_2/Prod_2_reimaged.dcd.
Time for wrapAlign.py = 0.79
Info) VMD for LINUXAMD64, version 1.9.3a3 (April 28, 2016)
Info) http://www.ks.uiuc.edu/Research/vmd/                         
Info) Email questions and bug reports to vmd@ks.uiuc.edu           
Info) Please include this reference in published work using VMD:   
Info)    Humphrey, W., Dalke, A. and Schulten, K., `VMD - Visual   
Info)    Molecular Dynamics', J. Molec. Graphics 1996, 14.1, 33-38.
Info) -------------------------------------------------------------
Info) Multithreading available, 16 CPUs detected.
Info) Free system memory: 113846MB (88%)
Info) Using plugin pdb for structure file /scratch/PI/rondror/akma327/DynamicNetworks/data/DynamicNetworksOutput/InteractionOutput/D4R-inactive-nemanopride-unpublished/condition-antagonist-bound/step5_assembly.pdb
Info) Using plugin pdb for coordinates from file /scratch/PI/rondror/akma327/DynamicNetworks/data/DynamicNetworksOutput/InteractionOutput/D4R-inactive-nemanopride-unpublished/condition-antagonist-bound/step5_assembly.pdb
Info) Determining bond structure from distance search ...
Info) Finished with coordinate file /scratch/PI/rondror/akma327/DynamicNetworks/data/DynamicNetworksOutput/InteractionOutput/D4R-inactive-nemanopride-unpublished/condition-antagonist-bound/step5_assembly.pdb.
Info) Analyzing structure ...
Info)    Atoms: 50385
Info)    Bonds: 40237
Info)    Angles: 0  Dihedrals: 0  Impropers: 0  Cross-terms: 0
Info)    Bondtypes: 0  Angletypes: 0  Dihedraltypes: 0  Impropertypes: 0
Info)    Residues: 10788
Info)    Waters: 10340
Warning) Unusual bond between residues:  31 (none) and 32 (protein)
Warning) Unusual bond between residues:  227 (protein) and 228 (none)
Warning) Unusual bond between residues:  382 (none) and 384 (protein)
Warning) Unusual bond between residues:  382 (none) and 383 (protein)
Warning) Unusual bond between residues:  464 (protein) and 465 (none)
Info)    Segments: 7
Info)    Fragments: 10496   Protein: 2   Nucleic: 0
netcdfplugin) conventions: 'AMBER'
netcdfplugin) trajectory follows AMBER conventions version '1.0'
netcdfplugin) AMBER: program 'cpptraj'
netcdfplugin) AMBER: program version 'V15.0'
netcdfplugin) AMBER: title 'Cpptraj Generated trajectory'
netcdfplugin) AMBER: application 'AMBER'
netcdfplugin) AMBER: spatial dimension: 3
netcdfplugin) AMBER: atom dimension: 50385
netcdfplugin) AMBER: frame dimension: 268
netcdfplugin) AMBER: coordinates units: 'angstrom'
netcdfplugin) AMBER trajectory contains periodic cell information
netcdfplugin) AMBER: cell lengths units: 'angstrom'
netcdfplugin) AMBER: cell angles units: 'degree'
Info) Using plugin netcdf for coordinates from file /scratch/PI/rondror/akma327/DynamicNetworks/data/DynamicNetworksOutput/InteractionOutput/D4R-inactive-nemanopride-unpublished/condition-antagonist-bound/rep_3/Prod_3/Prod_3_reimaged.nc
Info) Finished with coordinate file /scratch/PI/rondror/akma327/DynamicNetworks/data/DynamicNetworksOutput/InteractionOutput/D4R-inactive-nemanopride-unpublished/condition-antagonist-bound/rep_3/Prod_3/Prod_3_reimaged.nc.
Info) Opened coordinate file /scratch/PI/rondror/akma327/DynamicNetworks/data/DynamicNetworksOutput/AlignedAmberTraj/D4R-inactive-nemanopride-unpublished/rep_3/Prod_3/Prod_3_reimaged.dcd for writing.
Info) Finished with coordinate file /scratch/PI/rondror/akma327/DynamicNetworks/data/DynamicNetworksOutput/AlignedAmberTraj/D4R-inactive-nemanopride-unpublished/rep_3/Prod_3/Prod_3_reimaged.dcd.
Time for wrapAlign.py = 0.78
Info) VMD for LINUXAMD64, version 1.9.3a3 (April 28, 2016)
Info) http://www.ks.uiuc.edu/Research/vmd/                         
Info) Email questions and bug reports to vmd@ks.uiuc.edu           
Info) Please include this reference in published work using VMD:   
Info)    Humphrey, W., Dalke, A. and Schulten, K., `VMD - Visual   
Info)    Molecular Dynamics', J. Molec. Graphics 1996, 14.1, 33-38.
Info) -------------------------------------------------------------
Info) Multithreading available, 16 CPUs detected.
Info) Free system memory: 113806MB (88%)
Info) Using plugin pdb for structure file /scratch/PI/rondror/akma327/DynamicNetworks/data/DynamicNetworksOutput/InteractionOutput/D4R-inactive-nemanopride-unpublished/condition-antagonist-bound/step5_assembly.pdb
Info) Using plugin pdb for coordinates from file /scratch/PI/rondror/akma327/DynamicNetworks/data/DynamicNetworksOutput/InteractionOutput/D4R-inactive-nemanopride-unpublished/condition-antagonist-bound/step5_assembly.pdb
Info) Determining bond structure from distance search ...
Info) Finished with coordinate file /scratch/PI/rondror/akma327/DynamicNetworks/data/DynamicNetworksOutput/InteractionOutput/D4R-inactive-nemanopride-unpublished/condition-antagonist-bound/step5_assembly.pdb.
Info) Analyzing structure ...
Info)    Atoms: 50385
Info)    Bonds: 40237
Info)    Angles: 0  Dihedrals: 0  Impropers: 0  Cross-terms: 0
Info)    Bondtypes: 0  Angletypes: 0  Dihedraltypes: 0  Impropertypes: 0
Info)    Residues: 10788
Info)    Waters: 10340
Warning) Unusual bond between residues:  31 (none) and 32 (protein)
Warning) Unusual bond between residues:  227 (protein) and 228 (none)
Warning) Unusual bond between residues:  382 (none) and 384 (protein)
Warning) Unusual bond between residues:  382 (none) and 383 (protein)
Warning) Unusual bond between residues:  464 (protein) and 465 (none)
Info)    Segments: 7
Info)    Fragments: 10496   Protein: 2   Nucleic: 0
netcdfplugin) conventions: 'AMBER'
netcdfplugin) trajectory follows AMBER conventions version '1.0'
netcdfplugin) AMBER: program 'cpptraj'
netcdfplugin) AMBER: program version 'V15.0'
netcdfplugin) AMBER: title 'Cpptraj Generated trajectory'
netcdfplugin) AMBER: application 'AMBER'
netcdfplugin) AMBER: spatial dimension: 3
netcdfplugin) AMBER: atom dimension: 50385
netcdfplugin) AMBER: frame dimension: 264
netcdfplugin) AMBER: coordinates units: 'angstrom'
netcdfplugin) AMBER trajectory contains periodic cell information
netcdfplugin) AMBER: cell lengths units: 'angstrom'
netcdfplugin) AMBER: cell angles units: 'degree'
Info) Using plugin netcdf for coordinates from file /scratch/PI/rondror/akma327/DynamicNetworks/data/DynamicNetworksOutput/InteractionOutput/D4R-inactive-nemanopride-unpublished/condition-antagonist-bound/rep_3/Prod_4/Prod_4_reimaged.nc
Info) Finished with coordinate file /scratch/PI/rondror/akma327/DynamicNetworks/data/DynamicNetworksOutput/InteractionOutput/D4R-inactive-nemanopride-unpublished/condition-antagonist-bound/rep_3/Prod_4/Prod_4_reimaged.nc.
Info) Opened coordinate file /scratch/PI/rondror/akma327/DynamicNetworks/data/DynamicNetworksOutput/AlignedAmberTraj/D4R-inactive-nemanopride-unpublished/rep_3/Prod_4/Prod_4_reimaged.dcd for writing.
Info) Finished with coordinate file /scratch/PI/rondror/akma327/DynamicNetworks/data/DynamicNetworksOutput/AlignedAmberTraj/D4R-inactive-nemanopride-unpublished/rep_3/Prod_4/Prod_4_reimaged.dcd.
Time for wrapAlign.py = 0.78
Info) VMD for LINUXAMD64, version 1.9.3a3 (April 28, 2016)
Info) http://www.ks.uiuc.edu/Research/vmd/                         
Info) Email questions and bug reports to vmd@ks.uiuc.edu           
Info) Please include this reference in published work using VMD:   
Info)    Humphrey, W., Dalke, A. and Schulten, K., `VMD - Visual   
Info)    Molecular Dynamics', J. Molec. Graphics 1996, 14.1, 33-38.
Info) -------------------------------------------------------------
Info) Multithreading available, 16 CPUs detected.
Info) Free system memory: 113767MB (88%)
Info) Using plugin pdb for structure file /scratch/PI/rondror/akma327/DynamicNetworks/data/DynamicNetworksOutput/InteractionOutput/D4R-inactive-nemanopride-unpublished/condition-antagonist-bound/step5_assembly.pdb
Info) Using plugin pdb for coordinates from file /scratch/PI/rondror/akma327/DynamicNetworks/data/DynamicNetworksOutput/InteractionOutput/D4R-inactive-nemanopride-unpublished/condition-antagonist-bound/step5_assembly.pdb
Info) Determining bond structure from distance search ...
Info) Finished with coordinate file /scratch/PI/rondror/akma327/DynamicNetworks/data/DynamicNetworksOutput/InteractionOutput/D4R-inactive-nemanopride-unpublished/condition-antagonist-bound/step5_assembly.pdb.
Info) Analyzing structure ...
Info)    Atoms: 50385
Info)    Bonds: 40237
Info)    Angles: 0  Dihedrals: 0  Impropers: 0  Cross-terms: 0
Info)    Bondtypes: 0  Angletypes: 0  Dihedraltypes: 0  Impropertypes: 0
Info)    Residues: 10788
Info)    Waters: 10340
Warning) Unusual bond between residues:  31 (none) and 32 (protein)
Warning) Unusual bond between residues:  227 (protein) and 228 (none)
Warning) Unusual bond between residues:  382 (none) and 384 (protein)
Warning) Unusual bond between residues:  382 (none) and 383 (protein)
Warning) Unusual bond between residues:  464 (protein) and 465 (none)
Info)    Segments: 7
Info)    Fragments: 10496   Protein: 2   Nucleic: 0
netcdfplugin) conventions: 'AMBER'
netcdfplugin) trajectory follows AMBER conventions version '1.0'
netcdfplugin) AMBER: program 'cpptraj'
netcdfplugin) AMBER: program version 'V15.0'
netcdfplugin) AMBER: title 'Cpptraj Generated trajectory'
netcdfplugin) AMBER: application 'AMBER'
netcdfplugin) AMBER: spatial dimension: 3
netcdfplugin) AMBER: atom dimension: 50385
netcdfplugin) AMBER: frame dimension: 262
netcdfplugin) AMBER: coordinates units: 'angstrom'
netcdfplugin) AMBER trajectory contains periodic cell information
netcdfplugin) AMBER: cell lengths units: 'angstrom'
netcdfplugin) AMBER: cell angles units: 'degree'
Info) Using plugin netcdf for coordinates from file /scratch/PI/rondror/akma327/DynamicNetworks/data/DynamicNetworksOutput/InteractionOutput/D4R-inactive-nemanopride-unpublished/condition-antagonist-bound/rep_3/Prod_5/Prod_5_reimaged.nc
Info) Finished with coordinate file /scratch/PI/rondror/akma327/DynamicNetworks/data/DynamicNetworksOutput/InteractionOutput/D4R-inactive-nemanopride-unpublished/condition-antagonist-bound/rep_3/Prod_5/Prod_5_reimaged.nc.
Info) Opened coordinate file /scratch/PI/rondror/akma327/DynamicNetworks/data/DynamicNetworksOutput/AlignedAmberTraj/D4R-inactive-nemanopride-unpublished/rep_3/Prod_5/Prod_5_reimaged.dcd for writing.
Info) Finished with coordinate file /scratch/PI/rondror/akma327/DynamicNetworks/data/DynamicNetworksOutput/AlignedAmberTraj/D4R-inactive-nemanopride-unpublished/rep_3/Prod_5/Prod_5_reimaged.dcd.
Time for wrapAlign.py = 0.77
Info) VMD for LINUXAMD64, version 1.9.3a3 (April 28, 2016)
Info) http://www.ks.uiuc.edu/Research/vmd/                         
Info) Email questions and bug reports to vmd@ks.uiuc.edu           
Info) Please include this reference in published work using VMD:   
Info)    Humphrey, W., Dalke, A. and Schulten, K., `VMD - Visual   
Info)    Molecular Dynamics', J. Molec. Graphics 1996, 14.1, 33-38.
Info) -------------------------------------------------------------
Info) Multithreading available, 16 CPUs detected.
Info) Free system memory: 113767MB (88%)
Info) Using plugin pdb for structure file /scratch/PI/rondror/akma327/DynamicNetworks/data/DynamicNetworksOutput/InteractionOutput/D4R-inactive-nemanopride-unpublished/condition-antagonist-bound/step5_assembly.pdb
Info) Using plugin pdb for coordinates from file /scratch/PI/rondror/akma327/DynamicNetworks/data/DynamicNetworksOutput/InteractionOutput/D4R-inactive-nemanopride-unpublished/condition-antagonist-bound/step5_assembly.pdb
Info) Determining bond structure from distance search ...
Info) Finished with coordinate file /scratch/PI/rondror/akma327/DynamicNetworks/data/DynamicNetworksOutput/InteractionOutput/D4R-inactive-nemanopride-unpublished/condition-antagonist-bound/step5_assembly.pdb.
Info) Analyzing structure ...
Info)    Atoms: 50385
Info)    Bonds: 40237
Info)    Angles: 0  Dihedrals: 0  Impropers: 0  Cross-terms: 0
Info)    Bondtypes: 0  Angletypes: 0  Dihedraltypes: 0  Impropertypes: 0
Info)    Residues: 10788
Info)    Waters: 10340
Warning) Unusual bond between residues:  31 (none) and 32 (protein)
Warning) Unusual bond between residues:  227 (protein) and 228 (none)
Warning) Unusual bond between residues:  382 (none) and 384 (protein)
Warning) Unusual bond between residues:  382 (none) and 383 (protein)
Warning) Unusual bond between residues:  464 (protein) and 465 (none)
Info)    Segments: 7
Info)    Fragments: 10496   Protein: 2   Nucleic: 0
netcdfplugin) conventions: 'AMBER'
netcdfplugin) trajectory follows AMBER conventions version '1.0'
netcdfplugin) AMBER: program 'cpptraj'
netcdfplugin) AMBER: program version 'V15.0'
netcdfplugin) AMBER: title 'Cpptraj Generated trajectory'
netcdfplugin) AMBER: application 'AMBER'
netcdfplugin) AMBER: spatial dimension: 3
netcdfplugin) AMBER: atom dimension: 50385
netcdfplugin) AMBER: frame dimension: 265
netcdfplugin) AMBER: coordinates units: 'angstrom'
netcdfplugin) AMBER trajectory contains periodic cell information
netcdfplugin) AMBER: cell lengths units: 'angstrom'
netcdfplugin) AMBER: cell angles units: 'degree'
Info) Using plugin netcdf for coordinates from file /scratch/PI/rondror/akma327/DynamicNetworks/data/DynamicNetworksOutput/InteractionOutput/D4R-inactive-nemanopride-unpublished/condition-antagonist-bound/rep_3/Prod_6/Prod_6_reimaged.nc
Info) Finished with coordinate file /scratch/PI/rondror/akma327/DynamicNetworks/data/DynamicNetworksOutput/InteractionOutput/D4R-inactive-nemanopride-unpublished/condition-antagonist-bound/rep_3/Prod_6/Prod_6_reimaged.nc.
Info) Opened coordinate file /scratch/PI/rondror/akma327/DynamicNetworks/data/DynamicNetworksOutput/AlignedAmberTraj/D4R-inactive-nemanopride-unpublished/rep_3/Prod_6/Prod_6_reimaged.dcd for writing.
Info) Finished with coordinate file /scratch/PI/rondror/akma327/DynamicNetworks/data/DynamicNetworksOutput/AlignedAmberTraj/D4R-inactive-nemanopride-unpublished/rep_3/Prod_6/Prod_6_reimaged.dcd.
Time for wrapAlign.py = 0.78
Info) VMD for LINUXAMD64, version 1.9.3a3 (April 28, 2016)
Info) http://www.ks.uiuc.edu/Research/vmd/                         
Info) Email questions and bug reports to vmd@ks.uiuc.edu           
Info) Please include this reference in published work using VMD:   
Info)    Humphrey, W., Dalke, A. and Schulten, K., `VMD - Visual   
Info)    Molecular Dynamics', J. Molec. Graphics 1996, 14.1, 33-38.
Info) -------------------------------------------------------------
Info) Multithreading available, 16 CPUs detected.
Info) Free system memory: 113765MB (88%)
Info) Using plugin pdb for structure file /scratch/PI/rondror/akma327/DynamicNetworks/data/DynamicNetworksOutput/InteractionOutput/D4R-inactive-nemanopride-unpublished/condition-antagonist-bound/step5_assembly.pdb
Info) Using plugin pdb for coordinates from file /scratch/PI/rondror/akma327/DynamicNetworks/data/DynamicNetworksOutput/InteractionOutput/D4R-inactive-nemanopride-unpublished/condition-antagonist-bound/step5_assembly.pdb
Info) Determining bond structure from distance search ...
Info) Finished with coordinate file /scratch/PI/rondror/akma327/DynamicNetworks/data/DynamicNetworksOutput/InteractionOutput/D4R-inactive-nemanopride-unpublished/condition-antagonist-bound/step5_assembly.pdb.
Info) Analyzing structure ...
Info)    Atoms: 50385
Info)    Bonds: 40237
Info)    Angles: 0  Dihedrals: 0  Impropers: 0  Cross-terms: 0
Info)    Bondtypes: 0  Angletypes: 0  Dihedraltypes: 0  Impropertypes: 0
Info)    Residues: 10788
Info)    Waters: 10340
Warning) Unusual bond between residues:  31 (none) and 32 (protein)
Warning) Unusual bond between residues:  227 (protein) and 228 (none)
Warning) Unusual bond between residues:  382 (none) and 384 (protein)
Warning) Unusual bond between residues:  382 (none) and 383 (protein)
Warning) Unusual bond between residues:  464 (protein) and 465 (none)
Info)    Segments: 7
Info)    Fragments: 10496   Protein: 2   Nucleic: 0
netcdfplugin) conventions: 'AMBER'
netcdfplugin) trajectory follows AMBER conventions version '1.0'
netcdfplugin) AMBER: program 'cpptraj'
netcdfplugin) AMBER: program version 'V15.0'
netcdfplugin) AMBER: title 'Cpptraj Generated trajectory'
netcdfplugin) AMBER: application 'AMBER'
netcdfplugin) AMBER: spatial dimension: 3
netcdfplugin) AMBER: atom dimension: 50385
netcdfplugin) AMBER: frame dimension: 265
netcdfplugin) AMBER: coordinates units: 'angstrom'
netcdfplugin) AMBER trajectory contains periodic cell information
netcdfplugin) AMBER: cell lengths units: 'angstrom'
netcdfplugin) AMBER: cell angles units: 'degree'
Info) Using plugin netcdf for coordinates from file /scratch/PI/rondror/akma327/DynamicNetworks/data/DynamicNetworksOutput/InteractionOutput/D4R-inactive-nemanopride-unpublished/condition-antagonist-bound/rep_3/Prod_7/Prod_7_reimaged.nc
Info) Finished with coordinate file /scratch/PI/rondror/akma327/DynamicNetworks/data/DynamicNetworksOutput/InteractionOutput/D4R-inactive-nemanopride-unpublished/condition-antagonist-bound/rep_3/Prod_7/Prod_7_reimaged.nc.
Info) Opened coordinate file /scratch/PI/rondror/akma327/DynamicNetworks/data/DynamicNetworksOutput/AlignedAmberTraj/D4R-inactive-nemanopride-unpublished/rep_3/Prod_7/Prod_7_reimaged.dcd for writing.
Info) Finished with coordinate file /scratch/PI/rondror/akma327/DynamicNetworks/data/DynamicNetworksOutput/AlignedAmberTraj/D4R-inactive-nemanopride-unpublished/rep_3/Prod_7/Prod_7_reimaged.dcd.
Time for wrapAlign.py = 0.77
Info) VMD for LINUXAMD64, version 1.9.3a3 (April 28, 2016)
Info) http://www.ks.uiuc.edu/Research/vmd/                         
Info) Email questions and bug reports to vmd@ks.uiuc.edu           
Info) Please include this reference in published work using VMD:   
Info)    Humphrey, W., Dalke, A. and Schulten, K., `VMD - Visual   
Info)    Molecular Dynamics', J. Molec. Graphics 1996, 14.1, 33-38.
Info) -------------------------------------------------------------
Info) Multithreading available, 16 CPUs detected.
Info) Free system memory: 113749MB (88%)
Info) Using plugin pdb for structure file /scratch/PI/rondror/akma327/DynamicNetworks/data/DynamicNetworksOutput/InteractionOutput/D4R-inactive-nemanopride-unpublished/condition-antagonist-bound/step5_assembly.pdb
Info) Using plugin pdb for coordinates from file /scratch/PI/rondror/akma327/DynamicNetworks/data/DynamicNetworksOutput/InteractionOutput/D4R-inactive-nemanopride-unpublished/condition-antagonist-bound/step5_assembly.pdb
Info) Determining bond structure from distance search ...
Info) Finished with coordinate file /scratch/PI/rondror/akma327/DynamicNetworks/data/DynamicNetworksOutput/InteractionOutput/D4R-inactive-nemanopride-unpublished/condition-antagonist-bound/step5_assembly.pdb.
Info) Analyzing structure ...
Info)    Atoms: 50385
Info)    Bonds: 40237
Info)    Angles: 0  Dihedrals: 0  Impropers: 0  Cross-terms: 0
Info)    Bondtypes: 0  Angletypes: 0  Dihedraltypes: 0  Impropertypes: 0
Info)    Residues: 10788
Info)    Waters: 10340
Warning) Unusual bond between residues:  31 (none) and 32 (protein)
Warning) Unusual bond between residues:  227 (protein) and 228 (none)
Warning) Unusual bond between residues:  382 (none) and 384 (protein)
Warning) Unusual bond between residues:  382 (none) and 383 (protein)
Warning) Unusual bond between residues:  464 (protein) and 465 (none)
Info)    Segments: 7
Info)    Fragments: 10496   Protein: 2   Nucleic: 0
netcdfplugin) conventions: 'AMBER'
netcdfplugin) trajectory follows AMBER conventions version '1.0'
netcdfplugin) AMBER: program 'cpptraj'
netcdfplugin) AMBER: program version 'V15.0'
netcdfplugin) AMBER: title 'Cpptraj Generated trajectory'
netcdfplugin) AMBER: application 'AMBER'
netcdfplugin) AMBER: spatial dimension: 3
netcdfplugin) AMBER: atom dimension: 50385
netcdfplugin) AMBER: frame dimension: 268
netcdfplugin) AMBER: coordinates units: 'angstrom'
netcdfplugin) AMBER trajectory contains periodic cell information
netcdfplugin) AMBER: cell lengths units: 'angstrom'
netcdfplugin) AMBER: cell angles units: 'degree'
Info) Using plugin netcdf for coordinates from file /scratch/PI/rondror/akma327/DynamicNetworks/data/DynamicNetworksOutput/InteractionOutput/D4R-inactive-nemanopride-unpublished/condition-antagonist-bound/rep_3/Prod_8/Prod_8_reimaged.nc
Info) Finished with coordinate file /scratch/PI/rondror/akma327/DynamicNetworks/data/DynamicNetworksOutput/InteractionOutput/D4R-inactive-nemanopride-unpublished/condition-antagonist-bound/rep_3/Prod_8/Prod_8_reimaged.nc.
Info) Opened coordinate file /scratch/PI/rondror/akma327/DynamicNetworks/data/DynamicNetworksOutput/AlignedAmberTraj/D4R-inactive-nemanopride-unpublished/rep_3/Prod_8/Prod_8_reimaged.dcd for writing.
Info) Finished with coordinate file /scratch/PI/rondror/akma327/DynamicNetworks/data/DynamicNetworksOutput/AlignedAmberTraj/D4R-inactive-nemanopride-unpublished/rep_3/Prod_8/Prod_8_reimaged.dcd.
Time for wrapAlign.py = 0.78
Info) VMD for LINUXAMD64, version 1.9.3a3 (April 28, 2016)
Info) http://www.ks.uiuc.edu/Research/vmd/                         
Info) Email questions and bug reports to vmd@ks.uiuc.edu           
Info) Please include this reference in published work using VMD:   
Info)    Humphrey, W., Dalke, A. and Schulten, K., `VMD - Visual   
Info)    Molecular Dynamics', J. Molec. Graphics 1996, 14.1, 33-38.
Info) -------------------------------------------------------------
Info) Multithreading available, 16 CPUs detected.
Info) Free system memory: 113740MB (88%)
Info) Using plugin pdb for structure file /scratch/PI/rondror/akma327/DynamicNetworks/data/DynamicNetworksOutput/InteractionOutput/D4R-inactive-nemanopride-unpublished/condition-antagonist-bound/step5_assembly.pdb
Info) Using plugin pdb for coordinates from file /scratch/PI/rondror/akma327/DynamicNetworks/data/DynamicNetworksOutput/InteractionOutput/D4R-inactive-nemanopride-unpublished/condition-antagonist-bound/step5_assembly.pdb
Info) Determining bond structure from distance search ...
Info) Finished with coordinate file /scratch/PI/rondror/akma327/DynamicNetworks/data/DynamicNetworksOutput/InteractionOutput/D4R-inactive-nemanopride-unpublished/condition-antagonist-bound/step5_assembly.pdb.
Info) Analyzing structure ...
Info)    Atoms: 50385
Info)    Bonds: 40237
Info)    Angles: 0  Dihedrals: 0  Impropers: 0  Cross-terms: 0
Info)    Bondtypes: 0  Angletypes: 0  Dihedraltypes: 0  Impropertypes: 0
Info)    Residues: 10788
Info)    Waters: 10340
Warning) Unusual bond between residues:  31 (none) and 32 (protein)
Warning) Unusual bond between residues:  227 (protein) and 228 (none)
Warning) Unusual bond between residues:  382 (none) and 384 (protein)
Warning) Unusual bond between residues:  382 (none) and 383 (protein)
Warning) Unusual bond between residues:  464 (protein) and 465 (none)
Info)    Segments: 7
Info)    Fragments: 10496   Protein: 2   Nucleic: 0
netcdfplugin) conventions: 'AMBER'
netcdfplugin) trajectory follows AMBER conventions version '1.0'
netcdfplugin) AMBER: program 'cpptraj'
netcdfplugin) AMBER: program version 'V15.0'
netcdfplugin) AMBER: title 'Cpptraj Generated trajectory'
netcdfplugin) AMBER: application 'AMBER'
netcdfplugin) AMBER: spatial dimension: 3
netcdfplugin) AMBER: atom dimension: 50385
netcdfplugin) AMBER: frame dimension: 267
netcdfplugin) AMBER: coordinates units: 'angstrom'
netcdfplugin) AMBER trajectory contains periodic cell information
netcdfplugin) AMBER: cell lengths units: 'angstrom'
netcdfplugin) AMBER: cell angles units: 'degree'
Info) Using plugin netcdf for coordinates from file /scratch/PI/rondror/akma327/DynamicNetworks/data/DynamicNetworksOutput/InteractionOutput/D4R-inactive-nemanopride-unpublished/condition-antagonist-bound/rep_3/Prod_9/Prod_9_reimaged.nc
Info) Finished with coordinate file /scratch/PI/rondror/akma327/DynamicNetworks/data/DynamicNetworksOutput/InteractionOutput/D4R-inactive-nemanopride-unpublished/condition-antagonist-bound/rep_3/Prod_9/Prod_9_reimaged.nc.
Info) Opened coordinate file /scratch/PI/rondror/akma327/DynamicNetworks/data/DynamicNetworksOutput/AlignedAmberTraj/D4R-inactive-nemanopride-unpublished/rep_3/Prod_9/Prod_9_reimaged.dcd for writing.
Info) Finished with coordinate file /scratch/PI/rondror/akma327/DynamicNetworks/data/DynamicNetworksOutput/AlignedAmberTraj/D4R-inactive-nemanopride-unpublished/rep_3/Prod_9/Prod_9_reimaged.dcd.
Time for wrapAlign.py = 0.78
Info) VMD for LINUXAMD64, version 1.9.3a3 (April 28, 2016)
Info) http://www.ks.uiuc.edu/Research/vmd/                         
Info) Email questions and bug reports to vmd@ks.uiuc.edu           
Info) Please include this reference in published work using VMD:   
Info)    Humphrey, W., Dalke, A. and Schulten, K., `VMD - Visual   
Info)    Molecular Dynamics', J. Molec. Graphics 1996, 14.1, 33-38.
Info) -------------------------------------------------------------
Info) Multithreading available, 16 CPUs detected.
Info) Free system memory: 113752MB (88%)
Info) Using plugin pdb for structure file /scratch/PI/rondror/akma327/DynamicNetworks/data/DynamicNetworksOutput/InteractionOutput/D4R-inactive-nemanopride-unpublished/condition-antagonist-bound/step5_assembly.pdb
Info) Using plugin pdb for coordinates from file /scratch/PI/rondror/akma327/DynamicNetworks/data/DynamicNetworksOutput/InteractionOutput/D4R-inactive-nemanopride-unpublished/condition-antagonist-bound/step5_assembly.pdb
Info) Determining bond structure from distance search ...
Info) Finished with coordinate file /scratch/PI/rondror/akma327/DynamicNetworks/data/DynamicNetworksOutput/InteractionOutput/D4R-inactive-nemanopride-unpublished/condition-antagonist-bound/step5_assembly.pdb.
Info) Analyzing structure ...
Info)    Atoms: 50385
Info)    Bonds: 40237
Info)    Angles: 0  Dihedrals: 0  Impropers: 0  Cross-terms: 0
Info)    Bondtypes: 0  Angletypes: 0  Dihedraltypes: 0  Impropertypes: 0
Info)    Residues: 10788
Info)    Waters: 10340
Warning) Unusual bond between residues:  31 (none) and 32 (protein)
Warning) Unusual bond between residues:  227 (protein) and 228 (none)
Warning) Unusual bond between residues:  382 (none) and 384 (protein)
Warning) Unusual bond between residues:  382 (none) and 383 (protein)
Warning) Unusual bond between residues:  464 (protein) and 465 (none)
Info)    Segments: 7
Info)    Fragments: 10496   Protein: 2   Nucleic: 0
netcdfplugin) conventions: 'AMBER'
netcdfplugin) trajectory follows AMBER conventions version '1.0'
netcdfplugin) AMBER: program 'cpptraj'
netcdfplugin) AMBER: program version 'V15.0'
netcdfplugin) AMBER: title 'Cpptraj Generated trajectory'
netcdfplugin) AMBER: application 'AMBER'
netcdfplugin) AMBER: spatial dimension: 3
netcdfplugin) AMBER: atom dimension: 50385
netcdfplugin) AMBER: frame dimension: 37
netcdfplugin) AMBER: coordinates units: 'angstrom'
netcdfplugin) AMBER trajectory contains periodic cell information
netcdfplugin) AMBER: cell lengths units: 'angstrom'
netcdfplugin) AMBER: cell angles units: 'degree'
Info) Using plugin netcdf for coordinates from file /scratch/PI/rondror/akma327/DynamicNetworks/data/DynamicNetworksOutput/InteractionOutput/D4R-inactive-nemanopride-unpublished/condition-antagonist-bound/rep_3/Prod_10/Prod_10_reimaged.nc
Info) Finished with coordinate file /scratch/PI/rondror/akma327/DynamicNetworks/data/DynamicNetworksOutput/InteractionOutput/D4R-inactive-nemanopride-unpublished/condition-antagonist-bound/rep_3/Prod_10/Prod_10_reimaged.nc.
Info) Opened coordinate file /scratch/PI/rondror/akma327/DynamicNetworks/data/DynamicNetworksOutput/AlignedAmberTraj/D4R-inactive-nemanopride-unpublished/rep_3/Prod_10/Prod_10_reimaged.dcd for writing.
Info) Finished with coordinate file /scratch/PI/rondror/akma327/DynamicNetworks/data/DynamicNetworksOutput/AlignedAmberTraj/D4R-inactive-nemanopride-unpublished/rep_3/Prod_10/Prod_10_reimaged.dcd.
Time for wrapAlign.py = 0.22
Info) VMD for LINUXAMD64, version 1.9.3a3 (April 28, 2016)
Info) http://www.ks.uiuc.edu/Research/vmd/                         
Info) Email questions and bug reports to vmd@ks.uiuc.edu           
Info) Please include this reference in published work using VMD:   
Info)    Humphrey, W., Dalke, A. and Schulten, K., `VMD - Visual   
Info)    Molecular Dynamics', J. Molec. Graphics 1996, 14.1, 33-38.
Info) -------------------------------------------------------------
Info) Multithreading available, 16 CPUs detected.
Info) Free system memory: 113753MB (88%)
Info) Using plugin pdb for structure file /scratch/PI/rondror/akma327/DynamicNetworks/data/DynamicNetworksOutput/InteractionOutput/D4R-inactive-nemanopride-unpublished/condition-antagonist-bound/step5_assembly.pdb
Info) Using plugin pdb for coordinates from file /scratch/PI/rondror/akma327/DynamicNetworks/data/DynamicNetworksOutput/InteractionOutput/D4R-inactive-nemanopride-unpublished/condition-antagonist-bound/step5_assembly.pdb
Info) Determining bond structure from distance search ...
Info) Finished with coordinate file /scratch/PI/rondror/akma327/DynamicNetworks/data/DynamicNetworksOutput/InteractionOutput/D4R-inactive-nemanopride-unpublished/condition-antagonist-bound/step5_assembly.pdb.
Info) Analyzing structure ...
Info)    Atoms: 50385
Info)    Bonds: 40237
Info)    Angles: 0  Dihedrals: 0  Impropers: 0  Cross-terms: 0
Info)    Bondtypes: 0  Angletypes: 0  Dihedraltypes: 0  Impropertypes: 0
Info)    Residues: 10788
Info)    Waters: 10340
Warning) Unusual bond between residues:  31 (none) and 32 (protein)
Warning) Unusual bond between residues:  227 (protein) and 228 (none)
Warning) Unusual bond between residues:  382 (none) and 384 (protein)
Warning) Unusual bond between residues:  382 (none) and 383 (protein)
Warning) Unusual bond between residues:  464 (protein) and 465 (none)
Info)    Segments: 7
Info)    Fragments: 10496   Protein: 2   Nucleic: 0
netcdfplugin) conventions: 'AMBER'
netcdfplugin) trajectory follows AMBER conventions version '1.0'
netcdfplugin) AMBER: program 'cpptraj'
netcdfplugin) AMBER: program version 'V15.0'
netcdfplugin) AMBER: title 'Cpptraj Generated trajectory'
netcdfplugin) AMBER: application 'AMBER'
netcdfplugin) AMBER: spatial dimension: 3
netcdfplugin) AMBER: atom dimension: 50385
netcdfplugin) AMBER: frame dimension: 91
netcdfplugin) AMBER: coordinates units: 'angstrom'
netcdfplugin) AMBER trajectory contains periodic cell information
netcdfplugin) AMBER: cell lengths units: 'angstrom'
netcdfplugin) AMBER: cell angles units: 'degree'
Info) Using plugin netcdf for coordinates from file /scratch/PI/rondror/akma327/DynamicNetworks/data/DynamicNetworksOutput/InteractionOutput/D4R-inactive-nemanopride-unpublished/condition-antagonist-bound/rep_3/Prod_11/Prod_11_reimaged.nc
Info) Finished with coordinate file /scratch/PI/rondror/akma327/DynamicNetworks/data/DynamicNetworksOutput/InteractionOutput/D4R-inactive-nemanopride-unpublished/condition-antagonist-bound/rep_3/Prod_11/Prod_11_reimaged.nc.
Info) Opened coordinate file /scratch/PI/rondror/akma327/DynamicNetworks/data/DynamicNetworksOutput/AlignedAmberTraj/D4R-inactive-nemanopride-unpublished/rep_3/Prod_11/Prod_11_reimaged.dcd for writing.
Info) Finished with coordinate file /scratch/PI/rondror/akma327/DynamicNetworks/data/DynamicNetworksOutput/AlignedAmberTraj/D4R-inactive-nemanopride-unpublished/rep_3/Prod_11/Prod_11_reimaged.dcd.
Time for wrapAlign.py = 0.35
