mkdir: mkdir: cannot create directory `Prod_0'cannot create directory `Prod_0': File exists
: File existsmkdir: 
mkdir: cannot create directory `Prod_0'cannot create directory `Prod_0'mkdir: : File exists: File existscannot create directory `Prod_0'

: File exists
mkdir: cannot create directory `Prod_1': File exists
mkdir: cannot create directory `Prod_1': File exists
mkdir: cannot create directory `Prod_1': File exists
mkdir: cannot create directory `Prod_1': File exists
mkdir: cannot create directory `Prod_1': File exists
mkdir: cannot create directory `Prod_2': File exists
mkdir: cannot create directory `Prod_2': File exists
mkdir: cannot create directory `Prod_2': File exists
mkdir: cannot create directory `Prod_2': File exists
mkdir: cannot create directory `Prod_3': File exists
mkdir: cannot create directory `Prod_2': File exists
mkdir: cannot create directory `Prod_4': File exists
mkdir: cannot create directory `Prod_3': File exists
mkdir: cannot create directory `Prod_3': File exists
mkdir: cannot create directory `Prod_5': File exists
mkdir: cannot create directory `Prod_3': File exists
mkdir: cannot create directory `Prod_3': File exists
mkdir: cannot create directory `Prod_4': File exists
mkdir: cannot create directory `Prod_6': File exists
mkdir: cannot create directory `Prod_4': File exists
mkdir: cannot create directory `Prod_4': File exists
mkdir: cannot create directory `Prod_4': File exists
mkdir: cannot create directory `Prod_7': File exists
mkdir: cannot create directory `Prod_5': File exists
mkdir: cannot create directory `Prod_5': File exists
mkdir: cannot create directory `Prod_8': File exists
mkdir: cannot create directory `Prod_6': File exists
mkdir: cannot create directory `Prod_5': File exists
mkdir: cannot create directory `Prod_7': File exists
mkdir: cannot create directory `Prod_5': File exists
mkdir: cannot create directory `Prod_9': File exists
mkdir: cannot create directory `Prod_10': File exists
mkdir: cannot create directory `Prod_8': File exists
mkdir: cannot create directory `Prod_9': File exists
mkdir: cannot create directory `Prod_6': File exists
mkdir: cannot create directory `Prod_6': File exists
mkdir: cannot create directory `Prod_11': File exists
mkdir: cannot create directory `Prod_6': File exists
mkdir: cannot create directory `Prod_12': File exists
mkdir: cannot create directory `Prod_13': File exists
mkdir: cannot create directory `Prod_10': File exists
mkdir: cannot create directory `Prod_7': File exists
mkdir: cannot create directory `Prod_7': File exists
mkdir: cannot create directory `Prod_7': File exists
mkdir: cannot create directory `Prod_14': File exists
mkdir: cannot create directory `Prod_11': File exists
mkdir: cannot create directory `Prod_8': File exists
mkdir: cannot create directory `Prod_8': File exists
mkdir: cannot create directory `Prod_8': File exists
mkdir: cannot create directory `Prod_12': File exists
mkdir: cannot create directory `Prod_9': File exists
mkdir: cannot create directory `Prod_15': File exists
mkdir: cannot create directory `Prod_13': File exists
mkdir: cannot create directory `Prod_10': File exists
mkdir: cannot create directory `Prod_14': File exists
mkdir: cannot create directory `Prod_9': File exists
mkdir: cannot create directory `Prod_16': File exists
mkdir: cannot create directory `Prod_9': File exists
mkdir: cannot create directory `Prod_17': File exists
mkdir: cannot create directory `Prod_10': File exists
mkdir: cannot create directory `Prod_18': File exists
mkdir: cannot create directory `Prod_11': File exists
mkdir: cannot create directory `Prod_19': File exists
mkdir: cannot create directory `Prod_15': File exists
mkdir: cannot create directory `Prod_10': File exists
mkdir: cannot create directory `Prod_20': File exists
mkdir: cannot create directory `Prod_11': File exists
mkdir: cannot create directory `Prod_12': File exists
mkdir: cannot create directory `Prod_13': File exists
mkdir: cannot create directory `Prod_21': File exists
mkdir: cannot create directory `Prod_16': File exists
mkdir: cannot create directory `Prod_14': File exists
mkdir: cannot create directory `Prod_22': File exists
mkdir: cannot create directory `Prod_11': File exists
mkdir: cannot create directory `Prod_15': File exists
mkdir: cannot create directory `Prod_16': File exists
mkdir: cannot create directory `Prod_12': File exists
mkdir: cannot create directory `Prod_17': File exists
mkdir: cannot create directory `Prod_23': File exists
mkdir: cannot create directory `Prod_17': File exists
mkdir: cannot create directory `Prod_18': File exists
mkdir: cannot create directory `Prod_24': File exists
mkdir: cannot create directory `Prod_12': File exists
mkdir: cannot create directory `Prod_19': File exists
mkdir: cannot create directory `Prod_20': File exists
mkdir: cannot create directory `Prod_13': File exists
mkdir: cannot create directory `Prod_18': File exists
mkdir: cannot create directory `Prod_21': File exists
mkdir: cannot create directory `Prod_22': File exists
mkdir: cannot create directory `Prod_25': File exists
mkdir: cannot create directory `Prod_13': File exists
mkdir: cannot create directory `Prod_23': File exists
mkdir: cannot create directory `Prod_24': File exists
mkdir: cannot create directory `Prod_14': File exists
mkdir: cannot create directory `Prod_14': File exists
mkdir: cannot create directory `Prod_19': File exists
mkdir: cannot create directory `Prod_25': File exists
mkdir: cannot create directory `Prod_26': File exists
mkdir: cannot create directory `Prod_26': File exists
mkdir: cannot create directory `Prod_15': File exists
mkdir: cannot create directory `Prod_15': File exists
mkdir: cannot create directory `Prod_20': File exists
mkdir: cannot create directory `Prod_27': File exists
mkdir: cannot create directory `Prod_27': File exists
mkdir: cannot create directory `Prod_28': File exists
mkdir: cannot create directory `Prod_29': File exists
mkdir: cannot create directory `Prod_16': File exists
mkdir: cannot create directory `Prod_21': File exists
mkdir: cannot create directory `Prod_30': File exists
mkdir: cannot create directory `Prod_16': File exists
mkdir: cannot create directory `Prod_28': File exists
rm: cannot remove `reimage.in': No such file or directory
mkdir: cannot create directory `Prod_17': File exists
mkdir: cannot create directory `Prod_22': File exists
mkdir: cannot create directory `Prod_17': File exists
mkdir: cannot create directory `Prod_29': File exists
rm: cannot remove `reimage.in': No such file or directory
rm: cannot remove `reimage.in': No such file or directory
rm: cannot remove `reimage.in': No such file or directory
mkdir: cannot create directory `Prod_18': File exists
mkdir: cannot create directory `Prod_30': File exists
rm: cannot remove `reimage.in': No such file or directory
rm: cannot remove `reimage.in': No such file or directory
rm: cannot remove `reimage.in': No such file or directory
rm: cannot remove `reimage.in': No such file or directory
rm: cannot remove `reimage.in': No such file or directory
mkdir: cannot create directory `Prod_31': File exists
rm: cannot remove `reimage.in': No such file or directory
rm: cannot remove `reimage.in': No such file or directory
rm: cannot remove `reimage.in': No such file or directory
rm: cannot remove `reimage.in': No such file or directory
rm: cannot remove `reimage.in': No such file or directory
rm: cannot remove `reimage.in': No such file or directory
rm: cannot remove `reimage.in': No such file or directory
rm: cannot remove `reimage.in': No such file or directory
rm: cannot remove `reimage.in': No such file or directory
rm: cannot remove `reimage.in': No such file or directory
rm: cannot remove `reimage.in': No such file or directory
rm: cannot remove `reimage.in': No such file or directory
rm: cannot remove `reimage.in': No such file or directory
rm: cannot remove `reimage.in': No such file or directory
rm: cannot remove `reimage.in': No such file or directory
rm: cannot remove `reimage.in': No such file or directory
rm: cannot remove `reimage.in': No such file or directory
rm: cannot remove `reimage.in': No such file or directory
rm: cannot remove `reimage.in': No such file or directory
rm: cannot remove `reimage.in': No such file or directory
rm: cannot remove `reimage.in': No such file or directory
rm: cannot remove `reimage.in': No such file or directory
rm: cannot remove `reimage.in': No such file or directory
rm: cannot remove `reimage.in': No such file or directory
rm: cannot remove `reimage.in': No such file or directory
rm: cannot remove `reimage.in': No such file or directory
rm: cannot remove `reimage.in': No such file or directory
rm: cannot remove `reimage.in': No such file or directory
rm: cannot remove `reimage.in': No such file or directory
rm: cannot remove `reimage.in': No such file or directory
rm: cannot remove `reimage.in': No such file or directory
rm: cannot remove `reimage.in': No such file or directory
rm: cannot remove `reimage.in': No such file or directory
rm: cannot remove `reimage.in': No such file or directory
rm: cannot remove `reimage.in': No such file or directory
rm: cannot remove `reimage.in': No such file or directory
rm: cannot remove `reimage.in': No such file or directory
rm: cannot remove `reimage.in': No such file or directory
rm: cannot remove `reimage.in': No such file or directory
rm: cannot remove `reimage.in': No such file or directory
rm: cannot remove `reimage.in': No such file or directory
rm: cannot remove `reimage.in': No such file or directory
rm: cannot remove `reimage.in': No such file or directory
rm: cannot remove `reimage.in': No such file or directory
rm: cannot remove `reimage.in': No such file or directory
rm: cannot remove `reimage.in': No such file or directory
rm: cannot remove `reimage.in': No such file or directory
rm: cannot remove `reimage.in': No such file or directory
rm: cannot remove `reimage.in': No such file or directory
rm: cannot remove `reimage.in': No such file or directory
rm: cannot remove `reimage.in': No such file or directory
rm: cannot remove `reimage.in': No such file or directory
rm: cannot remove `reimage.in': No such file or directory
rm: cannot remove `reimage.in': No such file or directory
rm: cannot remove `reimage.in': No such file or directory
rm: cannot remove `reimage.in': No such file or directory
rm: cannot remove `reimage.in': No such file or directory
rm: cannot remove `reimage.in': No such file or directory
rm: cannot remove `reimage.in': No such file or directory
rm: cannot remove `reimage.in': No such file or directory
rm: cannot remove `reimage.in': No such file or directory
rm: cannot remove `reimage.in': No such file or directory
rm: cannot remove `reimage.in': No such file or directory
rm: cannot remove `reimage.in': No such file or directory
rm: cannot remove `reimage.in': No such file or directory
rm: cannot remove `reimage.in': No such file or directory
rm: cannot remove `reimage.in': No such file or directory
rm: cannot remove `reimage.in': No such file or directory
rm: cannot remove `reimage.in': No such file or directory
rm: cannot remove `reimage.in': No such file or directory
rm: cannot remove `reimage.in': No such file or directory
rm: cannot remove `reimage.in': No such file or directory
rm: cannot remove `reimage.in': No such file or directory
rm: cannot remove `reimage.in': No such file or directory
rm: cannot remove `reimage.in': No such file or directory
rm: cannot remove `reimage.in': No such file or directory
rm: cannot remove `reimage.in': No such file or directory
rm: cannot remove `reimage.in': No such file or directory
rm: cannot remove `reimage.in': No such file or directory
rm: cannot remove `reimage.in': No such file or directory
rm: cannot remove `reimage.in': No such file or directory
rm: cannot remove `reimage.in': No such file or directory
rm: cannot remove `reimage.in': No such file or directory
rm: cannot remove `reimage.in': No such file or directory
rm: cannot remove `reimage.in': No such file or directory
rm: cannot remove `reimage.in': No such file or directory
rm: cannot remove `reimage.in': No such file or directory
rm: cannot remove `reimage.in': No such file or directory
rm: cannot remove `reimage.in': No such file or directory
rm: cannot remove `reimage.in': No such file or directory
rm: cannot remove `reimage.in': No such file or directory
rm: cannot remove `reimage.in': No such file or directory
rm: cannot remove `reimage.in': No such file or directory
rm: cannot remove `reimage.in': No such file or directory
rm: cannot remove `reimage.in': No such file or directory
rm: cannot remove `reimage.in': No such file or directory
rm: cannot remove `reimage.in': No such file or directory
rm: cannot remove `reimage.in': No such file or directory
rm: cannot remove `reimage.in': No such file or directory
