Compute Simulation EvoBundle Json: /scratch/PI/rondror/akma327/DynamicNetworks/data/DynamicNetworksOutput/InteractionOutputDictionary/M2R-active-unrestrained-unpublished/condition-prot-asp2x50-3x49/rep_2/050516_NONHB_DEFAULT_HB_3.5_70
Time: 1.02
Compute Simulation EvoBundle Json: /scratch/PI/rondror/akma327/DynamicNetworks/data/DynamicNetworksOutput/InteractionOutputDictionary/M2R-active-unrestrained-unpublished/condition-prot-asp2x50-3x49/rep_3/050516_NONHB_DEFAULT_HB_3.5_70
Time: 1.06
Compute Simulation EvoBundle Json: /scratch/PI/rondror/akma327/DynamicNetworks/data/DynamicNetworksOutput/InteractionOutputDictionary/D4R-inactive-nemanopride-unpublished/condition-antagonist-bound/rep_2/050516_NONHB_DEFAULT_HB_3.5_70
HSD414 not found.
HSD414 not found.
HSD414 not found.
Time: 1.07
Compute Simulation EvoBundle Json: /scratch/PI/rondror/akma327/DynamicNetworks/data/DynamicNetworksOutput/InteractionOutputDictionary/MOR-active-noNb-BU72-nature2015/condition-nb-interface-restrained-BU72/rep_3/050516_NONHB_DEFAULT_HB_3.5_70
HSD54 not found.
HSD54 not found.
HSD54 not found.
HSD54 not found.
HSD54 not found.
HSD297 not found.
HSD297 not found.
HSD297 not found.
HSD297 not found.
HSD54 not found.
HSD54 not found.
HSD54 not found.
HSD54 not found.
Time: 1.15
Compute Simulation EvoBundle Json: /scratch/PI/rondror/akma327/DynamicNetworks/data/DynamicNetworksOutput/InteractionOutputDictionary/DOR-inactive-naltrindole-unpublished/condition-naltrindole-bound/rep_2/050516_NONHB_DEFAULT_HB_3.5_70
HSD278 not found.
HSD278 not found.
Time: 1.1
Compute Simulation EvoBundle Json: /scratch/PI/rondror/akma327/DynamicNetworks/data/DynamicNetworksOutput/InteractionOutputDictionary/B2AR-active-Gs-BI-science2015/condition-23/rep_1/050516_NONHB_DEFAULT_HB_3.5_70
HIE296 not found.
Time: 1.36
Compute Simulation EvoBundle Json: /scratch/PI/rondror/akma327/DynamicNetworks/data/DynamicNetworksOutput/InteractionOutputDictionary/M2R-active-restrained-unpublished/condition-prot-asp2x50-3x49/rep_3/050516_NONHB_DEFAULT_HB_3.5_70
Time: 1.03
Compute Simulation EvoBundle Json: /scratch/PI/rondror/akma327/DynamicNetworks/data/DynamicNetworksOutput/InteractionOutputDictionary/D4R-inactive-nemanopride-unpublished/condition-antagonist-bound/rep_1/050516_NONHB_DEFAULT_HB_3.5_70
HSD414 not found.
HSD414 not found.
HSD414 not found.
HSD414 not found.
Time: 1.07
Compute Simulation EvoBundle Json: /scratch/PI/rondror/akma327/DynamicNetworks/data/DynamicNetworksOutput/InteractionOutputDictionary/Rhodopsin-active-unrestrained-unpublished/2x72-E113Q-M257Y-constitutively-active/rep_2/050516_NONHB_DEFAULT_HB_3.5_70
GLN113 not found.
Time: 1.07
Compute Simulation EvoBundle Json: /scratch/PI/rondror/akma327/DynamicNetworks/data/DynamicNetworksOutput/InteractionOutputDictionary/D4R-inactive-nemanopride-unpublished/condition-antagonist-bound/rep_3/050516_NONHB_DEFAULT_HB_3.5_70
HSD414 not found.
HSD414 not found.
HSD414 not found.
Time: 1.14
Compute Simulation EvoBundle Json: /scratch/PI/rondror/akma327/DynamicNetworks/data/DynamicNetworksOutput/InteractionOutputDictionary/M2R-active-restrained-unpublished/condition-prot-asp2x50-3x49/rep_1/050516_NONHB_DEFAULT_HB_3.5_70
Time: 1.01
Compute Simulation EvoBundle Json: /scratch/PI/rondror/akma327/DynamicNetworks/data/DynamicNetworksOutput/InteractionOutputDictionary/B2AR-active-Gs-BI-science2015/condition-65/rep_1/050516_NONHB_DEFAULT_HB_3.5_70
Time: 1.17
Compute Simulation EvoBundle Json: /scratch/PI/rondror/akma327/DynamicNetworks/data/DynamicNetworksOutput/InteractionOutputDictionary/MOR-active-Nb-unpublished/condition-prot-D114-D164-nb-interface-restrained/rep_1/050516_NONHB_DEFAULT_HB_3.5_70
HSD54 not found.
HSD297 not found.
HSD297 not found.
HSD297 not found.
HSD297 not found.
HSD54 not found.
HSD54 not found.
HSD54 not found.
HSD54 not found.
Time: 1.04
Compute Simulation EvoBundle Json: /scratch/PI/rondror/akma327/DynamicNetworks/data/DynamicNetworksOutput/InteractionOutputDictionary/M2R-inactive-QNB-nature2013/condition-AE/rep_1/050516_NONHB_DEFAULT_HB_3.5_70
Time: 1.24
Compute Simulation EvoBundle Json: /scratch/PI/rondror/akma327/DynamicNetworks/data/DynamicNetworksOutput/InteractionOutputDictionary/Rhodopsin-active-unrestrained-unpublished/2x72-E113Q-M257Y-constitutively-active/rep_1/050516_NONHB_DEFAULT_HB_3.5_70
GLN113 not found.
GLN113 not found.
SER298 not found.
Time: 1.07
Compute Simulation EvoBundle Json: /scratch/PI/rondror/akma327/DynamicNetworks/data/DynamicNetworksOutput/InteractionOutputDictionary/MOR-active-Nb-unpublished/condition-prot-D114-D164-nb-interface-restrained/rep_2/050516_NONHB_DEFAULT_HB_3.5_70
HSD54 not found.
HSD54 not found.
HSD54 not found.
HSD297 not found.
HSD297 not found.
HSD297 not found.
HSD54 not found.
HSD297 not found.
HSD54 not found.
HSD54 not found.
Time: 1.11
Compute Simulation EvoBundle Json: /scratch/PI/rondror/akma327/DynamicNetworks/data/DynamicNetworksOutput/InteractionOutputDictionary/M2R-active-restrained-unpublished/condition-prot-asp2x50-3x49/rep_2/050516_NONHB_DEFAULT_HB_3.5_70
Time: 1.08
Compute Simulation EvoBundle Json: /scratch/PI/rondror/akma327/DynamicNetworks/data/DynamicNetworksOutput/InteractionOutputDictionary/DOR-inactive-naltrindole-unpublished/condition-naltrindole-bound/rep_3/050516_NONHB_DEFAULT_HB_3.5_70
HSD278 not found.
HSD278 not found.
HSD278 not found.
Time: 1.17
Compute Simulation EvoBundle Json: /scratch/PI/rondror/akma327/DynamicNetworks/data/DynamicNetworksOutput/InteractionOutputDictionary/M2R-inactive-QNB-nature2012/condition-A/rep_1/050516_NONHB_DEFAULT_HB_3.5_70
Time: 1.39
Compute Simulation EvoBundle Json: /scratch/PI/rondror/akma327/DynamicNetworks/data/DynamicNetworksOutput/InteractionOutputDictionary/B2AR-inactive-carazalol-cell2013b/condition-12/rep_1/050516_NONHB_DEFAULT_HB_3.5_70
Time: 1.29
Compute Simulation EvoBundle Json: /scratch/PI/rondror/akma327/DynamicNetworks/data/DynamicNetworksOutput/InteractionOutputDictionary/MOR-active-noNb-BU72-nature2015/condition-nb-interface-restrained-BU72/rep_1/050516_NONHB_DEFAULT_HB_3.5_70
HSD54 not found.
HSD297 not found.
HSD297 not found.
HSD297 not found.
HSD54 not found.
HSD54 not found.
HSE319 not found.
Time: 1.33
Compute Simulation EvoBundle Json: /scratch/PI/rondror/akma327/DynamicNetworks/data/DynamicNetworksOutput/InteractionOutputDictionary/MOR-inactive-bFNA-nature2015/condition-bFNA-bound/rep_1/050516_NONHB_DEFAULT_HB_3.5_70
HSE297 not found.
HSE297 not found.
Time: 1.94
Compute Simulation EvoBundle Json: /scratch/PI/rondror/akma327/DynamicNetworks/data/DynamicNetworksOutput/InteractionOutputDictionary/MOR-active-Nb-unpublished/condition-prot-D114-D164-nb-interface-restrained/rep_3/050516_NONHB_DEFAULT_HB_3.5_70
HSD54 not found.
HSD54 not found.
HSD54 not found.
HSD297 not found.
HSD297 not found.
HSD54 not found.
HSD54 not found.
HSD54 not found.
Time: 1.13
Compute Simulation EvoBundle Json: /scratch/PI/rondror/akma327/DynamicNetworks/data/DynamicNetworksOutput/InteractionOutputDictionary/US28-active-restrained-unpublished/fractalkine-bound/rep_2/050516_NONHB_DEFAULT_HB_3.5_70
HSE162 not found.
HSE162 not found.
HSE162 not found.
HSE96 not found.
HSE96 not found.
HSE96 not found.
HSE162 not found.
HSE162 not found.
HSE162 not found.
HSE96 not found.
HSE162 not found.
HSE162 not found.
HSE162 not found.
HSE96 not found.
HSE96 not found.
HSE96 not found.
HSE96 not found.
HSE96 not found.
HSE96 not found.
HSE162 not found.
HSE162 not found.
HSE96 not found.
HSE96 not found.
HSE96 not found.
HSE162 not found.
HSE162 not found.
HSE162 not found.
HSE162 not found.
HSE245 not found.
HSE96 not found.
HSE96 not found.
HSE96 not found.
HSE96 not found.
HSE96 not found.
HSE96 not found.
Time: 1.52
Compute Simulation EvoBundle Json: /scratch/PI/rondror/akma327/DynamicNetworks/data/DynamicNetworksOutput/InteractionOutputDictionary/M2R-active-unrestrained-unpublished/condition-prot-asp2x50-3x49/rep_1/050516_NONHB_DEFAULT_HB_3.5_70
Time: 1.09
Compute Simulation EvoBundle Json: /scratch/PI/rondror/akma327/DynamicNetworks/data/DynamicNetworksOutput/InteractionOutputDictionary/B2AR-active-Nb-BI-pnas2011b/condition-Q/rep_1/050516_NONHB_DEFAULT_HB_3.5_70
HIE296 not found.
Time: 1.1
Compute Simulation EvoBundle Json: /scratch/PI/rondror/akma327/DynamicNetworks/data/DynamicNetworksOutput/InteractionOutputDictionary/Rhodopsin-active-unrestrained-unpublished/2x72-E113Q-M257Y-constitutively-active/rep_3/050516_NONHB_DEFAULT_HB_3.5_70
GLN113 not found.
SER298 not found.
SER298 not found.
THR297 not found.
Time: 1.09
Compute Simulation EvoBundle Json: /scratch/PI/rondror/akma327/DynamicNetworks/data/DynamicNetworksOutput/InteractionOutputDictionary/DOR-inactive-naltrindole-unpublished/condition-naltrindole-bound/rep_1/050516_NONHB_DEFAULT_HB_3.5_70
HSD278 not found.
HSD278 not found.
Time: 1.16
Compute Simulation EvoBundle Json: /scratch/PI/rondror/akma327/DynamicNetworks/data/DynamicNetworksOutput/InteractionOutputDictionary/MOR-active-noNb-BU72-nature2015/condition-nb-interface-restrained-BU72/rep_2/050516_NONHB_DEFAULT_HB_3.5_70
HSD54 not found.
HSD54 not found.
HSD54 not found.
HSD54 not found.
HSD54 not found.
HSD54 not found.
HSD54 not found.
Time: 1.13
Compute Simulation EvoBundle Json: /scratch/PI/rondror/akma327/DynamicNetworks/data/DynamicNetworksOutput/InteractionOutputDictionary/B2AR-active-Nb-BI-pnas2011b/condition-Q/rep_2/050516_NONHB_DEFAULT_HB_3.5_70
HIE296 not found.
Time: 1.25
Compute Simulation EvoBundle Json: /scratch/PI/rondror/akma327/DynamicNetworks/data/DynamicNetworksOutput/InteractionOutputDictionary/MOR-inactive-bFNA-nature2015/condition-bFNA-bound/rep_3/050516_NONHB_DEFAULT_HB_3.5_70
HSE297 not found.
HSE297 not found.
Time: 1.53
Compute Simulation EvoBundle Json: /scratch/PI/rondror/akma327/DynamicNetworks/data/DynamicNetworksOutput/InteractionOutputDictionary/US28-active-restrained-unpublished/fractalkine-bound/rep_1/050516_NONHB_DEFAULT_HB_3.5_70
HSE162 not found.
HSE162 not found.
HSE162 not found.
HSE96 not found.
HSE96 not found.
HSE162 not found.
HSE162 not found.
HSE96 not found.
HSE96 not found.
HSE96 not found.
HSE96 not found.
HSE96 not found.
HSE96 not found.
HSE96 not found.
HSE162 not found.
HSE162 not found.
HSE162 not found.
HSE96 not found.
HSE96 not found.
HSE96 not found.
HSE162 not found.
HSE162 not found.
HSE162 not found.
HSE245 not found.
HSE96 not found.
HSE96 not found.
HSE96 not found.
Time: 1.6
Compute Simulation EvoBundle Json: /scratch/PI/rondror/akma327/DynamicNetworks/data/DynamicNetworksOutput/InteractionOutputDictionary/US28-active-restrained-unpublished/fractalkine-bound/rep_3/050516_NONHB_DEFAULT_HB_3.5_70
HSE162 not found.
HSE162 not found.
HSE162 not found.
HSE96 not found.
HSE96 not found.
HSE96 not found.
HSE162 not found.
HSE162 not found.
HSE162 not found.
HSE96 not found.
HSE162 not found.
HSE162 not found.
HSE162 not found.
HSE96 not found.
HSE96 not found.
HSE96 not found.
HSE96 not found.
HSE96 not found.
HSE96 not found.
HSE96 not found.
HSE162 not found.
HSE162 not found.
HSE162 not found.
HSE96 not found.
HSE96 not found.
HSE96 not found.
HSE162 not found.
HSE162 not found.
HSE162 not found.
HSE245 not found.
HSE245 not found.
HSE96 not found.
HSE96 not found.
HSE96 not found.
HSE96 not found.
HSE96 not found.
HSE96 not found.
Time: 1.62
Compute Simulation EvoBundle Json: /scratch/PI/rondror/akma327/DynamicNetworks/data/DynamicNetworksOutput/InteractionOutputDictionary/US28-active-unrestrained-unpublished/fractalkine-bound/rep_1/050516_NONHB_DEFAULT_HB_3.5_70
HSE162 not found.
HSE162 not found.
HSE162 not found.
HSE245 not found.
HSE96 not found.
HSE96 not found.
HSE162 not found.
HSE162 not found.
HSE245 not found.
HSE245 not found.
HSE96 not found.
HSE96 not found.
HSE96 not found.
HSE96 not found.
HSE96 not found.
HSE96 not found.
HSE96 not found.
HSE162 not found.
HSE162 not found.
HSE96 not found.
HSE96 not found.
HSE96 not found.
HSE162 not found.
HSE162 not found.
HSE162 not found.
HSE162 not found.
HSE245 not found.
HSE245 not found.
HSE245 not found.
HSE245 not found.
HSE96 not found.
HSE96 not found.
HSE96 not found.
HSE96 not found.
Time: 2.04
Compute Simulation EvoBundle Json: /scratch/PI/rondror/akma327/DynamicNetworks/data/DynamicNetworksOutput/InteractionOutputDictionary/MOR-inactive-bFNA-nature2015/condition-bFNA-bound/rep_2/050516_NONHB_DEFAULT_HB_3.5_70
HSE297 not found.
HSE297 not found.
Time: 1.9
Compute Simulation EvoBundle Json: /scratch/PI/rondror/akma327/DynamicNetworks/data/DynamicNetworksOutput/InteractionOutputDictionary/B2AR-active-Gs-BI-science2015/condition-24/rep_1/050516_NONHB_DEFAULT_HB_3.5_70
HIE296 not found.
Time: 1.67
Compute Simulation EvoBundle Json: /scratch/PI/rondror/akma327/DynamicNetworks/data/DynamicNetworksOutput/InteractionOutputDictionary/US28-active-unrestrained-unpublished/fractalkine-bound/rep_2/050516_NONHB_DEFAULT_HB_3.5_70
HSE162 not found.
HSE162 not found.
HSE162 not found.
HSE162 not found.
HSE222 not found.
HSE222 not found.
HSE222 not found.
HSE222 not found.
HSE245 not found.
HSE245 not found.
HSE245 not found.
HSE245 not found.
HSE283 not found.
HSE283 not found.
HSE283 not found.
HSE283 not found.
HSE303 not found.
HSE303 not found.
HSE303 not found.
HSE303 not found.
HSE96 not found.
HSE96 not found.
HSE96 not found.
HSE96 not found.
HSE162 not found.
HSE96 not found.
HSE96 not found.
HSE96 not found.
HSE162 not found.
HSE162 not found.
HSE162 not found.
HSE96 not found.
HSE96 not found.
HSE96 not found.
HSE96 not found.
HSE96 not found.
HSE96 not found.
HSE96 not found.
HSE96 not found.
HSE96 not found.
HSE162 not found.
HSE162 not found.
HSE162 not found.
HSE96 not found.
HSE96 not found.
HSE96 not found.
HSE96 not found.
HSE96 not found.
HSE96 not found.
HSE96 not found.
HSE162 not found.
HSE162 not found.
HSE96 not found.
HSE96 not found.
HSE96 not found.
HSE96 not found.
HSE96 not found.
HSE96 not found.
Time: 2.56
Compute Simulation EvoBundle Json: /scratch/PI/rondror/akma327/DynamicNetworks/data/DynamicNetworksOutput/InteractionOutputDictionary/US28-active-unrestrained-unpublished/fractalkine-bound/rep_3/050516_NONHB_DEFAULT_HB_3.5_70
HSE162 not found.
HSE162 not found.
HSE162 not found.
HSE96 not found.
HSE96 not found.
HSE96 not found.
HSE162 not found.
HSE162 not found.
HSE162 not found.
HSE96 not found.
HSE96 not found.
HSE96 not found.
HSE162 not found.
HSE162 not found.
HSE162 not found.
HSE96 not found.
HSE96 not found.
HSE96 not found.
HSE96 not found.
HSE96 not found.
HSE96 not found.
HSE96 not found.
HSE96 not found.
HSE96 not found.
HSE96 not found.
HSE162 not found.
HSE162 not found.
HSE162 not found.
HSE96 not found.
HSE96 not found.
HSE96 not found.
HSE96 not found.
HSE96 not found.
HSE96 not found.
HSE162 not found.
HSE162 not found.
HSE162 not found.
HSE245 not found.
HSE245 not found.
HSE96 not found.
HSE96 not found.
HSE96 not found.
Time: 2.07
Compute Simulation EvoBundle Json: /scratch/PI/rondror/akma327/DynamicNetworks/data/DynamicNetworksOutput/InteractionOutputDictionary/B2AR-active-Gs-BI-science2015/condition-22/rep_1/050516_NONHB_DEFAULT_HB_3.5_70
HIE296 not found.
Time: 2.93
