Compute Simulation EvoBundle Json: /scratch/PI/rondror/akma327/DynamicNetworks/data/DynamicNetworksOutput/InteractionOutputDictionary/M2R-active-restrained-unpublished/condition-prot-asp2x50-3x49/rep_1/050516_NONHB_DEFAULT_HB_3.5_70
HSD208 not found.
HSD208 not found.
HSD208 not found.
HSD208 not found.
HSD208 not found.
HSD208 not found.
HSD53 not found.
HSD53 not found.
HSD53 not found.
HSD453 not found.
HSD53 not found.
HSD208 not found.
HSD208 not found.
HSD208 not found.
HSD453 not found.
HSD453 not found.
HSD53 not found.
HSD53 not found.
HSD453 not found.
HSD453 not found.
HSD453 not found.
HSD208 not found.
Time: 1.58
Compute Simulation EvoBundle Json: /scratch/PI/rondror/akma327/DynamicNetworks/data/DynamicNetworksOutput/InteractionOutputDictionary/MOR-active-Nb-unpublished/condition-prot-D114-D164-nb-interface-restrained/rep_3/050516_NONHB_DEFAULT_HB_3.5_70
HSE171 not found.
MET265 not found.
MET265 not found.
HSE171 not found.
HSE171 not found.
HSE319 not found.
HSE319 not found.
HSE319 not found.
HSD54 not found.
HSD54 not found.
HSD54 not found.
HSD54 not found.
HSE171 not found.
HSE319 not found.
HSE319 not found.
HSE319 not found.
HSE319 not found.
HSE171 not found.
HSE223 not found.
HSE223 not found.
HSD54 not found.
HSD54 not found.
HSE223 not found.
HSE319 not found.
HSE319 not found.
HSE223 not found.
HSD297 not found.
HSE319 not found.
HSE319 not found.
HSE319 not found.
HSE319 not found.
HSE319 not found.
Time: 1.14
Compute Simulation EvoBundle Json: /scratch/PI/rondror/akma327/DynamicNetworks/data/DynamicNetworksOutput/InteractionOutputDictionary/D4R-inactive-nemanopride-unpublished/condition-antagonist-bound/rep_1/050516_NONHB_DEFAULT_HB_3.5_70
HSD414 not found.
HSD414 not found.
HSD414 not found.
HSD414 not found.
HSD414 not found.
HSD414 not found.
HSD414 not found.
HSD414 not found.
HSD414 not found.
HSD414 not found.
THR97 not found.
THR97 not found.
Time: 1.43
Compute Simulation EvoBundle Json: /scratch/PI/rondror/akma327/DynamicNetworks/data/DynamicNetworksOutput/InteractionOutputDictionary/D4R-inactive-nemanopride-unpublished/condition-antagonist-bound/rep_2/050516_NONHB_DEFAULT_HB_3.5_70
HSD414 not found.
HSD414 not found.
HSD414 not found.
HSD414 not found.
HSD414 not found.
HSD414 not found.
HSD414 not found.
HSD414 not found.
HSD414 not found.
HSD414 not found.
THR97 not found.
THR97 not found.
Time: 1.41
Compute Simulation EvoBundle Json: /scratch/PI/rondror/akma327/DynamicNetworks/data/DynamicNetworksOutput/InteractionOutputDictionary/DOR-inactive-naltrindole-unpublished/condition-naltrindole-bound/rep_1/050516_NONHB_DEFAULT_HB_3.5_70
HSD152 not found.
HSD301 not found.
HSD301 not found.
HSD301 not found.
SER37 not found.
SER37 not found.
SER37 not found.
HSD152 not found.
HSD152 not found.
HSD301 not found.
HSD152 not found.
HSD152 not found.
HSD152 not found.
HSD301 not found.
HSD301 not found.
HSD301 not found.
HSD301 not found.
HSD152 not found.
HSD152 not found.
SER37 not found.
SER37 not found.
SER37 not found.
SER37 not found.
SER37 not found.
HSD301 not found.
HSD301 not found.
HSD152 not found.
HSD301 not found.
HSD301 not found.
Time: 1.33
Compute Simulation EvoBundle Json: /scratch/PI/rondror/akma327/DynamicNetworks/data/DynamicNetworksOutput/InteractionOutputDictionary/MOR-active-Nb-unpublished/condition-prot-D114-D164-nb-interface-restrained/rep_2/050516_NONHB_DEFAULT_HB_3.5_70
HSE171 not found.
HSE171 not found.
HSD54 not found.
HSD54 not found.
HSD54 not found.
HSD54 not found.
HSD54 not found.
HSE171 not found.
HSE171 not found.
MET265 not found.
HSE171 not found.
HSE171 not found.
HSE171 not found.
HSD54 not found.
HSD54 not found.
MET265 not found.
HSE171 not found.
HSE171 not found.
MET265 not found.
HSD54 not found.
HSE319 not found.
HSD54 not found.
HSD54 not found.
HSE223 not found.
HSD54 not found.
HSD54 not found.
HSD54 not found.
HSD54 not found.
HSD54 not found.
HSD54 not found.
HSD54 not found.
HSD54 not found.
HSD54 not found.
HSD54 not found.
HSD54 not found.
HSD54 not found.
HSD54 not found.
HSD54 not found.
HSD54 not found.
HSD54 not found.
HSE319 not found.
HSD54 not found.
HSD54 not found.
HSD54 not found.
HSD54 not found.
HSD54 not found.
HSD54 not found.
HSD54 not found.
HSD54 not found.
HSD54 not found.
HSD54 not found.
HSD54 not found.
HSE171 not found.
HSE171 not found.
HSE171 not found.
HSE171 not found.
HSE171 not found.
HSE223 not found.
HSE223 not found.
HSD54 not found.
HSE223 not found.
HSE319 not found.
HSE319 not found.
HSD54 not found.
HSE319 not found.
HSD54 not found.
HSE319 not found.
HSE319 not found.
HSE171 not found.
HSE171 not found.
HSD54 not found.
HSE223 not found.
HSE223 not found.
HSD54 not found.
HSD54 not found.
HSD54 not found.
HSD54 not found.
HSD54 not found.
HSE223 not found.
HSD54 not found.
HSD54 not found.
HSD54 not found.
HSD54 not found.
HSD54 not found.
HSD54 not found.
HSE223 not found.
HSD54 not found.
HSE223 not found.
HSD54 not found.
HSD54 not found.
HSD54 not found.
HSD54 not found.
HSE319 not found.
HSD54 not found.
HSD54 not found.
HSD54 not found.
HSD54 not found.
HSD297 not found.
HSD54 not found.
HSD54 not found.
HSE319 not found.
HSE319 not found.
HSE319 not found.
HSD54 not found.
HSE171 not found.
HSD54 not found.
HSE319 not found.
HSE319 not found.
Time: 1.23
Compute Simulation EvoBundle Json: /scratch/PI/rondror/akma327/DynamicNetworks/data/DynamicNetworksOutput/InteractionOutputDictionary/DOR-inactive-naltrindole-unpublished/condition-naltrindole-bound/rep_2/050516_NONHB_DEFAULT_HB_3.5_70
HSD152 not found.
HSD152 not found.
HSD152 not found.
HSD301 not found.
SER37 not found.
HSD152 not found.
HSD152 not found.
HSD152 not found.
HSD152 not found.
HSD301 not found.
HSD301 not found.
HSD301 not found.
HSD152 not found.
HSD152 not found.
SER37 not found.
SER37 not found.
SER37 not found.
SER37 not found.
HSD301 not found.
HSD301 not found.
HSD152 not found.
HSD301 not found.
Time: 1.3
Compute Simulation EvoBundle Json: /scratch/PI/rondror/akma327/DynamicNetworks/data/DynamicNetworksOutput/InteractionOutputDictionary/M2R-active-unrestrained-unpublished/condition-prot-asp2x50-3x49/rep_1/050516_NONHB_DEFAULT_HB_3.5_70
HSD208 not found.
HSD208 not found.
HSD208 not found.
HSD208 not found.
HSD53 not found.
HSD53 not found.
HSD53 not found.
HSD53 not found.
HSD53 not found.
HSD53 not found.
HSD53 not found.
HSD53 not found.
HSD53 not found.
HSD53 not found.
HSD453 not found.
HSD453 not found.
HSD53 not found.
HSD53 not found.
HSD208 not found.
HSD208 not found.
HSD453 not found.
HSD53 not found.
HSD53 not found.
HSD53 not found.
HSD53 not found.
HSD53 not found.
HSD53 not found.
HSD208 not found.
HSD53 not found.
HSD453 not found.
HSD453 not found.
HSD453 not found.
HSD53 not found.
HSD208 not found.
HSD53 not found.
HSD53 not found.
HSD208 not found.
HSD208 not found.
Time: 1.38
Compute Simulation EvoBundle Json: /scratch/PI/rondror/akma327/DynamicNetworks/data/DynamicNetworksOutput/InteractionOutputDictionary/Rhodopsin-active-unrestrained-unpublished/2x72-E113Q-M257Y-constitutively-active/rep_1/050516_NONHB_DEFAULT_HB_3.5_70
HSE152 not found.
THR198 not found.
HSE195 not found.
HSE195 not found.
THR198 not found.
HSE195 not found.
HSE195 not found.
THR198 not found.
CYS2 not found.
CYS282 not found.
LYS16 not found.
HSE152 not found.
HSE152 not found.
GLU196 not found.
GLU196 not found.
HSE195 not found.
HSE195 not found.
THR198 not found.
SER298 not found.
CYP322 not found.
CYP322 not found.
CYP323 not found.
HSE65 not found.
HSE65 not found.
HSE211 not found.
HSE211 not found.
SER298 not found.
HSE65 not found.
HSE65 not found.
GLN113 not found.
GLN113 not found.
THR93 not found.
GLN113 not found.
HSE65 not found.
HSE65 not found.
MET183 not found.
HSE65 not found.
HSE65 not found.
HSE211 not found.
HSE211 not found.
HSD100 not found.
HSD100 not found.
HSD278 not found.
HSD278 not found.
HSD278 not found.
HSE152 not found.
HSE152 not found.
HSE152 not found.
HSE152 not found.
HSE152 not found.
HSE152 not found.
HSE195 not found.
HSE195 not found.
HSE195 not found.
HSE195 not found.
HSE195 not found.
HSE195 not found.
HSE195 not found.
HSE195 not found.
HSE195 not found.
HSE195 not found.
HSE195 not found.
HSE195 not found.
HSE195 not found.
THR198 not found.
HSE211 not found.
HSE211 not found.
HSE211 not found.
HSE65 not found.
HSE65 not found.
HSE65 not found.
HSE65 not found.
HSE65 not found.
HSE65 not found.
HSE65 not found.
HSE65 not found.
HSE65 not found.
LYS16 not found.
LYS16 not found.
LYS16 not found.
LYS16 not found.
LYS16 not found.
LYS16 not found.
LYS16 not found.
CYP322 not found.
HSE65 not found.
HSE65 not found.
GLN113 not found.
GLN113 not found.
HSD278 not found.
HSD278 not found.
SER298 not found.
SER298 not found.
SER298 not found.
SER298 not found.
THR198 not found.
THR198 not found.
THR198 not found.
HSE195 not found.
THR198 not found.
HSE195 not found.
HSD278 not found.
HSD278 not found.
MET183 not found.
THR297 not found.
HSE65 not found.
HSE65 not found.
THR93 not found.
GLN113 not found.
THR93 not found.
GLN113 not found.
GLN113 not found.
GLN113 not found.
THR93 not found.
HSE211 not found.
HSD278 not found.
HSD278 not found.
SER298 not found.
THR297 not found.
CYP323 not found.
HSD100 not found.
Time: 1.45
Compute Simulation EvoBundle Json: /scratch/PI/rondror/akma327/DynamicNetworks/data/DynamicNetworksOutput/InteractionOutputDictionary/Rhodopsin-active-unrestrained-unpublished/2x72-E113Q-M257Y-constitutively-active/rep_2/050516_NONHB_DEFAULT_HB_3.5_70
HSE152 not found.
HSE152 not found.
THR198 not found.
HSE195 not found.
HSE195 not found.
THR198 not found.
HSE195 not found.
HSE195 not found.
THR198 not found.
HSE65 not found.
CYS2 not found.
CYS282 not found.
LYS16 not found.
HSE152 not found.
HSE152 not found.
GLU196 not found.
GLU196 not found.
THR198 not found.
SER298 not found.
HSE65 not found.
CYP322 not found.
CYP322 not found.
CYP323 not found.
HSE65 not found.
HSE65 not found.
HSE65 not found.
HSE65 not found.
HSE211 not found.
HSE211 not found.
SER298 not found.
HSE65 not found.
HSE65 not found.
GLN113 not found.
GLN113 not found.
THR93 not found.
GLN113 not found.
HSD278 not found.
HSD278 not found.
HSE65 not found.
HSE65 not found.
HSE65 not found.
HSE211 not found.
HSE211 not found.
HSD100 not found.
HSD100 not found.
HSD278 not found.
CYS282 not found.
HSD278 not found.
HSD278 not found.
HSE152 not found.
HSE152 not found.
HSE152 not found.
HSE152 not found.
HSE195 not found.
HSE195 not found.
HSE195 not found.
HSE195 not found.
HSE195 not found.
HSE195 not found.
HSE195 not found.
HSE195 not found.
HSE195 not found.
HSE195 not found.
THR198 not found.
HSE211 not found.
HSE211 not found.
HSE65 not found.
HSE65 not found.
HSE65 not found.
HSE65 not found.
HSE65 not found.
HSE65 not found.
HSE65 not found.
HSE65 not found.
HSE65 not found.
HSE65 not found.
HSE65 not found.
HSE65 not found.
HSE65 not found.
HSE65 not found.
LYS16 not found.
LYS16 not found.
LYS16 not found.
LYS16 not found.
LYS16 not found.
LYS16 not found.
LYS16 not found.
CYP322 not found.
CYP323 not found.
HSE65 not found.
HSE65 not found.
HSE65 not found.
HSE65 not found.
LYS16 not found.
GLN113 not found.
GLN113 not found.
HSD278 not found.
HSD278 not found.
SER298 not found.
SER298 not found.
SER298 not found.
SER298 not found.
HSE195 not found.
THR198 not found.
THR198 not found.
THR198 not found.
HSE195 not found.
THR198 not found.
HSE195 not found.
HSD278 not found.
MET183 not found.
THR297 not found.
CYP323 not found.
HSE65 not found.
HSE65 not found.
THR93 not found.
GLN113 not found.
THR93 not found.
GLN113 not found.
GLN113 not found.
GLN113 not found.
HSE211 not found.
CYS2 not found.
HSE211 not found.
HSD278 not found.
HSD278 not found.
SER298 not found.
THR297 not found.
THR297 not found.
CYP323 not found.
HSD100 not found.
Time: 1.47
Compute Simulation EvoBundle Json: /scratch/PI/rondror/akma327/DynamicNetworks/data/DynamicNetworksOutput/InteractionOutputDictionary/M2R-active-unrestrained-unpublished/condition-prot-asp2x50-3x49/rep_2/050516_NONHB_DEFAULT_HB_3.5_70
HSD208 not found.
HSD208 not found.
HSD208 not found.
HSD208 not found.
HSD53 not found.
HSD53 not found.
HSD53 not found.
HSD53 not found.
HSD53 not found.
HSD53 not found.
HSD53 not found.
HSD208 not found.
HSD208 not found.
HSD208 not found.
HSD208 not found.
HSD208 not found.
HSD453 not found.
HSD53 not found.
HSD53 not found.
HSD53 not found.
HSD453 not found.
HSD453 not found.
HSD453 not found.
HSD208 not found.
HSD53 not found.
HSD208 not found.
HSD208 not found.
HSD208 not found.
Time: 1.46
Compute Simulation EvoBundle Json: /scratch/PI/rondror/akma327/DynamicNetworks/data/DynamicNetworksOutput/InteractionOutputDictionary/MOR-active-Nb-unpublished/condition-prot-D114-D164-nb-interface-restrained/rep_1/050516_NONHB_DEFAULT_HB_3.5_70
HSD54 not found.
HSD54 not found.
HSD54 not found.
HSD54 not found.
HSD54 not found.
HSE171 not found.
HSE171 not found.
HSE171 not found.
HSE171 not found.
MET265 not found.
MET265 not found.
MET265 not found.
HSD54 not found.
HSD54 not found.
HSE171 not found.
HSE171 not found.
HSD54 not found.
HSD54 not found.
HSD54 not found.
HSE319 not found.
HSE319 not found.
HSD54 not found.
HSD54 not found.
HSD297 not found.
HSD54 not found.
HSD54 not found.
HSD54 not found.
HSD54 not found.
HSD54 not found.
HSD54 not found.
HSD54 not found.
HSD54 not found.
HSD54 not found.
HSD54 not found.
HSD54 not found.
HSD54 not found.
HSD54 not found.
HSD54 not found.
HSD54 not found.
HSD54 not found.
HSD54 not found.
HSD54 not found.
HSD54 not found.
HSD54 not found.
HSD54 not found.
HSD54 not found.
HSD54 not found.
HSD54 not found.
HSD54 not found.
HSD54 not found.
HSD54 not found.
HSE171 not found.
HSE171 not found.
HSE171 not found.
HSE223 not found.
HSE223 not found.
HSE319 not found.
HSE319 not found.
HSE319 not found.
HSD54 not found.
HSE319 not found.
HSD54 not found.
HSE319 not found.
HSE319 not found.
HSE319 not found.
HSE171 not found.
HSE171 not found.
HSE223 not found.
HSE223 not found.
HSD54 not found.
MET265 not found.
HSE223 not found.
MET265 not found.
HSD54 not found.
HSD54 not found.
HSD54 not found.
HSD54 not found.
HSD54 not found.
HSD54 not found.
HSD54 not found.
HSD54 not found.
HSD54 not found.
HSD54 not found.
HSE223 not found.
HSD54 not found.
HSD54 not found.
HSD54 not found.
HSD54 not found.
HSE319 not found.
HSE319 not found.
HSD54 not found.
HSD54 not found.
HSE223 not found.
HSD297 not found.
HSD54 not found.
HSD54 not found.
HSD54 not found.
HSD54 not found.
HSE319 not found.
HSE319 not found.
HSD54 not found.
HSE171 not found.
HSD54 not found.
HSD54 not found.
HSD54 not found.
HSE319 not found.
Time: 1.18
Compute Simulation EvoBundle Json: /scratch/PI/rondror/akma327/DynamicNetworks/data/DynamicNetworksOutput/InteractionOutputDictionary/D4R-inactive-nemanopride-unpublished/condition-antagonist-bound/rep_3/050516_NONHB_DEFAULT_HB_3.5_70
HSD414 not found.
HSD414 not found.
HSD414 not found.
HSD414 not found.
HSD414 not found.
HSD414 not found.
HSD414 not found.
THR97 not found.
THR97 not found.
Time: 1.48
Compute Simulation EvoBundle Json: /scratch/PI/rondror/akma327/DynamicNetworks/data/DynamicNetworksOutput/InteractionOutputDictionary/Rhodopsin-active-unrestrained-unpublished/2x72-E113Q-M257Y-constitutively-active/rep_3/050516_NONHB_DEFAULT_HB_3.5_70
HSE152 not found.
HSE152 not found.
HSE152 not found.
HSE152 not found.
HSE152 not found.
THR198 not found.
HSE195 not found.
HSE195 not found.
HSE195 not found.
HSE195 not found.
THR198 not found.
CYS2 not found.
LYS16 not found.
HSE152 not found.
HSE152 not found.
GLU196 not found.
HSE195 not found.
THR198 not found.
SER298 not found.
CYP322 not found.
CYP322 not found.
HSE65 not found.
HSE211 not found.
HSE211 not found.
SER298 not found.
HSE65 not found.
HSE65 not found.
GLN113 not found.
GLN113 not found.
THR93 not found.
GLN113 not found.
CYS2 not found.
HSD278 not found.
HSD278 not found.
HSE65 not found.
HSE65 not found.
MET183 not found.
HSE65 not found.
HSE65 not found.
HSE211 not found.
HSE211 not found.
HSD100 not found.
HSD100 not found.
HSD278 not found.
HSD278 not found.
HSD278 not found.
HSD278 not found.
HSD278 not found.
HSE152 not found.
HSE152 not found.
HSE152 not found.
HSE152 not found.
HSE152 not found.
HSE195 not found.
HSE195 not found.
HSE195 not found.
HSE195 not found.
HSE195 not found.
HSE195 not found.
HSE195 not found.
HSE211 not found.
HSE211 not found.
HSE65 not found.
HSE65 not found.
HSE65 not found.
HSE65 not found.
HSE65 not found.
HSE65 not found.
HSE65 not found.
HSE65 not found.
LYS16 not found.
LYS16 not found.
LYS16 not found.
LYS16 not found.
LYS16 not found.
LYS16 not found.
LYS16 not found.
CYP322 not found.
CYP323 not found.
HSE65 not found.
GLN113 not found.
GLN113 not found.
CYS2 not found.
HSD278 not found.
HSD278 not found.
SER298 not found.
SER298 not found.
SER298 not found.
SER298 not found.
THR198 not found.
THR198 not found.
THR198 not found.
THR198 not found.
THR198 not found.
HSE195 not found.
THR198 not found.
HSE195 not found.
HSD278 not found.
HSD278 not found.
MET183 not found.
THR297 not found.
HSE65 not found.
HSE65 not found.
THR93 not found.
GLN113 not found.
THR93 not found.
GLN113 not found.
GLN113 not found.
GLN113 not found.
THR93 not found.
HSE211 not found.
HSD278 not found.
HSD278 not found.
SER298 not found.
THR297 not found.
THR297 not found.
HSD100 not found.
Time: 1.4
Compute Simulation EvoBundle Json: /scratch/PI/rondror/akma327/DynamicNetworks/data/DynamicNetworksOutput/InteractionOutputDictionary/M2R-active-unrestrained-unpublished/condition-prot-asp2x50-3x49/rep_3/050516_NONHB_DEFAULT_HB_3.5_70
HSD53 not found.
HSD208 not found.
HSD208 not found.
HSD208 not found.
HSD208 not found.
HSD53 not found.
HSD53 not found.
HSD53 not found.
HSD53 not found.
HSD53 not found.
HSD53 not found.
HSD53 not found.
HSD453 not found.
HSD53 not found.
HSD53 not found.
HSD453 not found.
HSD53 not found.
HSD53 not found.
HSD53 not found.
HSD53 not found.
HSD208 not found.
HSD208 not found.
HSD208 not found.
HSD453 not found.
HSD53 not found.
HSD53 not found.
HSD53 not found.
HSD53 not found.
HSD53 not found.
HSD53 not found.
HSD53 not found.
HSD453 not found.
HSD53 not found.
HSD453 not found.
HSD453 not found.
HSD53 not found.
HSD53 not found.
HSD208 not found.
HSD53 not found.
HSD53 not found.
HSD208 not found.
HSD208 not found.
Time: 1.39
Compute Simulation EvoBundle Json: /scratch/PI/rondror/akma327/DynamicNetworks/data/DynamicNetworksOutput/InteractionOutputDictionary/M2R-active-restrained-unpublished/condition-prot-asp2x50-3x49/rep_2/050516_NONHB_DEFAULT_HB_3.5_70
HSD208 not found.
HSD208 not found.
HSD208 not found.
HSD208 not found.
HSD208 not found.
HSD53 not found.
HSD53 not found.
HSD53 not found.
HSD53 not found.
HSD453 not found.
HSD53 not found.
HSD208 not found.
HSD208 not found.
HSD208 not found.
HSD453 not found.
HSD53 not found.
HSD53 not found.
HSD453 not found.
HSD208 not found.
HSD453 not found.
HSD208 not found.
Time: 1.54
Compute Simulation EvoBundle Json: /scratch/PI/rondror/akma327/DynamicNetworks/data/DynamicNetworksOutput/InteractionOutputDictionary/DOR-inactive-naltrindole-unpublished/condition-naltrindole-bound/rep_3/050516_NONHB_DEFAULT_HB_3.5_70
HSD301 not found.
SER37 not found.
SER37 not found.
HSD152 not found.
HSD152 not found.
HSD301 not found.
HSD152 not found.
HSD301 not found.
HSD301 not found.
HSD301 not found.
HSD152 not found.
SER37 not found.
SER37 not found.
SER37 not found.
SER37 not found.
SER37 not found.
SER37 not found.
SER37 not found.
HSD301 not found.
HSD301 not found.
HSD152 not found.
HSD301 not found.
HSD301 not found.
Time: 1.56
Compute Simulation EvoBundle Json: /scratch/PI/rondror/akma327/DynamicNetworks/data/DynamicNetworksOutput/InteractionOutputDictionary/B2AR-active-Nb-BI-pnas2011b/condition-Q/rep_2/050516_NONHB_DEFAULT_HB_3.5_70
ASH130 not found.
ASH130 not found.
HIP172 not found.
HIP172 not found.
HIP172 not found.
HIP172 not found.
GLN27 not found.
GLN27 not found.
GLN27 not found.
GLN27 not found.
GLN27 not found.
CYP341 not found.
CYP341 not found.
CYP341 not found.
CYP341 not found.
CYP341 not found.
CYP341 not found.
CYP341 not found.
CYP341 not found.
CYP341 not found.
ASH130 not found.
ASH130 not found.
ASH79 not found.
ASH79 not found.
ASH79 not found.
ASH79 not found.
ASH79 not found.
ASH79 not found.
GLU187 not found.
GLU187 not found.
HIE178 not found.
HIE178 not found.
HIE296 not found.
HIE296 not found.
ASH79 not found.
ASH79 not found.
ASH79 not found.
ASH79 not found.
ASH79 not found.
GLH122 not found.
GLH122 not found.
GLH122 not found.
HIE178 not found.
HIE296 not found.
HIE296 not found.
GLN27 not found.
GLN27 not found.
GLN27 not found.
GLN27 not found.
GLN27 not found.
GLN27 not found.
GLN27 not found.
GLN27 not found.
GLN27 not found.
GLN27 not found.
GLN27 not found.
GLN27 not found.
GLN27 not found.
GLN27 not found.
HIE178 not found.
HIE178 not found.
HIE178 not found.
HIE178 not found.
HIE178 not found.
HIE178 not found.
HIE178 not found.
HIE269 not found.
HIE269 not found.
HIE269 not found.
HIE296 not found.
HIE296 not found.
HIE296 not found.
HIE296 not found.
HIE296 not found.
HIE296 not found.
HIE296 not found.
HIE296 not found.
HIE296 not found.
HIE93 not found.
HIE93 not found.
HIE93 not found.
CYX191 not found.
HIE93 not found.
HIE93 not found.
HIP172 not found.
HIP172 not found.
HIP172 not found.
HIP172 not found.
HIP172 not found.
HIP172 not found.
HIP172 not found.
HIE269 not found.
HIE269 not found.
HIE269 not found.
HIE269 not found.
HIE269 not found.
HIE269 not found.
HIE269 not found.
CYX190 not found.
HIE93 not found.
HIE93 not found.
ASH79 not found.
ASH79 not found.
GLH122 not found.
GLH122 not found.
ASH79 not found.
ASH79 not found.
GLH122 not found.
GLH122 not found.
GLU187 not found.
GLU187 not found.
GLN27 not found.
GLN27 not found.
ASH130 not found.
ASH130 not found.
ASH130 not found.
HIE296 not found.
HIE296 not found.
Time: 2.04
Compute Simulation EvoBundle Json: /scratch/PI/rondror/akma327/DynamicNetworks/data/DynamicNetworksOutput/InteractionOutputDictionary/M2R-active-restrained-unpublished/condition-prot-asp2x50-3x49/rep_3/050516_NONHB_DEFAULT_HB_3.5_70
HSD208 not found.
HSD208 not found.
HSD208 not found.
HSD208 not found.
HSD208 not found.
HSD53 not found.
HSD53 not found.
HSD53 not found.
HSD53 not found.
HSD208 not found.
HSD208 not found.
HSD208 not found.
HSD453 not found.
HSD53 not found.
HSD53 not found.
HSD453 not found.
HSD453 not found.
HSD208 not found.
HSD208 not found.
Time: 1.62
Compute Simulation EvoBundle Json: /scratch/PI/rondror/akma327/DynamicNetworks/data/DynamicNetworksOutput/InteractionOutputDictionary/US28-active-restrained-unpublished/fractalkine-bound/rep_2/050516_NONHB_DEFAULT_HB_3.5_70
HSE303 not found.
HSE96 not found.
HSE96 not found.
HSE283 not found.
HSE283 not found.
HSE96 not found.
HSE96 not found.
HSE283 not found.
HSE283 not found.
HSE283 not found.
HSE303 not found.
HSE96 not found.
HSE96 not found.
HSE303 not found.
HSE303 not found.
HSE162 not found.
HSE162 not found.
HSE162 not found.
HSE162 not found.
HSE283 not found.
HSE283 not found.
HSE283 not found.
HSE283 not found.
HSE283 not found.
HSE283 not found.
HSE303 not found.
HSE303 not found.
HSE303 not found.
HSE96 not found.
HSE96 not found.
HSE96 not found.
HSE96 not found.
HSE96 not found.
HSE96 not found.
HSE96 not found.
HSE96 not found.
HSE96 not found.
HSE96 not found.
HSE96 not found.
HSE96 not found.
HSE283 not found.
HSE283 not found.
HSE162 not found.
HSE162 not found.
HSE162 not found.
Time: 2.09
Compute Simulation EvoBundle Json: /scratch/PI/rondror/akma327/DynamicNetworks/data/DynamicNetworksOutput/InteractionOutputDictionary/US28-active-restrained-unpublished/fractalkine-bound/rep_3/050516_NONHB_DEFAULT_HB_3.5_70
HSE303 not found.
HSE303 not found.
HSE96 not found.
HSE283 not found.
HSE283 not found.
HSE96 not found.
HSE96 not found.
HSE283 not found.
HSE283 not found.
HSE96 not found.
HSE96 not found.
HSE303 not found.
HSE303 not found.
HSE96 not found.
HSE96 not found.
HSE162 not found.
HSE162 not found.
HSE162 not found.
HSE162 not found.
HSE162 not found.
HSE245 not found.
HSE245 not found.
HSE283 not found.
HSE283 not found.
HSE283 not found.
HSE283 not found.
HSE303 not found.
HSE303 not found.
HSE96 not found.
HSE96 not found.
HSE96 not found.
HSE96 not found.
HSE96 not found.
HSE96 not found.
HSE96 not found.
HSE96 not found.
HSE96 not found.
HSE96 not found.
HSE96 not found.
HSE96 not found.
HSE162 not found.
HSE245 not found.
HSE245 not found.
HSE283 not found.
HSE283 not found.
HSE162 not found.
HSE162 not found.
HSE162 not found.
Time: 2.23
Compute Simulation EvoBundle Json: /scratch/PI/rondror/akma327/DynamicNetworks/data/DynamicNetworksOutput/InteractionOutputDictionary/US28-active-restrained-unpublished/fractalkine-bound/rep_1/050516_NONHB_DEFAULT_HB_3.5_70
HSE303 not found.
HSE303 not found.
HSE96 not found.
HSE283 not found.
HSE283 not found.
HSE96 not found.
HSE96 not found.
HSE283 not found.
HSE283 not found.
HSE96 not found.
HSE303 not found.
HSE303 not found.
HSE162 not found.
HSE162 not found.
HSE162 not found.
HSE162 not found.
HSE245 not found.
HSE283 not found.
HSE303 not found.
HSE303 not found.
HSE303 not found.
HSE96 not found.
HSE96 not found.
HSE96 not found.
HSE96 not found.
HSE96 not found.
HSE96 not found.
HSE96 not found.
HSE96 not found.
HSE283 not found.
HSE283 not found.
HSE162 not found.
HSE162 not found.
Time: 2.28
Compute Simulation EvoBundle Json: /scratch/PI/rondror/akma327/DynamicNetworks/data/DynamicNetworksOutput/InteractionOutputDictionary/B2AR-active-Gs-BI-science2015/condition-65/rep_1/050516_NONHB_DEFAULT_HB_3.5_70
HIE172 not found.
HIE172 not found.
HIE172 not found.
HIE172 not found.
CYX106 not found.
HIE172 not found.
HIE172 not found.
HIE256 not found.
HIE256 not found.
HIE256 not found.
HIE256 not found.
HIE256 not found.
HIE256 not found.
HIE256 not found.
HIE256 not found.
HIE256 not found.
HIE256 not found.
HIE256 not found.
HIE256 not found.
HIE256 not found.
HIE256 not found.
HIE256 not found.
HIE256 not found.
ASH130 not found.
ASH130 not found.
GLU187 not found.
GLU187 not found.
HIE178 not found.
HIE241 not found.
HIE241 not found.
HIE178 not found.
HIE178 not found.
HIE296 not found.
HIE296 not found.
GLH122 not found.
HIE269 not found.
HIE269 not found.
GLH122 not found.
GLH122 not found.
GLH122 not found.
GLH122 not found.
HIE178 not found.
HIE178 not found.
HIE178 not found.
HIE241 not found.
HIE241 not found.
HIE241 not found.
HIE241 not found.
HIE241 not found.
HIE241 not found.
HIE241 not found.
HIE241 not found.
HIE172 not found.
HIE172 not found.
HIE172 not found.
HIE172 not found.
HIE172 not found.
HIE172 not found.
HIE172 not found.
HIE172 not found.
HIE172 not found.
HIE172 not found.
HIE178 not found.
HIE178 not found.
HIE178 not found.
HIE178 not found.
HIE178 not found.
HIE178 not found.
HIE178 not found.
HIE178 not found.
HIE178 not found.
HIE241 not found.
HIE241 not found.
HIE241 not found.
HIE241 not found.
HIE241 not found.
HIE241 not found.
HIE241 not found.
HIE241 not found.
HIE241 not found.
HIE241 not found.
HIE241 not found.
HIE241 not found.
HIE241 not found.
HIE256 not found.
HIE256 not found.
HIE256 not found.
HIE256 not found.
HIE256 not found.
HIE256 not found.
HIE256 not found.
HIE256 not found.
HIE256 not found.
HIE256 not found.
HIE269 not found.
HIE269 not found.
HIE269 not found.
HIE269 not found.
HIE296 not found.
HIE296 not found.
HIE296 not found.
HIE296 not found.
HIE296 not found.
HIE93 not found.
HIE93 not found.
HIE93 not found.
HIE241 not found.
HIE269 not found.
HIE269 not found.
HIE269 not found.
CYX190 not found.
HIE296 not found.
HIE93 not found.
CYX190 not found.
GLU187 not found.
HIE93 not found.
HIE93 not found.
THR98 not found.
GLH122 not found.
GLH122 not found.
GLH122 not found.
GLH122 not found.
HIE241 not found.
CYX106 not found.
CYX191 not found.
GLH122 not found.
GLH122 not found.
HIE172 not found.
HIE178 not found.
GLU187 not found.
GLU187 not found.
THR98 not found.
HIE241 not found.
HIE241 not found.
HIE256 not found.
HIE256 not found.
ASH130 not found.
ASH130 not found.
THR96 not found.
THR96 not found.
THR98 not found.
THR98 not found.
THR98 not found.
THR96 not found.
ASH130 not found.
ASH130 not found.
HIE172 not found.
HIE172 not found.
HIE172 not found.
HIE172 not found.
HIE296 not found.
Time: 2.76
Compute Simulation EvoBundle Json: /scratch/PI/rondror/akma327/DynamicNetworks/data/DynamicNetworksOutput/InteractionOutputDictionary/MOR-active-noNb-BU72-nature2015/condition-nb-interface-restrained-BU72/rep_3/050516_NONHB_DEFAULT_HB_3.5_70
HSD54 not found.
HSE223 not found.
HSD54 not found.
HSD54 not found.
HSD54 not found.
HSE171 not found.
HSE319 not found.
HSD54 not found.
HSD54 not found.
HSE319 not found.
HSE319 not found.
HSD54 not found.
HSD54 not found.
HSD54 not found.
HSD54 not found.
HSD54 not found.
HSD54 not found.
HSD54 not found.
HSD54 not found.
HSD54 not found.
HSD54 not found.
HSD54 not found.
HSD54 not found.
HSD54 not found.
HSD54 not found.
HSD54 not found.
HSE171 not found.
HSE223 not found.
HSE223 not found.
HSE223 not found.
HSE223 not found.
HSE319 not found.
HSE319 not found.
HSE319 not found.
HSE319 not found.
HSE171 not found.
HSD54 not found.
HSE223 not found.
HSE223 not found.
HSD54 not found.
HSD54 not found.
HSD54 not found.
HSE223 not found.
HSD54 not found.
HSD54 not found.
HSD54 not found.
HSE223 not found.
HSE223 not found.
HSE319 not found.
HSE319 not found.
HSE223 not found.
HSD54 not found.
HSD54 not found.
HSE319 not found.
HSE319 not found.
HSD54 not found.
HSE171 not found.
HSE319 not found.
HSE319 not found.
Time: 2.81
Compute Simulation EvoBundle Json: /scratch/PI/rondror/akma327/DynamicNetworks/data/DynamicNetworksOutput/InteractionOutputDictionary/MOR-inactive-bFNA-nature2015/condition-bFNA-bound/rep_3/050516_NONHB_DEFAULT_HB_3.5_70
HSE171 not found.
HSE171 not found.
HSE171 not found.
HSE171 not found.
HSE171 not found.
HSE171 not found.
HSE171 not found.
HSE171 not found.
HSE171 not found.
HSE297 not found.
HSE319 not found.
HSE171 not found.
HSE171 not found.
HSE223 not found.
HSE223 not found.
HSE223 not found.
HSE319 not found.
HSE319 not found.
HSE319 not found.
HSE319 not found.
HSE171 not found.
HSE319 not found.
Time: 2.84
Compute Simulation EvoBundle Json: /scratch/PI/rondror/akma327/DynamicNetworks/data/DynamicNetworksOutput/InteractionOutputDictionary/US28-active-unrestrained-unpublished/fractalkine-bound/rep_1/050516_NONHB_DEFAULT_HB_3.5_70
HSE222 not found.
HSE222 not found.
HSE222 not found.
HSE222 not found.
HSE222 not found.
HSE222 not found.
HSE222 not found.
HSE222 not found.
HSE222 not found.
HSE222 not found.
HSE222 not found.
HSE303 not found.
HSE303 not found.
HSE303 not found.
HSE222 not found.
HSE222 not found.
HSE303 not found.
HSE303 not found.
HSE303 not found.
HSE96 not found.
HSE96 not found.
HSE283 not found.
HSE283 not found.
HSE96 not found.
HSE96 not found.
HSE283 not found.
HSE283 not found.
HSE303 not found.
HSE96 not found.
HSE96 not found.
HSE303 not found.
HSE303 not found.
HSE162 not found.
HSE162 not found.
HSE162 not found.
HSE222 not found.
HSE222 not found.
HSE222 not found.
HSE222 not found.
HSE222 not found.
HSE222 not found.
HSE222 not found.
HSE222 not found.
HSE222 not found.
HSE245 not found.
HSE245 not found.
HSE283 not found.
HSE283 not found.
HSE283 not found.
HSE283 not found.
HSE283 not found.
HSE303 not found.
HSE303 not found.
HSE303 not found.
HSE303 not found.
HSE303 not found.
HSE303 not found.
HSE303 not found.
HSE96 not found.
HSE96 not found.
HSE96 not found.
HSE96 not found.
HSE96 not found.
HSE96 not found.
HSE96 not found.
HSE222 not found.
HSE222 not found.
HSE96 not found.
HSE96 not found.
HSE222 not found.
HSE222 not found.
HSE245 not found.
HSE245 not found.
HSE283 not found.
HSE283 not found.
HSE162 not found.
HSE162 not found.
Time: 3.13
Compute Simulation EvoBundle Json: /scratch/PI/rondror/akma327/DynamicNetworks/data/DynamicNetworksOutput/InteractionOutputDictionary/MOR-active-noNb-BU72-nature2015/condition-nb-interface-restrained-BU72/rep_2/050516_NONHB_DEFAULT_HB_3.5_70
HSE223 not found.
HSE223 not found.
HSD54 not found.
HSE171 not found.
HSD54 not found.
HSE319 not found.
HSE319 not found.
HSE319 not found.
HSD297 not found.
HSD54 not found.
HSD54 not found.
HSD54 not found.
HSE171 not found.
HSE223 not found.
HSE223 not found.
HSE319 not found.
HSE319 not found.
HSE319 not found.
HSE319 not found.
HSE319 not found.
HSE319 not found.
HSE319 not found.
HSE319 not found.
HSE319 not found.
HSE319 not found.
HSE171 not found.
HSE171 not found.
HSE223 not found.
HSE223 not found.
HSE319 not found.
HSE319 not found.
HSE223 not found.
HSE223 not found.
HSE319 not found.
HSE319 not found.
HSD297 not found.
HSE319 not found.
HSE319 not found.
HSE319 not found.
HSD54 not found.
HSE171 not found.
HSE319 not found.
HSE319 not found.
Time: 3.01
Compute Simulation EvoBundle Json: /scratch/PI/rondror/akma327/DynamicNetworks/data/DynamicNetworksOutput/InteractionOutputDictionary/US28-active-unrestrained-unpublished/fractalkine-bound/rep_3/050516_NONHB_DEFAULT_HB_3.5_70
HSE222 not found.
HSE222 not found.
HSE222 not found.
HSE222 not found.
HSE222 not found.
HSE222 not found.
HSE222 not found.
HSE222 not found.
HSE222 not found.
HSE222 not found.
HSE222 not found.
HSE222 not found.
HSE303 not found.
HSE222 not found.
HSE303 not found.
HSE303 not found.
HSE222 not found.
HSE222 not found.
HSE303 not found.
HSE303 not found.
HSE303 not found.
HSE303 not found.
HSE303 not found.
HSE303 not found.
HSE96 not found.
HSE283 not found.
HSE283 not found.
HSE96 not found.
HSE96 not found.
HSE96 not found.
HSE283 not found.
HSE283 not found.
HSE303 not found.
HSE96 not found.
HSE96 not found.
HSE303 not found.
HSE303 not found.
HSE162 not found.
HSE162 not found.
HSE162 not found.
HSE162 not found.
HSE222 not found.
HSE222 not found.
HSE222 not found.
HSE222 not found.
HSE222 not found.
HSE222 not found.
HSE222 not found.
HSE222 not found.
HSE245 not found.
HSE245 not found.
HSE283 not found.
HSE283 not found.
HSE283 not found.
HSE303 not found.
HSE303 not found.
HSE303 not found.
HSE303 not found.
HSE303 not found.
HSE96 not found.
HSE96 not found.
HSE96 not found.
HSE96 not found.
HSE96 not found.
HSE96 not found.
HSE96 not found.
HSE96 not found.
HSE96 not found.
HSE222 not found.
HSE222 not found.
HSE245 not found.
HSE245 not found.
HSE283 not found.
HSE283 not found.
HSE162 not found.
HSE162 not found.
HSE162 not found.
Time: 3.0
Compute Simulation EvoBundle Json: /scratch/PI/rondror/akma327/DynamicNetworks/data/DynamicNetworksOutput/InteractionOutputDictionary/MOR-active-noNb-BU72-nature2015/condition-nb-interface-restrained-BU72/rep_1/050516_NONHB_DEFAULT_HB_3.5_70
HSD54 not found.
HSD54 not found.
HSD54 not found.
HSD54 not found.
HSD54 not found.
HSD54 not found.
HSD54 not found.
HSE171 not found.
HSD54 not found.
HSD54 not found.
HSE319 not found.
HSE319 not found.
HSE319 not found.
HSD54 not found.
HSD54 not found.
HSD54 not found.
HSD54 not found.
HSE319 not found.
HSD297 not found.
HSD54 not found.
HSD54 not found.
HSD54 not found.
HSD54 not found.
HSD54 not found.
HSD54 not found.
HSD54 not found.
HSD54 not found.
HSD54 not found.
HSD54 not found.
HSD54 not found.
HSD54 not found.
HSD54 not found.
HSD54 not found.
HSD54 not found.
HSD54 not found.
HSD54 not found.
HSD54 not found.
HSD54 not found.
HSD54 not found.
HSD54 not found.
HSD54 not found.
HSD54 not found.
HSD54 not found.
HSE171 not found.
HSE223 not found.
HSE319 not found.
HSE319 not found.
HSE319 not found.
HSE319 not found.
HSE319 not found.
HSE319 not found.
HSD54 not found.
HSE319 not found.
HSE319 not found.
HSE319 not found.
HSE171 not found.
HSE171 not found.
HSD54 not found.
HSE223 not found.
HSE223 not found.
HSD54 not found.
HSD54 not found.
HSD54 not found.
HSD54 not found.
HSD54 not found.
HSE223 not found.
HSE223 not found.
HSD54 not found.
HSD54 not found.
HSD54 not found.
HSD54 not found.
HSD54 not found.
HSD54 not found.
HSD54 not found.
HSD54 not found.
HSD54 not found.
HSD54 not found.
HSD54 not found.
HSE223 not found.
HSE223 not found.
HSD54 not found.
HSD54 not found.
HSE319 not found.
HSE319 not found.
HSD54 not found.
HSD54 not found.
HSD54 not found.
HSD54 not found.
HSE223 not found.
HSD297 not found.
HSD297 not found.
HSE319 not found.
HSE319 not found.
HSD54 not found.
HSE319 not found.
HSE319 not found.
HSD54 not found.
HSE171 not found.
HSD54 not found.
HSD54 not found.
HSE319 not found.
HSE319 not found.
Time: 3.0
Compute Simulation EvoBundle Json: /scratch/PI/rondror/akma327/DynamicNetworks/data/DynamicNetworksOutput/InteractionOutputDictionary/B2AR-active-Nb-BI-pnas2011b/condition-Q/rep_1/050516_NONHB_DEFAULT_HB_3.5_70
ASH130 not found.
ASH130 not found.
HIP172 not found.
HIP172 not found.
HIP172 not found.
HIP172 not found.
HIP172 not found.
GLN27 not found.
GLN27 not found.
GLN27 not found.
GLN27 not found.
CYP341 not found.
CYP341 not found.
CYP341 not found.
CYP341 not found.
CYP341 not found.
CYP341 not found.
CYP341 not found.
CYP341 not found.
CYP341 not found.
CYP341 not found.
ASH130 not found.
ASH130 not found.
ASH79 not found.
ASH79 not found.
ASH79 not found.
ASH79 not found.
ASH79 not found.
GLU187 not found.
GLU187 not found.
HIE178 not found.
HIE178 not found.
HIE178 not found.
HIE178 not found.
HIE296 not found.
HIE296 not found.
ASH79 not found.
ASH79 not found.
ASH79 not found.
ASH79 not found.
GLH122 not found.
GLH122 not found.
GLH122 not found.
GLH122 not found.
HIP172 not found.
HIE178 not found.
GLN27 not found.
GLN27 not found.
GLN27 not found.
GLN27 not found.
GLN27 not found.
GLN27 not found.
GLN27 not found.
GLN27 not found.
GLN27 not found.
GLN27 not found.
GLN27 not found.
GLN27 not found.
GLN27 not found.
GLN27 not found.
GLN27 not found.
GLN27 not found.
HIE178 not found.
HIE178 not found.
HIE178 not found.
HIE178 not found.
HIE178 not found.
HIE178 not found.
HIE178 not found.
HIE178 not found.
HIE269 not found.
HIE269 not found.
HIE269 not found.
HIE269 not found.
HIE269 not found.
HIE269 not found.
HIE296 not found.
HIE296 not found.
HIE296 not found.
HIE296 not found.
HIE296 not found.
HIE93 not found.
HIE93 not found.
HIE93 not found.
CYX191 not found.
HIE93 not found.
HIP172 not found.
HIP172 not found.
HIP172 not found.
HIP172 not found.
HIP172 not found.
HIP172 not found.
HIP172 not found.
HIP172 not found.
HIP172 not found.
HIP172 not found.
HIP172 not found.
HIP172 not found.
HIE269 not found.
HIE269 not found.
HIE269 not found.
HIE269 not found.
HIE269 not found.
CYX190 not found.
HIE93 not found.
HIE93 not found.
GLN27 not found.
ASH79 not found.
ASH79 not found.
GLH122 not found.
GLH122 not found.
GLH122 not found.
GLH122 not found.
ASH79 not found.
ASH79 not found.
CYX106 not found.
CYX191 not found.
GLH122 not found.
HIE178 not found.
GLU187 not found.
GLU187 not found.
GLN27 not found.
GLN27 not found.
ASH130 not found.
ASH130 not found.
GLN27 not found.
GLN27 not found.
ASH130 not found.
ASH130 not found.
HIP172 not found.
HIP172 not found.
HIE296 not found.
HIE296 not found.
Time: 3.48
Compute Simulation EvoBundle Json: /scratch/PI/rondror/akma327/DynamicNetworks/data/DynamicNetworksOutput/InteractionOutputDictionary/B2AR-active-Gs-BI-science2015/condition-24/rep_1/050516_NONHB_DEFAULT_HB_3.5_70
HIE172 not found.
HIE172 not found.
HIE172 not found.
HIE172 not found.
CYX106 not found.
HIE172 not found.
HIE172 not found.
HIE241 not found.
HIE241 not found.
HIE241 not found.
HIE256 not found.
HIE256 not found.
HIE241 not found.
HIE256 not found.
HIE256 not found.
HIE256 not found.
HIE256 not found.
HIE256 not found.
HIE256 not found.
HIE256 not found.
HIE256 not found.
HIE256 not found.
HIE256 not found.
HIE256 not found.
HIE256 not found.
HIE256 not found.
HIE256 not found.
HIE256 not found.
HIE241 not found.
HIE256 not found.
HIE256 not found.
HIE241 not found.
HIE256 not found.
HIE256 not found.
HIE269 not found.
ASH130 not found.
ASH130 not found.
GLU187 not found.
GLU187 not found.
HIE178 not found.
HIE256 not found.
HIE178 not found.
HIE178 not found.
HIE296 not found.
HIE296 not found.
GLH122 not found.
HIE269 not found.
HIE269 not found.
GLH122 not found.
GLH122 not found.
GLH122 not found.
GLH122 not found.
HIE172 not found.
HIE178 not found.
HIE178 not found.
HIE296 not found.
HIE241 not found.
HIE241 not found.
HIE241 not found.
HIE241 not found.
HIE256 not found.
HIE256 not found.
HIE269 not found.
HIE256 not found.
HIE256 not found.
HIE172 not found.
HIE172 not found.
HIE172 not found.
HIE172 not found.
HIE172 not found.
HIE172 not found.
HIE172 not found.
HIE172 not found.
HIE178 not found.
HIE178 not found.
HIE178 not found.
HIE178 not found.
HIE178 not found.
HIE178 not found.
HIE178 not found.
HIE178 not found.
HIE178 not found.
HIE178 not found.
HIE241 not found.
HIE241 not found.
HIE241 not found.
HIE241 not found.
HIE241 not found.
HIE241 not found.
HIE241 not found.
HIE241 not found.
HIE241 not found.
HIE241 not found.
HIE241 not found.
HIE241 not found.
HIE241 not found.
HIE241 not found.
HIE256 not found.
HIE241 not found.
HIE241 not found.
HIE241 not found.
HIE241 not found.
HIE256 not found.
HIE256 not found.
HIE256 not found.
HIE256 not found.
HIE256 not found.
HIE256 not found.
HIE256 not found.
HIE256 not found.
HIE256 not found.
HIE256 not found.
HIE256 not found.
HIE256 not found.
HIE256 not found.
HIE256 not found.
HIE256 not found.
HIE256 not found.
HIE256 not found.
HIE256 not found.
HIE241 not found.
HIE256 not found.
HIE256 not found.
HIE256 not found.
HIE269 not found.
HIE269 not found.
HIE269 not found.
HIE269 not found.
HIE269 not found.
HIE269 not found.
HIE296 not found.
HIE296 not found.
HIE296 not found.
HIE296 not found.
HIE296 not found.
HIE296 not found.
HIE296 not found.
HIE296 not found.
HIE93 not found.
HIE93 not found.
HIE241 not found.
HIE241 not found.
HIE256 not found.
HIE256 not found.
HIE269 not found.
HIE269 not found.
HIE269 not found.
HIE269 not found.
HIE296 not found.
HIE93 not found.
HIE93 not found.
HIE93 not found.
GLH122 not found.
GLH122 not found.
GLH122 not found.
GLH122 not found.
HIE256 not found.
HIE256 not found.
HIE256 not found.
HIE241 not found.
HIE241 not found.
HIE256 not found.
HIE256 not found.
HIE269 not found.
THR98 not found.
CYX106 not found.
CYX191 not found.
GLH122 not found.
GLH122 not found.
HIE172 not found.
GLU187 not found.
GLU187 not found.
THR98 not found.
HIE296 not found.
HIE296 not found.
HIE256 not found.
HIE256 not found.
ASH130 not found.
ASH130 not found.
THR96 not found.
THR96 not found.
THR98 not found.
THR98 not found.
THR98 not found.
THR98 not found.
THR96 not found.
ASH130 not found.
ASH130 not found.
HIE172 not found.
HIE296 not found.
HIE296 not found.
Time: 4.07
Compute Simulation EvoBundle Json: /scratch/PI/rondror/akma327/DynamicNetworks/data/DynamicNetworksOutput/InteractionOutputDictionary/US28-active-unrestrained-unpublished/fractalkine-bound/rep_2/050516_NONHB_DEFAULT_HB_3.5_70
HSE222 not found.
HSE222 not found.
HSE222 not found.
HSE222 not found.
HSE222 not found.
HSE222 not found.
HSE222 not found.
HSE222 not found.
HSE222 not found.
HSE222 not found.
HSE222 not found.
HSE222 not found.
HSE222 not found.
HSE303 not found.
HSE303 not found.
HSE222 not found.
HSE303 not found.
HSE303 not found.
HSE303 not found.
HSE303 not found.
HSE303 not found.
HSE303 not found.
HSE303 not found.
HSE303 not found.
HSE283 not found.
HSE283 not found.
HSE96 not found.
HSE96 not found.
HSE96 not found.
HSE283 not found.
HSE283 not found.
HSE283 not found.
HSE283 not found.
HSE303 not found.
HSE96 not found.
HSE96 not found.
HSE303 not found.
HSE303 not found.
HSE162 not found.
HSE162 not found.
HSE162 not found.
HSE162 not found.
HSE222 not found.
HSE222 not found.
HSE222 not found.
HSE222 not found.
HSE222 not found.
HSE222 not found.
HSE222 not found.
HSE222 not found.
HSE222 not found.
HSE245 not found.
HSE245 not found.
HSE283 not found.
HSE283 not found.
HSE283 not found.
HSE283 not found.
HSE283 not found.
HSE283 not found.
HSE283 not found.
HSE283 not found.
HSE303 not found.
HSE303 not found.
HSE303 not found.
HSE303 not found.
HSE303 not found.
HSE303 not found.
HSE303 not found.
HSE96 not found.
HSE96 not found.
HSE96 not found.
HSE96 not found.
HSE96 not found.
HSE96 not found.
HSE96 not found.
HSE96 not found.
HSE96 not found.
HSE96 not found.
HSE283 not found.
HSE283 not found.
HSE222 not found.
HSE222 not found.
HSE96 not found.
HSE96 not found.
HSE245 not found.
HSE245 not found.
HSE283 not found.
HSE283 not found.
HSE162 not found.
HSE162 not found.
HSE222 not found.
HSE222 not found.
HSE162 not found.
HSE162 not found.
HSE162 not found.
Time: 4.7
Compute Simulation EvoBundle Json: /scratch/PI/rondror/akma327/DynamicNetworks/data/DynamicNetworksOutput/InteractionOutputDictionary/B2AR-inactive-carazalol-cell2013b/condition-12/rep_1/050516_NONHB_DEFAULT_HB_3.5_70
HIE172 not found.
HIE172 not found.
HIE172 not found.
HIE172 not found.
HIE172 not found.
HIE172 not found.
GLU187 not found.
GLU187 not found.
HIE178 not found.
HIE178 not found.
HIE296 not found.
HIE296 not found.
GLH122 not found.
HIE269 not found.
HIE269 not found.
GLH122 not found.
GLH122 not found.
HIE172 not found.
HIE178 not found.
HIE178 not found.
HIE178 not found.
HIE296 not found.
HIE296 not found.
HIE269 not found.
HIE269 not found.
HIE172 not found.
HIE172 not found.
HIE172 not found.
HIE172 not found.
HIE172 not found.
HIE172 not found.
HIE172 not found.
HIE178 not found.
HIE178 not found.
HIE178 not found.
HIE178 not found.
HIE178 not found.
HIE178 not found.
HIE178 not found.
HIE178 not found.
HIE178 not found.
HIE178 not found.
HIE269 not found.
HIE269 not found.
HIE269 not found.
HIE269 not found.
HIE269 not found.
HIE269 not found.
HIE269 not found.
HIE269 not found.
HIE296 not found.
HIE296 not found.
HIE296 not found.
HIE296 not found.
HIE296 not found.
HIE296 not found.
HIE296 not found.
HIE296 not found.
HIE296 not found.
HIE93 not found.
HIE93 not found.
HIE93 not found.
HIE269 not found.
HIE269 not found.
HIE93 not found.
HIE93 not found.
GLH122 not found.
GLH122 not found.
GLH122 not found.
GLH122 not found.
GLH122 not found.
GLH122 not found.
GLU187 not found.
GLU187 not found.
HIE296 not found.
HIE296 not found.
HIE269 not found.
HIE269 not found.
HIE172 not found.
HIE172 not found.
HIE172 not found.
HIE172 not found.
HIE296 not found.
HIE296 not found.
Time: 5.01
Compute Simulation EvoBundle Json: /scratch/PI/rondror/akma327/DynamicNetworks/data/DynamicNetworksOutput/InteractionOutputDictionary/MOR-inactive-bFNA-nature2015/condition-bFNA-bound/rep_1/050516_NONHB_DEFAULT_HB_3.5_70
HSE171 not found.
HSE171 not found.
HSE171 not found.
HSE171 not found.
HSE171 not found.
HSE171 not found.
HSE171 not found.
HSE171 not found.
HSE171 not found.
HSE171 not found.
HSE171 not found.
HSE171 not found.
HSE171 not found.
HSE171 not found.
HSE171 not found.
HSE171 not found.
HSE171 not found.
HSE171 not found.
HSE171 not found.
HSE171 not found.
HSE171 not found.
HSE171 not found.
HSE171 not found.
HSE171 not found.
HSE171 not found.
HSE171 not found.
HSE171 not found.
HSE171 not found.
HSE171 not found.
HSE297 not found.
HSE319 not found.
HSE319 not found.
HSE319 not found.
HSE319 not found.
HSE319 not found.
HSE319 not found.
HSE171 not found.
HSE171 not found.
HSE171 not found.
HSE223 not found.
HSE171 not found.
HSE171 not found.
HSE223 not found.
HSE223 not found.
HSE319 not found.
HSE319 not found.
HSE319 not found.
HSE319 not found.
HSE319 not found.
HSE319 not found.
HSE171 not found.
HSE319 not found.
Time: 4.64
Compute Simulation EvoBundle Json: /scratch/PI/rondror/akma327/DynamicNetworks/data/DynamicNetworksOutput/InteractionOutputDictionary/B2AR-active-Gs-BI-science2015/condition-23/rep_1/050516_NONHB_DEFAULT_HB_3.5_70
HIE172 not found.
HIE172 not found.
CYX106 not found.
HIE172 not found.
HIE172 not found.
CYX106 not found.
HIE172 not found.
HIE172 not found.
HIE256 not found.
HIE256 not found.
HIE256 not found.
HIE256 not found.
HIE256 not found.
HIE256 not found.
HIE256 not found.
HIE269 not found.
HIE269 not found.
HIE256 not found.
HIE256 not found.
HIE269 not found.
HIE269 not found.
HIE256 not found.
HIE256 not found.
HIE269 not found.
HIE269 not found.
HIE256 not found.
HIE256 not found.
HIE269 not found.
HIE269 not found.
ASH130 not found.
ASH130 not found.
GLU187 not found.
GLU187 not found.
HIE178 not found.
HIE241 not found.
HIE241 not found.
HIE178 not found.
HIE178 not found.
HIE296 not found.
HIE296 not found.
GLH122 not found.
HIE269 not found.
HIE269 not found.
GLH122 not found.
GLH122 not found.
GLH122 not found.
GLH122 not found.
HIE172 not found.
HIE178 not found.
HIE178 not found.
HIE178 not found.
HIE241 not found.
HIE241 not found.
HIE241 not found.
HIE172 not found.
HIE172 not found.
HIE172 not found.
HIE172 not found.
HIE172 not found.
HIE172 not found.
HIE172 not found.
HIE172 not found.
HIE172 not found.
HIE178 not found.
HIE178 not found.
HIE178 not found.
HIE178 not found.
HIE178 not found.
HIE178 not found.
HIE178 not found.
HIE178 not found.
HIE178 not found.
HIE178 not found.
HIE178 not found.
HIE178 not found.
HIE241 not found.
HIE241 not found.
HIE241 not found.
HIE241 not found.
HIE241 not found.
HIE241 not found.
HIE241 not found.
HIE241 not found.
HIE241 not found.
HIE241 not found.
HIE256 not found.
HIE256 not found.
HIE256 not found.
HIE256 not found.
HIE256 not found.
HIE256 not found.
HIE269 not found.
HIE269 not found.
HIE269 not found.
HIE269 not found.
HIE269 not found.
HIE269 not found.
HIE269 not found.
HIE296 not found.
HIE296 not found.
HIE296 not found.
HIE296 not found.
HIE296 not found.
HIE296 not found.
HIE93 not found.
HIE93 not found.
HIE93 not found.
CYX191 not found.
HIE241 not found.
HIE241 not found.
HIE269 not found.
HIE269 not found.
CYX190 not found.
HIE93 not found.
HIE93 not found.
GLH122 not found.
GLH122 not found.
GLH122 not found.
GLH122 not found.
THR96 not found.
CYX106 not found.
CYX191 not found.
GLH122 not found.
GLH122 not found.
HIE172 not found.
HIE172 not found.
HIE178 not found.
HIE178 not found.
GLU187 not found.
GLU187 not found.
THR98 not found.
HIE296 not found.
HIE296 not found.
HIE256 not found.
HIE256 not found.
ASH130 not found.
ASH130 not found.
THR96 not found.
THR96 not found.
THR98 not found.
THR98 not found.
THR98 not found.
THR96 not found.
ASH130 not found.
ASH130 not found.
HIE172 not found.
HIE172 not found.
HIE172 not found.
HIE296 not found.
Time: 4.39
Compute Simulation EvoBundle Json: /scratch/PI/rondror/akma327/DynamicNetworks/data/DynamicNetworksOutput/InteractionOutputDictionary/MOR-inactive-bFNA-nature2015/condition-bFNA-bound/rep_2/050516_NONHB_DEFAULT_HB_3.5_70
HSE171 not found.
HSE171 not found.
HSE171 not found.
HSE171 not found.
HSE171 not found.
HSE171 not found.
HSE319 not found.
HSE171 not found.
HSE171 not found.
HSE171 not found.
HSE171 not found.
HSE171 not found.
HSE297 not found.
HSE319 not found.
HSE319 not found.
HSE319 not found.
HSE319 not found.
HSE171 not found.
HSE171 not found.
HSE171 not found.
HSE223 not found.
HSE223 not found.
HSE223 not found.
HSE319 not found.
HSE319 not found.
HSE319 not found.
HSE223 not found.
HSE319 not found.
HSE319 not found.
HSE319 not found.
HSE319 not found.
HSE171 not found.
HSE319 not found.
Time: 5.52
Compute Simulation EvoBundle Json: /scratch/PI/rondror/akma327/DynamicNetworks/data/DynamicNetworksOutput/InteractionOutputDictionary/M2R-inactive-QNB-nature2013/condition-AE/rep_1/050516_NONHB_DEFAULT_HB_3.5_70
HSE208 not found.
HSE208 not found.
HSE208 not found.
HSE208 not found.
HSE208 not found.
HSE208 not found.
HSE208 not found.
HSE53 not found.
HSE53 not found.
HSE53 not found.
HSE53 not found.
HSE53 not found.
HSE53 not found.
HSE53 not found.
HSE53 not found.
HSE53 not found.
HSE53 not found.
HSE53 not found.
HSE53 not found.
HSE53 not found.
HSE53 not found.
HSE208 not found.
HSE208 not found.
HSE208 not found.
HSE208 not found.
HSE453 not found.
HSE53 not found.
HSE53 not found.
HSE53 not found.
HSE53 not found.
HSE53 not found.
HSE53 not found.
HSE53 not found.
HSE53 not found.
HSE53 not found.
HSE53 not found.
HSE53 not found.
HSE53 not found.
HSE53 not found.
HSE53 not found.
HSE453 not found.
HSE453 not found.
HSE453 not found.
HSE453 not found.
HSE53 not found.
HSE53 not found.
HSE53 not found.
HSE208 not found.
HSE208 not found.
Time: 5.55
Compute Simulation EvoBundle Json: /scratch/PI/rondror/akma327/DynamicNetworks/data/DynamicNetworksOutput/InteractionOutputDictionary/M2R-inactive-QNB-nature2012/condition-A/rep_1/050516_NONHB_DEFAULT_HB_3.5_70
HSE208 not found.
HSE208 not found.
HSE208 not found.
HSE208 not found.
HSE208 not found.
HSE208 not found.
HSE208 not found.
HSE208 not found.
HSE208 not found.
HSE53 not found.
HSE53 not found.
HSE53 not found.
HSE53 not found.
HSE53 not found.
HSE53 not found.
HSE53 not found.
HSE53 not found.
HSE53 not found.
HSE53 not found.
HSE53 not found.
HSE53 not found.
HSE453 not found.
HSE53 not found.
HSE53 not found.
HSE208 not found.
HSE208 not found.
HSE208 not found.
HSE208 not found.
HSE208 not found.
HSE453 not found.
HSE453 not found.
HSE53 not found.
HSE53 not found.
HSE53 not found.
HSE53 not found.
HSE53 not found.
HSE53 not found.
HSE53 not found.
HSE53 not found.
HSE53 not found.
HSE53 not found.
HSE53 not found.
HSE53 not found.
HSE453 not found.
HSE453 not found.
HSE53 not found.
HSE453 not found.
HSE453 not found.
HSE208 not found.
HSE208 not found.
HSE53 not found.
HSE208 not found.
HSE53 not found.
HSE53 not found.
HSE53 not found.
HSE208 not found.
HSE208 not found.
Time: 8.94
Compute Simulation EvoBundle Json: /scratch/PI/rondror/akma327/DynamicNetworks/data/DynamicNetworksOutput/InteractionOutputDictionary/B2AR-active-Gs-BI-science2015/condition-22/rep_1/050516_NONHB_DEFAULT_HB_3.5_70
ASH130 not found.
ASH130 not found.
HIE172 not found.
HIE172 not found.
CYX106 not found.
CYX191 not found.
HIE172 not found.
HIE172 not found.
CYX106 not found.
HIE172 not found.
HIE172 not found.
HIE256 not found.
HIE256 not found.
HIE256 not found.
HIE256 not found.
HIE256 not found.
HIE256 not found.
HIE241 not found.
HIE256 not found.
HIE256 not found.
HIE269 not found.
HIE269 not found.
HIE241 not found.
HIE256 not found.
HIE256 not found.
HIE269 not found.
HIE269 not found.
HIE241 not found.
HIE256 not found.
HIE256 not found.
HIE269 not found.
HIE269 not found.
HIE241 not found.
HIE256 not found.
HIE256 not found.
HIE241 not found.
HIE241 not found.
HIE256 not found.
HIE256 not found.
HIE269 not found.
HIE241 not found.
HIE241 not found.
HIE256 not found.
HIE256 not found.
HIE256 not found.
HIE256 not found.
HIE256 not found.
HIE256 not found.
HIE269 not found.
HIE269 not found.
HIE256 not found.
HIE256 not found.
HIE269 not found.
ASH130 not found.
ASH130 not found.
CYX184 not found.
GLU187 not found.
GLU187 not found.
HIE178 not found.
HIE178 not found.
HIE241 not found.
HIE241 not found.
HIE256 not found.
HIE256 not found.
HIE178 not found.
HIE178 not found.
HIE296 not found.
HIE296 not found.
GLH122 not found.
GLH122 not found.
HIE256 not found.
HIE256 not found.
HIE269 not found.
HIE269 not found.
GLH122 not found.
GLH122 not found.
GLH122 not found.
GLH122 not found.
GLH122 not found.
HIE172 not found.
HIE178 not found.
HIE178 not found.
HIE178 not found.
HIE178 not found.
HIE296 not found.
HIE296 not found.
HIE241 not found.
HIE241 not found.
HIE256 not found.
HIE256 not found.
HIE241 not found.
HIE241 not found.
HIE256 not found.
HIE256 not found.
HIE241 not found.
HIE241 not found.
HIE256 not found.
HIE256 not found.
HIE256 not found.
HIE256 not found.
HIE269 not found.
HIE269 not found.
HIE172 not found.
HIE172 not found.
HIE172 not found.
HIE172 not found.
HIE172 not found.
HIE172 not found.
HIE172 not found.
HIE172 not found.
HIE172 not found.
HIE172 not found.
HIE178 not found.
HIE178 not found.
HIE178 not found.
HIE178 not found.
HIE178 not found.
HIE178 not found.
HIE178 not found.
HIE178 not found.
HIE178 not found.
HIE178 not found.
HIE178 not found.
HIE178 not found.
HIE241 not found.
HIE241 not found.
HIE241 not found.
HIE241 not found.
HIE241 not found.
HIE241 not found.
HIE241 not found.
HIE241 not found.
HIE241 not found.
HIE241 not found.
HIE241 not found.
HIE241 not found.
HIE241 not found.
HIE241 not found.
HIE241 not found.
HIE241 not found.
HIE241 not found.
HIE241 not found.
HIE241 not found.
HIE256 not found.
HIE241 not found.
HIE256 not found.
HIE241 not found.
HIE241 not found.
HIE241 not found.
HIE241 not found.
HIE256 not found.
HIE256 not found.
HIE256 not found.
HIE256 not found.
HIE256 not found.
HIE256 not found.
HIE256 not found.
HIE256 not found.
HIE256 not found.
HIE256 not found.
HIE256 not found.
HIE256 not found.
HIE256 not found.
HIE256 not found.
HIE256 not found.
HIE256 not found.
HIE256 not found.
HIE256 not found.
HIE256 not found.
HIE256 not found.
HIE256 not found.
HIE256 not found.
HIE256 not found.
HIE256 not found.
HIE256 not found.
HIE256 not found.
HIE256 not found.
HIE256 not found.
HIE256 not found.
HIE256 not found.
HIE256 not found.
HIE256 not found.
HIE256 not found.
HIE256 not found.
HIE241 not found.
HIE256 not found.
HIE241 not found.
HIE256 not found.
HIE269 not found.
HIE256 not found.
HIE269 not found.
HIE256 not found.
HIE256 not found.
HIE256 not found.
HIE256 not found.
HIE256 not found.
HIE269 not found.
HIE269 not found.
HIE269 not found.
HIE269 not found.
HIE269 not found.
HIE269 not found.
HIE269 not found.
HIE269 not found.
HIE269 not found.
HIE269 not found.
HIE269 not found.
HIE269 not found.
HIE269 not found.
HIE269 not found.
HIE269 not found.
HIE269 not found.
HIE256 not found.
HIE269 not found.
HIE256 not found.
HIE269 not found.
HIE269 not found.
HIE269 not found.
HIE296 not found.
HIE296 not found.
HIE296 not found.
HIE296 not found.
HIE296 not found.
HIE296 not found.
HIE296 not found.
HIE296 not found.
HIE296 not found.
HIE296 not found.
HIE93 not found.
HIE93 not found.
HIE93 not found.
CYX191 not found.
HIE93 not found.
HIE93 not found.
HIE93 not found.
HIE93 not found.
HIE241 not found.
HIE241 not found.
HIE256 not found.
HIE256 not found.
HIE241 not found.
HIE241 not found.
HIE256 not found.
HIE256 not found.
HIE269 not found.
HIE269 not found.
HIE269 not found.
CYX190 not found.
HIE296 not found.
HIE93 not found.
HIE93 not found.
CYX190 not found.
GLU187 not found.
GLU187 not found.
HIE93 not found.
HIE93 not found.
THR96 not found.
THR98 not found.
GLH122 not found.
GLH122 not found.
GLH122 not found.
GLH122 not found.
HIE256 not found.
HIE256 not found.
HIE241 not found.
HIE256 not found.
HIE256 not found.
HIE256 not found.
HIE256 not found.
HIE269 not found.
HIE269 not found.
THR96 not found.
THR98 not found.
CYX106 not found.
CYX191 not found.
GLH122 not found.
GLH122 not found.
HIE172 not found.
HIE172 not found.
HIE178 not found.
HIE178 not found.
GLU187 not found.
GLU187 not found.
THR98 not found.
HIE296 not found.
HIE296 not found.
HIE256 not found.
HIE256 not found.
HIE269 not found.
HIE269 not found.
ASH130 not found.
ASH130 not found.
THR96 not found.
THR96 not found.
THR96 not found.
HIE93 not found.
THR96 not found.
THR96 not found.
THR98 not found.
THR98 not found.
THR98 not found.
THR98 not found.
THR98 not found.
THR98 not found.
THR98 not found.
THR96 not found.
ASH130 not found.
ASH130 not found.
HIE172 not found.
CYX106 not found.
HIE172 not found.
HIE296 not found.
HIE296 not found.
Time: 21.15
