Compute Simulation EvoBundle Json: /scratch/PI/rondror/akma327/DynamicNetworks/data/DynamicNetworksOutput/InteractionOutputDictionary/MOR-active-Nb-unpublished/condition-prot-D114-D164-nb-interface-restrained/rep_2/050516_NONHB_DEFAULT_HB_3.5_70
Time: 1.01
Compute Simulation EvoBundle Json: /scratch/PI/rondror/akma327/DynamicNetworks/data/DynamicNetworksOutput/InteractionOutputDictionary/B2AR-active-Gs-BI-science2015/condition-23/rep_1/050516_NONHB_DEFAULT_HB_3.5_70
Time: 1.06
Compute Simulation EvoBundle Json: /scratch/PI/rondror/akma327/DynamicNetworks/data/DynamicNetworksOutput/InteractionOutputDictionary/B2AR-active-Gs-BI-science2015/condition-65/rep_1/050516_NONHB_DEFAULT_HB_3.5_70
Time: 1.02
Compute Simulation EvoBundle Json: /scratch/PI/rondror/akma327/DynamicNetworks/data/DynamicNetworksOutput/InteractionOutputDictionary/MOR-active-noNb-BU72-nature2015/condition-nb-interface-restrained-BU72/rep_2/050516_NONHB_DEFAULT_HB_3.5_70
HSD54 not found.
Time: 1.02
Compute Simulation EvoBundle Json: /scratch/PI/rondror/akma327/DynamicNetworks/data/DynamicNetworksOutput/InteractionOutputDictionary/B2AR-active-Nb-BI-pnas2011b/condition-Q/rep_2/050516_NONHB_DEFAULT_HB_3.5_70
Time: 1.08
Compute Simulation EvoBundle Json: /scratch/PI/rondror/akma327/DynamicNetworks/data/DynamicNetworksOutput/InteractionOutputDictionary/D4R-inactive-nemanopride-unpublished/condition-antagonist-bound/rep_3/050516_NONHB_DEFAULT_HB_3.5_70
Time: 1.1
Compute Simulation EvoBundle Json: /scratch/PI/rondror/akma327/DynamicNetworks/data/DynamicNetworksOutput/InteractionOutputDictionary/US28-active-restrained-unpublished/fractalkine-bound/rep_1/050516_NONHB_DEFAULT_HB_3.5_70
HSE96 not found.
HSE96 not found.
Time: 1.18
Compute Simulation EvoBundle Json: /scratch/PI/rondror/akma327/DynamicNetworks/data/DynamicNetworksOutput/InteractionOutputDictionary/US28-active-restrained-unpublished/fractalkine-bound/rep_3/050516_NONHB_DEFAULT_HB_3.5_70
HSE162 not found.
HSE96 not found.
HSE96 not found.
Time: 1.2
Compute Simulation EvoBundle Json: /scratch/PI/rondror/akma327/DynamicNetworks/data/DynamicNetworksOutput/InteractionOutputDictionary/MOR-active-noNb-BU72-nature2015/condition-nb-interface-restrained-BU72/rep_3/050516_NONHB_DEFAULT_HB_3.5_70
HSD297 not found.
Time: 1.01
Compute Simulation EvoBundle Json: /scratch/PI/rondror/akma327/DynamicNetworks/data/DynamicNetworksOutput/InteractionOutputDictionary/Rhodopsin-active-unrestrained-unpublished/2x72-E113Q-M257Y-constitutively-active/rep_1/050516_NONHB_DEFAULT_HB_3.5_70
Time: 1.01
Compute Simulation EvoBundle Json: /scratch/PI/rondror/akma327/DynamicNetworks/data/DynamicNetworksOutput/InteractionOutputDictionary/M2R-active-restrained-unpublished/condition-prot-asp2x50-3x49/rep_1/050516_NONHB_DEFAULT_HB_3.5_70
Time: 1.01
Compute Simulation EvoBundle Json: /scratch/PI/rondror/akma327/DynamicNetworks/data/DynamicNetworksOutput/InteractionOutputDictionary/MOR-inactive-bFNA-nature2015/condition-bFNA-bound/rep_3/050516_NONHB_DEFAULT_HB_3.5_70
Time: 1.01
Compute Simulation EvoBundle Json: /scratch/PI/rondror/akma327/DynamicNetworks/data/DynamicNetworksOutput/InteractionOutputDictionary/DOR-inactive-naltrindole-unpublished/condition-naltrindole-bound/rep_3/050516_NONHB_DEFAULT_HB_3.5_70
Time: 1.06
Compute Simulation EvoBundle Json: /scratch/PI/rondror/akma327/DynamicNetworks/data/DynamicNetworksOutput/InteractionOutputDictionary/MOR-active-Nb-unpublished/condition-prot-D114-D164-nb-interface-restrained/rep_3/050516_NONHB_DEFAULT_HB_3.5_70
Time: 1.07
Compute Simulation EvoBundle Json: /scratch/PI/rondror/akma327/DynamicNetworks/data/DynamicNetworksOutput/InteractionOutputDictionary/MOR-active-Nb-unpublished/condition-prot-D114-D164-nb-interface-restrained/rep_1/050516_NONHB_DEFAULT_HB_3.5_70
Time: 1.06
Compute Simulation EvoBundle Json: /scratch/PI/rondror/akma327/DynamicNetworks/data/DynamicNetworksOutput/InteractionOutputDictionary/B2AR-active-Nb-BI-pnas2011b/condition-Q/rep_1/050516_NONHB_DEFAULT_HB_3.5_70
Time: 1.07
Compute Simulation EvoBundle Json: /scratch/PI/rondror/akma327/DynamicNetworks/data/DynamicNetworksOutput/InteractionOutputDictionary/MOR-active-noNb-BU72-nature2015/condition-nb-interface-restrained-BU72/rep_1/050516_NONHB_DEFAULT_HB_3.5_70
Time: 1.06
Compute Simulation EvoBundle Json: /scratch/PI/rondror/akma327/DynamicNetworks/data/DynamicNetworksOutput/InteractionOutputDictionary/M2R-active-restrained-unpublished/condition-prot-asp2x50-3x49/rep_2/050516_NONHB_DEFAULT_HB_3.5_70
Time: 1.01
Compute Simulation EvoBundle Json: /scratch/PI/rondror/akma327/DynamicNetworks/data/DynamicNetworksOutput/InteractionOutputDictionary/US28-active-restrained-unpublished/fractalkine-bound/rep_2/050516_NONHB_DEFAULT_HB_3.5_70
HSE162 not found.
HSE162 not found.
HSE96 not found.
HSE96 not found.
HSE96 not found.
Time: 1.22
Compute Simulation EvoBundle Json: /scratch/PI/rondror/akma327/DynamicNetworks/data/DynamicNetworksOutput/InteractionOutputDictionary/MOR-inactive-bFNA-nature2015/condition-bFNA-bound/rep_2/050516_NONHB_DEFAULT_HB_3.5_70
Time: 1.0
Compute Simulation EvoBundle Json: /scratch/PI/rondror/akma327/DynamicNetworks/data/DynamicNetworksOutput/InteractionOutputDictionary/DOR-inactive-naltrindole-unpublished/condition-naltrindole-bound/rep_2/050516_NONHB_DEFAULT_HB_3.5_70
Time: 1.02
Compute Simulation EvoBundle Json: /scratch/PI/rondror/akma327/DynamicNetworks/data/DynamicNetworksOutput/InteractionOutputDictionary/Rhodopsin-active-unrestrained-unpublished/2x72-E113Q-M257Y-constitutively-active/rep_3/050516_NONHB_DEFAULT_HB_3.5_70
SER298 not found.
Time: 1.03
Compute Simulation EvoBundle Json: /scratch/PI/rondror/akma327/DynamicNetworks/data/DynamicNetworksOutput/InteractionOutputDictionary/Rhodopsin-active-unrestrained-unpublished/2x72-E113Q-M257Y-constitutively-active/rep_2/050516_NONHB_DEFAULT_HB_3.5_70
Time: 1.04
Compute Simulation EvoBundle Json: /scratch/PI/rondror/akma327/DynamicNetworks/data/DynamicNetworksOutput/InteractionOutputDictionary/MOR-inactive-bFNA-nature2015/condition-bFNA-bound/rep_1/050516_NONHB_DEFAULT_HB_3.5_70
Time: 1.03
Compute Simulation EvoBundle Json: /scratch/PI/rondror/akma327/DynamicNetworks/data/DynamicNetworksOutput/InteractionOutputDictionary/DOR-inactive-naltrindole-unpublished/condition-naltrindole-bound/rep_1/050516_NONHB_DEFAULT_HB_3.5_70
Time: 1.04
Compute Simulation EvoBundle Json: /scratch/PI/rondror/akma327/DynamicNetworks/data/DynamicNetworksOutput/InteractionOutputDictionary/D4R-inactive-nemanopride-unpublished/condition-antagonist-bound/rep_2/050516_NONHB_DEFAULT_HB_3.5_70
Time: 1.02
Compute Simulation EvoBundle Json: /scratch/PI/rondror/akma327/DynamicNetworks/data/DynamicNetworksOutput/InteractionOutputDictionary/B2AR-active-Gs-BI-science2015/condition-22/rep_1/050516_NONHB_DEFAULT_HB_3.5_70
Time: 1.21
Compute Simulation EvoBundle Json: /scratch/PI/rondror/akma327/DynamicNetworks/data/DynamicNetworksOutput/InteractionOutputDictionary/M2R-active-unrestrained-unpublished/condition-prot-asp2x50-3x49/rep_3/050516_NONHB_DEFAULT_HB_3.5_70
Time: 1.03
Compute Simulation EvoBundle Json: /scratch/PI/rondror/akma327/DynamicNetworks/data/DynamicNetworksOutput/InteractionOutputDictionary/M2R-active-unrestrained-unpublished/condition-prot-asp2x50-3x49/rep_2/050516_NONHB_DEFAULT_HB_3.5_70
Time: 1.05
Compute Simulation EvoBundle Json: /scratch/PI/rondror/akma327/DynamicNetworks/data/DynamicNetworksOutput/InteractionOutputDictionary/M2R-inactive-QNB-nature2013/condition-AE/rep_1/050516_NONHB_DEFAULT_HB_3.5_70
Time: 1.08
Compute Simulation EvoBundle Json: /scratch/PI/rondror/akma327/DynamicNetworks/data/DynamicNetworksOutput/InteractionOutputDictionary/B2AR-inactive-carazalol-cell2013b/condition-12/rep_1/050516_NONHB_DEFAULT_HB_3.5_70
Time: 1.1
Compute Simulation EvoBundle Json: /scratch/PI/rondror/akma327/DynamicNetworks/data/DynamicNetworksOutput/InteractionOutputDictionary/M2R-active-unrestrained-unpublished/condition-prot-asp2x50-3x49/rep_1/050516_NONHB_DEFAULT_HB_3.5_70
Time: 1.06
Compute Simulation EvoBundle Json: /scratch/PI/rondror/akma327/DynamicNetworks/data/DynamicNetworksOutput/InteractionOutputDictionary/M2R-inactive-QNB-nature2012/condition-A/rep_1/050516_NONHB_DEFAULT_HB_3.5_70
Time: 1.15
Compute Simulation EvoBundle Json: /scratch/PI/rondror/akma327/DynamicNetworks/data/DynamicNetworksOutput/InteractionOutputDictionary/B2AR-active-Gs-BI-science2015/condition-24/rep_1/050516_NONHB_DEFAULT_HB_3.5_70
Time: 1.09
Compute Simulation EvoBundle Json: /scratch/PI/rondror/akma327/DynamicNetworks/data/DynamicNetworksOutput/InteractionOutputDictionary/US28-active-unrestrained-unpublished/fractalkine-bound/rep_3/050516_NONHB_DEFAULT_HB_3.5_70
HSE96 not found.
HSE162 not found.
HSE96 not found.
HSE96 not found.
Time: 1.35
Compute Simulation EvoBundle Json: /scratch/PI/rondror/akma327/DynamicNetworks/data/DynamicNetworksOutput/InteractionOutputDictionary/US28-active-unrestrained-unpublished/fractalkine-bound/rep_1/050516_NONHB_DEFAULT_HB_3.5_70
HSE162 not found.
HSE96 not found.
HSE96 not found.
Time: 1.43
Compute Simulation EvoBundle Json: /scratch/PI/rondror/akma327/DynamicNetworks/data/DynamicNetworksOutput/InteractionOutputDictionary/US28-active-unrestrained-unpublished/fractalkine-bound/rep_2/050516_NONHB_DEFAULT_HB_3.5_70
HSE96 not found.
HSE96 not found.
HSE96 not found.
HSE96 not found.
HSE96 not found.
Time: 1.51
